<?xml version="1.0" encoding="UTF-8"?>
<coverage generated="1774618802468" clover="3.2.0">
  <project timestamp="1774618802468" name="All files">
    <metrics statements="2166" coveredstatements="2115" conditionals="461" coveredconditionals="408" methods="58" coveredmethods="54" elements="2685" coveredelements="2577" complexity="0" loc="2166" ncloc="2166" packages="2" files="11" classes="11"/>
    <package name="components">
      <metrics statements="1486" coveredstatements="1441" conditionals="244" coveredconditionals="205" methods="35" coveredmethods="31"/>
      <file name="ChartErrorBoundary.tsx" path="/Users/darshanaswathappa/Desktop/goonedin/analytics/src/components/ChartErrorBoundary.tsx">
        <metrics statements="69" coveredstatements="69" conditionals="6" coveredconditionals="5" methods="3" coveredmethods="3"/>
        <line num="1" count="1" type="stmt"/>
        <line num="2" count="1" type="stmt"/>
        <line num="3" count="1" type="stmt"/>
        <line num="4" count="1" type="stmt"/>
        <line num="5" count="1" type="stmt"/>
        <line num="6" count="1" type="stmt"/>
        <line num="7" count="1" type="stmt"/>
        <line num="8" count="1" type="stmt"/>
        <line num="9" count="1" type="stmt"/>
        <line num="10" count="1" type="stmt"/>
        <line num="11" count="1" type="stmt"/>
        <line num="12" count="1" type="stmt"/>
        <line num="13" count="1" type="stmt"/>
        <line num="14" count="1" type="stmt"/>
        <line num="15" count="1" type="stmt"/>
        <line num="16" count="1" type="cond" truecount="1" falsecount="0"/>
        <line num="17" count="18" type="stmt"/>
        <line num="18" count="18" type="stmt"/>
        <line num="19" count="18" type="stmt"/>
        <line num="20" count="1" type="stmt"/>
        <line num="21" count="1" type="cond" truecount="1" falsecount="0"/>
        <line num="22" count="14" type="stmt"/>
        <line num="23" count="14" type="stmt"/>
        <line num="24" count="1" type="stmt"/>
        <line num="25" count="1" type="cond" truecount="1" falsecount="0"/>
        <line num="26" count="30" type="cond" truecount="1" falsecount="0"/>
        <line num="27" count="14" type="stmt"/>
        <line num="28" count="14" type="stmt"/>
        <line num="29" count="14" type="stmt"/>
        <line num="30" count="14" type="stmt"/>
        <line num="31" count="14" type="stmt"/>
        <line num="32" count="14" type="stmt"/>
        <line num="33" count="14" type="stmt"/>
        <line num="34" count="14" type="stmt"/>
        <line num="35" count="14" type="stmt"/>
        <line num="36" count="14" type="stmt"/>
        <line num="37" count="14" type="stmt"/>
        <line num="38" count="14" type="stmt"/>
        <line num="39" count="14" type="stmt"/>
        <line num="40" count="14" type="stmt"/>
        <line num="41" count="14" type="stmt"/>
        <line num="42" count="14" type="stmt"/>
        <line num="43" count="14" type="stmt"/>
        <line num="44" count="14" type="stmt"/>
        <line num="45" count="14" type="stmt"/>
        <line num="46" count="14" type="stmt"/>
        <line num="47" count="14" type="stmt"/>
        <line num="48" count="14" type="stmt"/>
        <line num="49" count="14" type="stmt"/>
        <line num="50" count="14" type="stmt"/>
        <line num="51" count="14" type="stmt"/>
        <line num="52" count="14" type="stmt"/>
        <line num="53" count="14" type="stmt"/>
        <line num="54" count="14" type="stmt"/>
        <line num="55" count="14" type="stmt"/>
        <line num="56" count="14" type="stmt"/>
        <line num="57" count="14" type="stmt"/>
        <line num="58" count="14" type="stmt"/>
        <line num="59" count="14" type="stmt"/>
        <line num="60" count="14" type="cond" truecount="0" falsecount="1"/>
        <line num="61" count="14" type="stmt"/>
        <line num="62" count="14" type="stmt"/>
        <line num="63" count="14" type="stmt"/>
        <line num="64" count="14" type="stmt"/>
        <line num="65" count="14" type="cond" truecount="1" falsecount="0"/>
        <line num="66" count="16" type="stmt"/>
        <line num="67" count="16" type="stmt"/>
        <line num="68" count="16" type="stmt"/>
        <line num="69" count="1" type="stmt"/>
      </file>
      <file name="CommandPalette.tsx" path="/Users/darshanaswathappa/Desktop/goonedin/analytics/src/components/CommandPalette.tsx">
        <metrics statements="448" coveredstatements="408" conditionals="40" coveredconditionals="35" methods="17" coveredmethods="13"/>
        <line num="1" count="1" type="stmt"/>
        <line num="2" count="1" type="stmt"/>
        <line num="3" count="1" type="stmt"/>
        <line num="4" count="1" type="stmt"/>
        <line num="5" count="1" type="stmt"/>
        <line num="6" count="1" type="stmt"/>
        <line num="7" count="1" type="stmt"/>
        <line num="8" count="1" type="stmt"/>
        <line num="9" count="1" type="stmt"/>
        <line num="10" count="1" type="stmt"/>
        <line num="11" count="1" type="stmt"/>
        <line num="12" count="1" type="cond" truecount="1" falsecount="0"/>
        <line num="13" count="6" type="stmt"/>
        <line num="14" count="6" type="stmt"/>
        <line num="15" count="1" type="stmt"/>
        <line num="16" count="1" type="stmt"/>
        <line num="17" count="0" type="stmt"/>
        <line num="18" count="0" type="stmt"/>
        <line num="19" count="1" type="stmt"/>
        <line num="20" count="1" type="cond" truecount="1" falsecount="0"/>
        <line num="21" count="6" type="stmt"/>
        <line num="22" count="6" type="stmt"/>
        <line num="23" count="1" type="stmt"/>
        <line num="24" count="1" type="stmt"/>
        <line num="25" count="24" type="cond" truecount="1" falsecount="0"/>
        <line num="26" count="24" type="stmt"/>
        <line num="27" count="24" type="stmt"/>
        <line num="28" count="24" type="stmt"/>
        <line num="29" count="24" type="stmt"/>
        <line num="30" count="24" type="stmt"/>
        <line num="31" count="24" type="stmt"/>
        <line num="32" count="24" type="stmt"/>
        <line num="33" count="24" type="stmt"/>
        <line num="34" count="24" type="stmt"/>
        <line num="35" count="24" type="stmt"/>
        <line num="36" count="24" type="stmt"/>
        <line num="37" count="24" type="stmt"/>
        <line num="38" count="24" type="stmt"/>
        <line num="39" count="24" type="stmt"/>
        <line num="40" count="24" type="stmt"/>
        <line num="41" count="24" type="stmt"/>
        <line num="42" count="24" type="stmt"/>
        <line num="43" count="24" type="cond" truecount="1" falsecount="0"/>
        <line num="44" count="1" type="stmt"/>
        <line num="45" count="1" type="stmt"/>
        <line num="46" count="1" type="stmt"/>
        <line num="47" count="1" type="stmt"/>
        <line num="48" count="24" type="stmt"/>
        <line num="49" count="24" type="stmt"/>
        <line num="50" count="24" type="stmt"/>
        <line num="51" count="24" type="stmt"/>
        <line num="52" count="24" type="stmt"/>
        <line num="53" count="24" type="stmt"/>
        <line num="54" count="24" type="cond" truecount="1" falsecount="0"/>
        <line num="55" count="2" type="stmt"/>
        <line num="56" count="2" type="stmt"/>
        <line num="57" count="2" type="stmt"/>
        <line num="58" count="24" type="stmt"/>
        <line num="59" count="24" type="stmt"/>
        <line num="60" count="24" type="stmt"/>
        <line num="61" count="24" type="stmt"/>
        <line num="62" count="24" type="stmt"/>
        <line num="63" count="24" type="stmt"/>
        <line num="64" count="24" type="cond" truecount="1" falsecount="0"/>
        <line num="65" count="1" type="stmt"/>
        <line num="66" count="1" type="stmt"/>
        <line num="67" count="1" type="stmt"/>
        <line num="68" count="24" type="stmt"/>
        <line num="69" count="24" type="stmt"/>
        <line num="70" count="24" type="stmt"/>
        <line num="71" count="24" type="stmt"/>
        <line num="72" count="24" type="stmt"/>
        <line num="73" count="24" type="stmt"/>
        <line num="74" count="24" type="cond" truecount="1" falsecount="0"/>
        <line num="75" count="1" type="stmt"/>
        <line num="76" count="1" type="stmt"/>
        <line num="77" count="1" type="stmt"/>
        <line num="78" count="24" type="stmt"/>
        <line num="79" count="24" type="stmt"/>
        <line num="80" count="24" type="stmt"/>
        <line num="81" count="24" type="stmt"/>
        <line num="82" count="24" type="stmt"/>
        <line num="83" count="24" type="stmt"/>
        <line num="84" count="24" type="cond" truecount="1" falsecount="0"/>
        <line num="85" count="1" type="stmt"/>
        <line num="86" count="1" type="stmt"/>
        <line num="87" count="1" type="stmt"/>
        <line num="88" count="24" type="stmt"/>
        <line num="89" count="24" type="stmt"/>
        <line num="90" count="24" type="stmt"/>
        <line num="91" count="1" type="stmt"/>
        <line num="92" count="1" type="stmt"/>
        <line num="93" count="12" type="cond" truecount="1" falsecount="0"/>
        <line num="94" count="12" type="stmt"/>
        <line num="95" count="12" type="stmt"/>
        <line num="96" count="12" type="stmt"/>
        <line num="97" count="12" type="stmt"/>
        <line num="98" count="12" type="stmt"/>
        <line num="99" count="12" type="stmt"/>
        <line num="100" count="12" type="stmt"/>
        <line num="101" count="12" type="stmt"/>
        <line num="102" count="12" type="stmt"/>
        <line num="103" count="12" type="stmt"/>
        <line num="104" count="12" type="stmt"/>
        <line num="105" count="12" type="stmt"/>
        <line num="106" count="12" type="stmt"/>
        <line num="107" count="12" type="stmt"/>
        <line num="108" count="12" type="stmt"/>
        <line num="109" count="12" type="stmt"/>
        <line num="110" count="12" type="stmt"/>
        <line num="111" count="1" type="stmt"/>
        <line num="112" count="1" type="stmt"/>
        <line num="113" count="36" type="cond" truecount="1" falsecount="0"/>
        <line num="114" count="36" type="stmt"/>
        <line num="115" count="36" type="stmt"/>
        <line num="116" count="36" type="stmt"/>
        <line num="117" count="36" type="stmt"/>
        <line num="118" count="36" type="stmt"/>
        <line num="119" count="36" type="stmt"/>
        <line num="120" count="36" type="stmt"/>
        <line num="121" count="36" type="stmt"/>
        <line num="122" count="36" type="stmt"/>
        <line num="123" count="36" type="stmt"/>
        <line num="124" count="36" type="stmt"/>
        <line num="125" count="36" type="stmt"/>
        <line num="126" count="36" type="stmt"/>
        <line num="127" count="36" type="cond" truecount="1" falsecount="0"/>
        <line num="128" count="6" type="stmt"/>
        <line num="129" count="6" type="stmt"/>
        <line num="130" count="6" type="stmt"/>
        <line num="131" count="36" type="stmt"/>
        <line num="132" count="36" type="stmt"/>
        <line num="133" count="36" type="stmt"/>
        <line num="134" count="36" type="stmt"/>
        <line num="135" count="36" type="stmt"/>
        <line num="136" count="36" type="stmt"/>
        <line num="137" count="36" type="cond" truecount="2" falsecount="0"/>
        <line num="138" count="36" type="cond" truecount="2" falsecount="0"/>
        <line num="139" count="36" type="stmt"/>
        <line num="140" count="36" type="stmt"/>
        <line num="141" count="36" type="stmt"/>
        <line num="142" count="36" type="stmt"/>
        <line num="143" count="36" type="stmt"/>
        <line num="144" count="36" type="stmt"/>
        <line num="145" count="36" type="stmt"/>
        <line num="146" count="36" type="stmt"/>
        <line num="147" count="36" type="cond" truecount="2" falsecount="0"/>
        <line num="148" count="36" type="cond" truecount="2" falsecount="0"/>
        <line num="149" count="36" type="stmt"/>
        <line num="150" count="36" type="stmt"/>
        <line num="151" count="36" type="stmt"/>
        <line num="152" count="36" type="stmt"/>
        <line num="153" count="36" type="stmt"/>
        <line num="154" count="36" type="stmt"/>
        <line num="155" count="36" type="stmt"/>
        <line num="156" count="36" type="stmt"/>
        <line num="157" count="36" type="stmt"/>
        <line num="158" count="36" type="stmt"/>
        <line num="159" count="36" type="stmt"/>
        <line num="160" count="36" type="stmt"/>
        <line num="161" count="36" type="stmt"/>
        <line num="162" count="36" type="stmt"/>
        <line num="163" count="36" type="stmt"/>
        <line num="164" count="36" type="stmt"/>
        <line num="165" count="36" type="stmt"/>
        <line num="166" count="36" type="stmt"/>
        <line num="167" count="36" type="stmt"/>
        <line num="168" count="36" type="stmt"/>
        <line num="169" count="36" type="stmt"/>
        <line num="170" count="36" type="stmt"/>
        <line num="171" count="36" type="stmt"/>
        <line num="172" count="36" type="stmt"/>
        <line num="173" count="36" type="stmt"/>
        <line num="174" count="36" type="stmt"/>
        <line num="175" count="36" type="stmt"/>
        <line num="176" count="36" type="stmt"/>
        <line num="177" count="36" type="stmt"/>
        <line num="178" count="36" type="stmt"/>
        <line num="179" count="36" type="stmt"/>
        <line num="180" count="36" type="stmt"/>
        <line num="181" count="36" type="stmt"/>
        <line num="182" count="36" type="stmt"/>
        <line num="183" count="36" type="stmt"/>
        <line num="184" count="36" type="stmt"/>
        <line num="185" count="1" type="stmt"/>
        <line num="186" count="1" type="stmt"/>
        <line num="187" count="1" type="cond" truecount="1" falsecount="0"/>
        <line num="188" count="24" type="stmt"/>
        <line num="189" count="24" type="stmt"/>
        <line num="190" count="24" type="stmt"/>
        <line num="191" count="24" type="stmt"/>
        <line num="192" count="24" type="stmt"/>
        <line num="193" count="24" type="stmt"/>
        <line num="194" count="24" type="cond" truecount="1" falsecount="0"/>
        <line num="195" count="6" type="stmt"/>
        <line num="196" count="6" type="stmt"/>
        <line num="197" count="24" type="stmt"/>
        <line num="198" count="24" type="stmt"/>
        <line num="199" count="24" type="stmt"/>
        <line num="200" count="0" type="stmt"/>
        <line num="201" count="0" type="stmt"/>
        <line num="202" count="0" type="stmt"/>
        <line num="203" count="24" type="stmt"/>
        <line num="204" count="24" type="stmt"/>
        <line num="205" count="24" type="stmt"/>
        <line num="206" count="24" type="stmt"/>
        <line num="207" count="24" type="stmt"/>
        <line num="208" count="24" type="cond" truecount="0" falsecount="1"/>
        <line num="209" count="0" type="stmt"/>
        <line num="210" count="0" type="stmt"/>
        <line num="211" count="0" type="stmt"/>
        <line num="212" count="0" type="stmt"/>
        <line num="213" count="24" type="stmt"/>
        <line num="214" count="24" type="stmt"/>
        <line num="215" count="24" type="stmt"/>
        <line num="216" count="24" type="stmt"/>
        <line num="217" count="24" type="stmt"/>
        <line num="218" count="24" type="stmt"/>
        <line num="219" count="24" type="cond" truecount="1" falsecount="0"/>
        <line num="220" count="48" type="cond" truecount="1" falsecount="0"/>
        <line num="221" count="48" type="stmt"/>
        <line num="222" count="48" type="stmt"/>
        <line num="223" count="24" type="stmt"/>
        <line num="224" count="24" type="stmt"/>
        <line num="225" count="24" type="cond" truecount="1" falsecount="0"/>
        <line num="226" count="24" type="stmt"/>
        <line num="227" count="24" type="stmt"/>
        <line num="228" count="24" type="cond" truecount="1" falsecount="0"/>
        <line num="229" count="6" type="stmt"/>
        <line num="230" count="24" type="stmt"/>
        <line num="231" count="24" type="stmt"/>
        <line num="232" count="24" type="stmt"/>
        <line num="233" count="24" type="cond" truecount="1" falsecount="0"/>
        <line num="234" count="6" type="stmt"/>
        <line num="235" count="6" type="cond" truecount="0" falsecount="1"/>
        <line num="236" count="6" type="stmt"/>
        <line num="237" count="6" type="cond" truecount="0" falsecount="1"/>
        <line num="238" count="24" type="stmt"/>
        <line num="239" count="24" type="stmt"/>
        <line num="240" count="24" type="stmt"/>
        <line num="241" count="24" type="cond" truecount="1" falsecount="0"/>
        <line num="242" count="6" type="cond" truecount="1" falsecount="0"/>
        <line num="243" count="6" type="stmt"/>
        <line num="244" count="6" type="cond" truecount="1" falsecount="0"/>
        <line num="245" count="24" type="stmt"/>
        <line num="246" count="24" type="stmt"/>
        <line num="247" count="24" type="stmt"/>
        <line num="248" count="24" type="cond" truecount="1" falsecount="0"/>
        <line num="249" count="18" type="cond" truecount="1" falsecount="0"/>
        <line num="250" count="6" type="stmt"/>
        <line num="251" count="6" type="cond" truecount="1" falsecount="0"/>
        <line num="252" count="18" type="cond" truecount="1" falsecount="0"/>
        <line num="253" count="12" type="stmt"/>
        <line num="254" count="12" type="stmt"/>
        <line num="255" count="12" type="stmt"/>
        <line num="256" count="24" type="stmt"/>
        <line num="257" count="24" type="stmt"/>
        <line num="258" count="24" type="stmt"/>
        <line num="259" count="0" type="stmt"/>
        <line num="260" count="0" type="stmt"/>
        <line num="261" count="0" type="stmt"/>
        <line num="262" count="0" type="stmt"/>
        <line num="263" count="0" type="stmt"/>
        <line num="264" count="0" type="stmt"/>
        <line num="265" count="0" type="stmt"/>
        <line num="266" count="0" type="stmt"/>
        <line num="267" count="0" type="stmt"/>
        <line num="268" count="0" type="stmt"/>
        <line num="269" count="0" type="stmt"/>
        <line num="270" count="0" type="stmt"/>
        <line num="271" count="0" type="stmt"/>
        <line num="272" count="0" type="stmt"/>
        <line num="273" count="0" type="stmt"/>
        <line num="274" count="0" type="stmt"/>
        <line num="275" count="24" type="stmt"/>
        <line num="276" count="24" type="stmt"/>
        <line num="277" count="24" type="stmt"/>
        <line num="278" count="24" type="stmt"/>
        <line num="279" count="24" type="stmt"/>
        <line num="280" count="24" type="stmt"/>
        <line num="281" count="24" type="stmt"/>
        <line num="282" count="24" type="stmt"/>
        <line num="283" count="24" type="stmt"/>
        <line num="284" count="24" type="stmt"/>
        <line num="285" count="24" type="stmt"/>
        <line num="286" count="24" type="stmt"/>
        <line num="287" count="24" type="stmt"/>
        <line num="288" count="24" type="stmt"/>
        <line num="289" count="24" type="stmt"/>
        <line num="290" count="24" type="stmt"/>
        <line num="291" count="24" type="stmt"/>
        <line num="292" count="24" type="stmt"/>
        <line num="293" count="24" type="stmt"/>
        <line num="294" count="24" type="stmt"/>
        <line num="295" count="24" type="stmt"/>
        <line num="296" count="24" type="stmt"/>
        <line num="297" count="24" type="stmt"/>
        <line num="298" count="24" type="stmt"/>
        <line num="299" count="24" type="stmt"/>
        <line num="300" count="24" type="stmt"/>
        <line num="301" count="24" type="stmt"/>
        <line num="302" count="24" type="stmt"/>
        <line num="303" count="24" type="stmt"/>
        <line num="304" count="24" type="stmt"/>
        <line num="305" count="24" type="stmt"/>
        <line num="306" count="24" type="stmt"/>
        <line num="307" count="24" type="stmt"/>
        <line num="308" count="24" type="stmt"/>
        <line num="309" count="24" type="stmt"/>
        <line num="310" count="24" type="stmt"/>
        <line num="311" count="24" type="stmt"/>
        <line num="312" count="24" type="stmt"/>
        <line num="313" count="24" type="stmt"/>
        <line num="314" count="24" type="stmt"/>
        <line num="315" count="24" type="stmt"/>
        <line num="316" count="24" type="stmt"/>
        <line num="317" count="24" type="stmt"/>
        <line num="318" count="24" type="stmt"/>
        <line num="319" count="24" type="stmt"/>
        <line num="320" count="24" type="stmt"/>
        <line num="321" count="24" type="stmt"/>
        <line num="322" count="24" type="stmt"/>
        <line num="323" count="24" type="stmt"/>
        <line num="324" count="24" type="stmt"/>
        <line num="325" count="24" type="stmt"/>
        <line num="326" count="24" type="stmt"/>
        <line num="327" count="24" type="stmt"/>
        <line num="328" count="24" type="stmt"/>
        <line num="329" count="24" type="stmt"/>
        <line num="330" count="24" type="stmt"/>
        <line num="331" count="24" type="stmt"/>
        <line num="332" count="24" type="stmt"/>
        <line num="333" count="24" type="stmt"/>
        <line num="334" count="24" type="stmt"/>
        <line num="335" count="24" type="stmt"/>
        <line num="336" count="24" type="stmt"/>
        <line num="337" count="24" type="stmt"/>
        <line num="338" count="24" type="stmt"/>
        <line num="339" count="24" type="stmt"/>
        <line num="340" count="24" type="stmt"/>
        <line num="341" count="24" type="stmt"/>
        <line num="342" count="24" type="stmt"/>
        <line num="343" count="24" type="stmt"/>
        <line num="344" count="24" type="stmt"/>
        <line num="345" count="24" type="stmt"/>
        <line num="346" count="0" type="cond" truecount="0" falsecount="1"/>
        <line num="347" count="24" type="stmt"/>
        <line num="348" count="24" type="stmt"/>
        <line num="349" count="24" type="stmt"/>
        <line num="350" count="24" type="stmt"/>
        <line num="351" count="24" type="stmt"/>
        <line num="352" count="24" type="stmt"/>
        <line num="353" count="24" type="stmt"/>
        <line num="354" count="24" type="stmt"/>
        <line num="355" count="24" type="stmt"/>
        <line num="356" count="24" type="stmt"/>
        <line num="357" count="24" type="stmt"/>
        <line num="358" count="24" type="stmt"/>
        <line num="359" count="24" type="stmt"/>
        <line num="360" count="24" type="stmt"/>
        <line num="361" count="24" type="stmt"/>
        <line num="362" count="24" type="stmt"/>
        <line num="363" count="24" type="stmt"/>
        <line num="364" count="24" type="stmt"/>
        <line num="365" count="24" type="stmt"/>
        <line num="366" count="24" type="stmt"/>
        <line num="367" count="24" type="stmt"/>
        <line num="368" count="24" type="stmt"/>
        <line num="369" count="24" type="stmt"/>
        <line num="370" count="24" type="stmt"/>
        <line num="371" count="24" type="stmt"/>
        <line num="372" count="24" type="stmt"/>
        <line num="373" count="24" type="stmt"/>
        <line num="374" count="24" type="stmt"/>
        <line num="375" count="24" type="stmt"/>
        <line num="376" count="24" type="stmt"/>
        <line num="377" count="24" type="stmt"/>
        <line num="378" count="24" type="stmt"/>
        <line num="379" count="24" type="stmt"/>
        <line num="380" count="24" type="stmt"/>
        <line num="381" count="24" type="stmt"/>
        <line num="382" count="24" type="stmt"/>
        <line num="383" count="24" type="stmt"/>
        <line num="384" count="24" type="stmt"/>
        <line num="385" count="24" type="stmt"/>
        <line num="386" count="24" type="stmt"/>
        <line num="387" count="24" type="cond" truecount="0" falsecount="1"/>
        <line num="388" count="0" type="stmt"/>
        <line num="389" count="0" type="stmt"/>
        <line num="390" count="0" type="stmt"/>
        <line num="391" count="0" type="stmt"/>
        <line num="392" count="0" type="stmt"/>
        <line num="393" count="0" type="stmt"/>
        <line num="394" count="0" type="stmt"/>
        <line num="395" count="0" type="stmt"/>
        <line num="396" count="0" type="stmt"/>
        <line num="397" count="0" type="stmt"/>
        <line num="398" count="0" type="stmt"/>
        <line num="399" count="0" type="stmt"/>
        <line num="400" count="0" type="stmt"/>
        <line num="401" count="0" type="stmt"/>
        <line num="402" count="24" type="cond" truecount="1" falsecount="0"/>
        <line num="403" count="48" type="stmt"/>
        <line num="404" count="48" type="stmt"/>
        <line num="405" count="48" type="stmt"/>
        <line num="406" count="48" type="stmt"/>
        <line num="407" count="48" type="cond" truecount="1" falsecount="0"/>
        <line num="408" count="144" type="stmt"/>
        <line num="409" count="144" type="stmt"/>
        <line num="410" count="144" type="stmt"/>
        <line num="411" count="144" type="stmt"/>
        <line num="412" count="144" type="stmt"/>
        <line num="413" count="144" type="stmt"/>
        <line num="414" count="144" type="stmt"/>
        <line num="415" count="144" type="stmt"/>
        <line num="416" count="144" type="stmt"/>
        <line num="417" count="144" type="stmt"/>
        <line num="418" count="48" type="stmt"/>
        <line num="419" count="48" type="stmt"/>
        <line num="420" count="48" type="stmt"/>
        <line num="421" count="24" type="stmt"/>
        <line num="422" count="24" type="stmt"/>
        <line num="423" count="24" type="stmt"/>
        <line num="424" count="24" type="stmt"/>
        <line num="425" count="24" type="stmt"/>
        <line num="426" count="24" type="stmt"/>
        <line num="427" count="24" type="stmt"/>
        <line num="428" count="24" type="stmt"/>
        <line num="429" count="24" type="stmt"/>
        <line num="430" count="24" type="stmt"/>
        <line num="431" count="24" type="stmt"/>
        <line num="432" count="24" type="stmt"/>
        <line num="433" count="24" type="stmt"/>
        <line num="434" count="24" type="stmt"/>
        <line num="435" count="24" type="stmt"/>
        <line num="436" count="24" type="stmt"/>
        <line num="437" count="24" type="stmt"/>
        <line num="438" count="24" type="stmt"/>
        <line num="439" count="24" type="stmt"/>
        <line num="440" count="24" type="stmt"/>
        <line num="441" count="24" type="stmt"/>
        <line num="442" count="24" type="stmt"/>
        <line num="443" count="24" type="stmt"/>
        <line num="444" count="24" type="stmt"/>
        <line num="445" count="24" type="stmt"/>
        <line num="446" count="24" type="stmt"/>
        <line num="447" count="24" type="stmt"/>
        <line num="448" count="24" type="stmt"/>
      </file>
      <file name="DashboardTabs.tsx" path="/Users/darshanaswathappa/Desktop/goonedin/analytics/src/components/DashboardTabs.tsx">
        <metrics statements="581" coveredstatements="581" conditionals="155" coveredconditionals="126" methods="4" coveredmethods="4"/>
        <line num="1" count="1" type="stmt"/>
        <line num="2" count="1" type="stmt"/>
        <line num="3" count="1" type="stmt"/>
        <line num="4" count="1" type="stmt"/>
        <line num="5" count="1" type="stmt"/>
        <line num="6" count="1" type="stmt"/>
        <line num="7" count="1" type="stmt"/>
        <line num="8" count="1" type="stmt"/>
        <line num="9" count="1" type="stmt"/>
        <line num="10" count="1" type="stmt"/>
        <line num="11" count="1" type="stmt"/>
        <line num="12" count="1" type="stmt"/>
        <line num="13" count="1" type="stmt"/>
        <line num="14" count="1" type="stmt"/>
        <line num="15" count="1" type="stmt"/>
        <line num="16" count="1" type="stmt"/>
        <line num="17" count="1" type="stmt"/>
        <line num="18" count="1" type="stmt"/>
        <line num="19" count="1" type="stmt"/>
        <line num="20" count="1" type="stmt"/>
        <line num="21" count="1" type="stmt"/>
        <line num="22" count="1" type="stmt"/>
        <line num="23" count="1" type="stmt"/>
        <line num="24" count="1" type="stmt"/>
        <line num="25" count="1" type="stmt"/>
        <line num="26" count="1" type="stmt"/>
        <line num="27" count="1" type="stmt"/>
        <line num="28" count="1" type="stmt"/>
        <line num="29" count="1" type="stmt"/>
        <line num="30" count="1" type="stmt"/>
        <line num="31" count="1" type="stmt"/>
        <line num="32" count="1" type="stmt"/>
        <line num="33" count="1" type="stmt"/>
        <line num="34" count="1" type="stmt"/>
        <line num="35" count="1" type="stmt"/>
        <line num="36" count="1" type="stmt"/>
        <line num="37" count="1" type="stmt"/>
        <line num="38" count="1" type="stmt"/>
        <line num="39" count="1" type="stmt"/>
        <line num="40" count="1" type="stmt"/>
        <line num="41" count="1" type="stmt"/>
        <line num="42" count="1" type="stmt"/>
        <line num="43" count="1" type="stmt"/>
        <line num="44" count="1" type="stmt"/>
        <line num="45" count="1" type="stmt"/>
        <line num="46" count="1" type="stmt"/>
        <line num="47" count="1" type="stmt"/>
        <line num="48" count="1" type="stmt"/>
        <line num="49" count="1" type="stmt"/>
        <line num="50" count="1" type="stmt"/>
        <line num="51" count="1" type="stmt"/>
        <line num="52" count="1" type="stmt"/>
        <line num="53" count="1" type="stmt"/>
        <line num="54" count="1" type="stmt"/>
        <line num="55" count="1" type="stmt"/>
        <line num="56" count="1" type="stmt"/>
        <line num="57" count="1" type="stmt"/>
        <line num="58" count="1" type="stmt"/>
        <line num="59" count="1" type="stmt"/>
        <line num="60" count="1" type="stmt"/>
        <line num="61" count="1" type="stmt"/>
        <line num="62" count="1" type="stmt"/>
        <line num="63" count="1" type="stmt"/>
        <line num="64" count="1" type="stmt"/>
        <line num="65" count="1" type="stmt"/>
        <line num="66" count="1" type="stmt"/>
        <line num="67" count="1" type="stmt"/>
        <line num="68" count="1" type="stmt"/>
        <line num="69" count="1" type="stmt"/>
        <line num="70" count="1" type="stmt"/>
        <line num="71" count="1" type="stmt"/>
        <line num="72" count="1" type="stmt"/>
        <line num="73" count="1" type="stmt"/>
        <line num="74" count="1" type="stmt"/>
        <line num="75" count="1" type="stmt"/>
        <line num="76" count="1" type="stmt"/>
        <line num="77" count="1" type="stmt"/>
        <line num="78" count="1" type="stmt"/>
        <line num="79" count="1" type="stmt"/>
        <line num="80" count="1" type="stmt"/>
        <line num="81" count="1" type="stmt"/>
        <line num="82" count="1" type="stmt"/>
        <line num="83" count="1" type="stmt"/>
        <line num="84" count="1" type="stmt"/>
        <line num="85" count="1" type="stmt"/>
        <line num="86" count="1" type="stmt"/>
        <line num="87" count="1" type="stmt"/>
        <line num="88" count="1" type="stmt"/>
        <line num="89" count="1" type="stmt"/>
        <line num="90" count="1" type="stmt"/>
        <line num="91" count="1" type="stmt"/>
        <line num="92" count="1" type="stmt"/>
        <line num="93" count="1" type="stmt"/>
        <line num="94" count="1" type="stmt"/>
        <line num="95" count="1" type="stmt"/>
        <line num="96" count="1" type="stmt"/>
        <line num="97" count="1" type="stmt"/>
        <line num="98" count="1" type="stmt"/>
        <line num="99" count="1" type="stmt"/>
        <line num="100" count="1" type="stmt"/>
        <line num="101" count="1" type="stmt"/>
        <line num="102" count="1" type="stmt"/>
        <line num="103" count="1" type="stmt"/>
        <line num="104" count="1" type="stmt"/>
        <line num="105" count="1" type="stmt"/>
        <line num="106" count="1" type="stmt"/>
        <line num="107" count="1" type="stmt"/>
        <line num="108" count="1" type="stmt"/>
        <line num="109" count="1" type="stmt"/>
        <line num="110" count="1" type="stmt"/>
        <line num="111" count="1" type="stmt"/>
        <line num="112" count="1" type="stmt"/>
        <line num="113" count="1" type="stmt"/>
        <line num="114" count="1" type="stmt"/>
        <line num="115" count="1" type="stmt"/>
        <line num="116" count="1" type="stmt"/>
        <line num="117" count="1" type="stmt"/>
        <line num="118" count="1" type="stmt"/>
        <line num="119" count="1" type="stmt"/>
        <line num="120" count="47" type="cond" truecount="1" falsecount="0"/>
        <line num="121" count="47" type="stmt"/>
        <line num="122" count="47" type="stmt"/>
        <line num="123" count="47" type="cond" truecount="1" falsecount="0"/>
        <line num="124" count="16" type="cond" truecount="1" falsecount="0"/>
        <line num="125" count="16" type="stmt"/>
        <line num="126" count="16" type="stmt"/>
        <line num="127" count="16" type="stmt"/>
        <line num="128" count="16" type="stmt"/>
        <line num="129" count="16" type="stmt"/>
        <line num="130" count="16" type="stmt"/>
        <line num="131" count="16" type="stmt"/>
        <line num="132" count="16" type="stmt"/>
        <line num="133" count="16" type="stmt"/>
        <line num="134" count="16" type="stmt"/>
        <line num="135" count="16" type="stmt"/>
        <line num="136" count="16" type="stmt"/>
        <line num="137" count="16" type="cond" truecount="1" falsecount="0"/>
        <line num="138" count="47" type="stmt"/>
        <line num="139" count="47" type="stmt"/>
        <line num="140" count="47" type="stmt"/>
        <line num="141" count="47" type="stmt"/>
        <line num="142" count="47" type="stmt"/>
        <line num="143" count="47" type="stmt"/>
        <line num="144" count="47" type="stmt"/>
        <line num="145" count="47" type="stmt"/>
        <line num="146" count="47" type="stmt"/>
        <line num="147" count="47" type="stmt"/>
        <line num="148" count="47" type="stmt"/>
        <line num="149" count="47" type="stmt"/>
        <line num="150" count="47" type="stmt"/>
        <line num="151" count="47" type="stmt"/>
        <line num="152" count="47" type="stmt"/>
        <line num="153" count="47" type="stmt"/>
        <line num="154" count="47" type="stmt"/>
        <line num="155" count="47" type="stmt"/>
        <line num="156" count="47" type="stmt"/>
        <line num="157" count="47" type="stmt"/>
        <line num="158" count="47" type="stmt"/>
        <line num="159" count="47" type="stmt"/>
        <line num="160" count="47" type="stmt"/>
        <line num="161" count="47" type="stmt"/>
        <line num="162" count="47" type="stmt"/>
        <line num="163" count="47" type="stmt"/>
        <line num="164" count="47" type="stmt"/>
        <line num="165" count="47" type="stmt"/>
        <line num="166" count="47" type="stmt"/>
        <line num="167" count="47" type="stmt"/>
        <line num="168" count="47" type="stmt"/>
        <line num="169" count="47" type="stmt"/>
        <line num="170" count="47" type="stmt"/>
        <line num="171" count="47" type="stmt"/>
        <line num="172" count="47" type="stmt"/>
        <line num="173" count="47" type="stmt"/>
        <line num="174" count="47" type="stmt"/>
        <line num="175" count="47" type="stmt"/>
        <line num="176" count="47" type="stmt"/>
        <line num="177" count="47" type="stmt"/>
        <line num="178" count="1" type="stmt"/>
        <line num="179" count="1" type="cond" truecount="1" falsecount="0"/>
        <line num="180" count="31" type="stmt"/>
        <line num="181" count="31" type="stmt"/>
        <line num="182" count="31" type="stmt"/>
        <line num="183" count="31" type="stmt"/>
        <line num="184" count="31" type="stmt"/>
        <line num="185" count="31" type="stmt"/>
        <line num="186" count="31" type="stmt"/>
        <line num="187" count="31" type="stmt"/>
        <line num="188" count="31" type="stmt"/>
        <line num="189" count="31" type="stmt"/>
        <line num="190" count="31" type="stmt"/>
        <line num="191" count="31" type="stmt"/>
        <line num="192" count="31" type="stmt"/>
        <line num="193" count="31" type="stmt"/>
        <line num="194" count="31" type="stmt"/>
        <line num="195" count="31" type="stmt"/>
        <line num="196" count="31" type="stmt"/>
        <line num="197" count="31" type="stmt"/>
        <line num="198" count="31" type="stmt"/>
        <line num="199" count="31" type="cond" truecount="1" falsecount="0"/>
        <line num="200" count="31" type="stmt"/>
        <line num="201" count="31" type="stmt"/>
        <line num="202" count="31" type="cond" truecount="1" falsecount="0"/>
        <line num="203" count="16" type="stmt"/>
        <line num="204" count="16" type="cond" truecount="1" falsecount="0"/>
        <line num="205" count="16" type="cond" truecount="2" falsecount="0"/>
        <line num="206" count="14" type="stmt"/>
        <line num="207" count="14" type="stmt"/>
        <line num="208" count="14" type="stmt"/>
        <line num="209" count="14" type="stmt"/>
        <line num="210" count="31" type="stmt"/>
        <line num="211" count="31" type="stmt"/>
        <line num="212" count="31" type="cond" truecount="1" falsecount="0"/>
        <line num="213" count="16" type="cond" truecount="1" falsecount="0"/>
        <line num="214" count="16" type="stmt"/>
        <line num="215" count="16" type="cond" truecount="1" falsecount="0"/>
        <line num="216" count="16" type="stmt"/>
        <line num="217" count="16" type="stmt"/>
        <line num="218" count="16" type="cond" truecount="1" falsecount="0"/>
        <line num="219" count="31" type="stmt"/>
        <line num="220" count="31" type="stmt"/>
        <line num="221" count="31" type="cond" truecount="3" falsecount="0"/>
        <line num="222" count="31" type="stmt"/>
        <line num="223" count="31" type="stmt"/>
        <line num="224" count="31" type="stmt"/>
        <line num="225" count="31" type="stmt"/>
        <line num="226" count="31" type="stmt"/>
        <line num="227" count="31" type="stmt"/>
        <line num="228" count="31" type="stmt"/>
        <line num="229" count="31" type="stmt"/>
        <line num="230" count="31" type="stmt"/>
        <line num="231" count="31" type="stmt"/>
        <line num="232" count="31" type="stmt"/>
        <line num="233" count="31" type="stmt"/>
        <line num="234" count="31" type="stmt"/>
        <line num="235" count="31" type="stmt"/>
        <line num="236" count="31" type="cond" truecount="2" falsecount="0"/>
        <line num="237" count="31" type="stmt"/>
        <line num="238" count="31" type="stmt"/>
        <line num="239" count="31" type="stmt"/>
        <line num="240" count="31" type="stmt"/>
        <line num="241" count="31" type="stmt"/>
        <line num="242" count="31" type="stmt"/>
        <line num="243" count="31" type="stmt"/>
        <line num="244" count="31" type="cond" truecount="2" falsecount="0"/>
        <line num="245" count="31" type="cond" truecount="2" falsecount="0"/>
        <line num="246" count="31" type="stmt"/>
        <line num="247" count="31" type="stmt"/>
        <line num="248" count="31" type="stmt"/>
        <line num="249" count="31" type="stmt"/>
        <line num="250" count="31" type="stmt"/>
        <line num="251" count="31" type="cond" truecount="2" falsecount="0"/>
        <line num="252" count="31" type="stmt"/>
        <line num="253" count="31" type="stmt"/>
        <line num="254" count="31" type="stmt"/>
        <line num="255" count="31" type="stmt"/>
        <line num="256" count="31" type="stmt"/>
        <line num="257" count="31" type="stmt"/>
        <line num="258" count="31" type="cond" truecount="2" falsecount="0"/>
        <line num="259" count="31" type="stmt"/>
        <line num="260" count="31" type="stmt"/>
        <line num="261" count="31" type="stmt"/>
        <line num="262" count="31" type="stmt"/>
        <line num="263" count="31" type="stmt"/>
        <line num="264" count="31" type="stmt"/>
        <line num="265" count="31" type="cond" truecount="2" falsecount="0"/>
        <line num="266" count="31" type="stmt"/>
        <line num="267" count="31" type="stmt"/>
        <line num="268" count="31" type="stmt"/>
        <line num="269" count="31" type="stmt"/>
        <line num="270" count="31" type="stmt"/>
        <line num="271" count="31" type="stmt"/>
        <line num="272" count="31" type="stmt"/>
        <line num="273" count="31" type="stmt"/>
        <line num="274" count="31" type="stmt"/>
        <line num="275" count="31" type="stmt"/>
        <line num="276" count="31" type="stmt"/>
        <line num="277" count="31" type="stmt"/>
        <line num="278" count="31" type="stmt"/>
        <line num="279" count="31" type="stmt"/>
        <line num="280" count="31" type="stmt"/>
        <line num="281" count="31" type="stmt"/>
        <line num="282" count="31" type="stmt"/>
        <line num="283" count="31" type="stmt"/>
        <line num="284" count="31" type="stmt"/>
        <line num="285" count="31" type="stmt"/>
        <line num="286" count="31" type="stmt"/>
        <line num="287" count="31" type="stmt"/>
        <line num="288" count="31" type="stmt"/>
        <line num="289" count="31" type="stmt"/>
        <line num="290" count="31" type="stmt"/>
        <line num="291" count="31" type="cond" truecount="2" falsecount="0"/>
        <line num="292" count="31" type="stmt"/>
        <line num="293" count="31" type="stmt"/>
        <line num="294" count="31" type="cond" truecount="3" falsecount="0"/>
        <line num="295" count="17" type="stmt"/>
        <line num="296" count="17" type="cond" truecount="0" falsecount="1"/>
        <line num="297" count="17" type="stmt"/>
        <line num="298" count="17" type="stmt"/>
        <line num="299" count="31" type="stmt"/>
        <line num="300" count="31" type="stmt"/>
        <line num="301" count="31" type="stmt"/>
        <line num="302" count="31" type="stmt"/>
        <line num="303" count="31" type="stmt"/>
        <line num="304" count="31" type="stmt"/>
        <line num="305" count="31" type="stmt"/>
        <line num="306" count="31" type="stmt"/>
        <line num="307" count="31" type="stmt"/>
        <line num="308" count="31" type="stmt"/>
        <line num="309" count="31" type="cond" truecount="3" falsecount="0"/>
        <line num="310" count="17" type="stmt"/>
        <line num="311" count="17" type="cond" truecount="0" falsecount="1"/>
        <line num="312" count="17" type="cond" truecount="0" falsecount="1"/>
        <line num="313" count="17" type="stmt"/>
        <line num="314" count="17" type="stmt"/>
        <line num="315" count="31" type="stmt"/>
        <line num="316" count="31" type="stmt"/>
        <line num="317" count="31" type="stmt"/>
        <line num="318" count="31" type="stmt"/>
        <line num="319" count="31" type="stmt"/>
        <line num="320" count="31" type="stmt"/>
        <line num="321" count="31" type="stmt"/>
        <line num="322" count="31" type="cond" truecount="2" falsecount="0"/>
        <line num="323" count="31" type="stmt"/>
        <line num="324" count="31" type="stmt"/>
        <line num="325" count="31" type="cond" truecount="2" falsecount="0"/>
        <line num="326" count="31" type="stmt"/>
        <line num="327" count="31" type="stmt"/>
        <line num="328" count="31" type="stmt"/>
        <line num="329" count="31" type="stmt"/>
        <line num="330" count="31" type="stmt"/>
        <line num="331" count="31" type="cond" truecount="2" falsecount="0"/>
        <line num="332" count="31" type="stmt"/>
        <line num="333" count="31" type="stmt"/>
        <line num="334" count="31" type="cond" truecount="3" falsecount="0"/>
        <line num="335" count="6" type="cond" truecount="0" falsecount="1"/>
        <line num="336" count="6" type="stmt"/>
        <line num="337" count="31" type="stmt"/>
        <line num="338" count="31" type="stmt"/>
        <line num="339" count="31" type="stmt"/>
        <line num="340" count="31" type="stmt"/>
        <line num="341" count="31" type="stmt"/>
        <line num="342" count="31" type="stmt"/>
        <line num="343" count="31" type="cond" truecount="3" falsecount="0"/>
        <line num="344" count="6" type="cond" truecount="0" falsecount="1"/>
        <line num="345" count="6" type="stmt"/>
        <line num="346" count="31" type="stmt"/>
        <line num="347" count="31" type="stmt"/>
        <line num="348" count="31" type="stmt"/>
        <line num="349" count="31" type="stmt"/>
        <line num="350" count="31" type="stmt"/>
        <line num="351" count="31" type="stmt"/>
        <line num="352" count="31" type="stmt"/>
        <line num="353" count="31" type="cond" truecount="2" falsecount="0"/>
        <line num="354" count="31" type="stmt"/>
        <line num="355" count="31" type="stmt"/>
        <line num="356" count="31" type="stmt"/>
        <line num="357" count="31" type="stmt"/>
        <line num="358" count="31" type="stmt"/>
        <line num="359" count="31" type="cond" truecount="3" falsecount="0"/>
        <line num="360" count="6" type="cond" truecount="0" falsecount="1"/>
        <line num="361" count="6" type="stmt"/>
        <line num="362" count="31" type="stmt"/>
        <line num="363" count="31" type="stmt"/>
        <line num="364" count="31" type="stmt"/>
        <line num="365" count="31" type="stmt"/>
        <line num="366" count="31" type="stmt"/>
        <line num="367" count="31" type="stmt"/>
        <line num="368" count="31" type="cond" truecount="3" falsecount="0"/>
        <line num="369" count="6" type="cond" truecount="0" falsecount="1"/>
        <line num="370" count="6" type="stmt"/>
        <line num="371" count="31" type="stmt"/>
        <line num="372" count="31" type="stmt"/>
        <line num="373" count="31" type="stmt"/>
        <line num="374" count="31" type="stmt"/>
        <line num="375" count="31" type="stmt"/>
        <line num="376" count="31" type="stmt"/>
        <line num="377" count="31" type="stmt"/>
        <line num="378" count="31" type="stmt"/>
        <line num="379" count="31" type="stmt"/>
        <line num="380" count="31" type="stmt"/>
        <line num="381" count="31" type="cond" truecount="3" falsecount="0"/>
        <line num="382" count="6" type="stmt"/>
        <line num="383" count="6" type="cond" truecount="0" falsecount="1"/>
        <line num="384" count="6" type="cond" truecount="0" falsecount="1"/>
        <line num="385" count="6" type="cond" truecount="0" falsecount="1"/>
        <line num="386" count="6" type="stmt"/>
        <line num="387" count="6" type="stmt"/>
        <line num="388" count="31" type="stmt"/>
        <line num="389" count="31" type="stmt"/>
        <line num="390" count="31" type="stmt"/>
        <line num="391" count="31" type="stmt"/>
        <line num="392" count="31" type="stmt"/>
        <line num="393" count="31" type="stmt"/>
        <line num="394" count="31" type="stmt"/>
        <line num="395" count="31" type="stmt"/>
        <line num="396" count="31" type="stmt"/>
        <line num="397" count="31" type="stmt"/>
        <line num="398" count="31" type="stmt"/>
        <line num="399" count="31" type="cond" truecount="2" falsecount="0"/>
        <line num="400" count="31" type="stmt"/>
        <line num="401" count="31" type="stmt"/>
        <line num="402" count="31" type="cond" truecount="3" falsecount="0"/>
        <line num="403" count="5" type="cond" truecount="0" falsecount="1"/>
        <line num="404" count="5" type="stmt"/>
        <line num="405" count="31" type="stmt"/>
        <line num="406" count="31" type="stmt"/>
        <line num="407" count="31" type="stmt"/>
        <line num="408" count="31" type="stmt"/>
        <line num="409" count="31" type="stmt"/>
        <line num="410" count="31" type="stmt"/>
        <line num="411" count="31" type="stmt"/>
        <line num="412" count="31" type="cond" truecount="2" falsecount="0"/>
        <line num="413" count="31" type="cond" truecount="2" falsecount="0"/>
        <line num="414" count="31" type="stmt"/>
        <line num="415" count="31" type="stmt"/>
        <line num="416" count="31" type="stmt"/>
        <line num="417" count="31" type="stmt"/>
        <line num="418" count="31" type="stmt"/>
        <line num="419" count="31" type="stmt"/>
        <line num="420" count="31" type="cond" truecount="1" falsecount="0"/>
        <line num="421" count="31" type="cond" truecount="1" falsecount="0"/>
        <line num="422" count="31" type="cond" truecount="1" falsecount="0"/>
        <line num="423" count="31" type="cond" truecount="1" falsecount="0"/>
        <line num="424" count="31" type="cond" truecount="1" falsecount="0"/>
        <line num="425" count="31" type="cond" truecount="1" falsecount="0"/>
        <line num="426" count="31" type="cond" truecount="1" falsecount="0"/>
        <line num="427" count="31" type="stmt"/>
        <line num="428" count="31" type="stmt"/>
        <line num="429" count="31" type="cond" truecount="2" falsecount="0"/>
        <line num="430" count="31" type="cond" truecount="2" falsecount="0"/>
        <line num="431" count="31" type="cond" truecount="2" falsecount="0"/>
        <line num="432" count="31" type="cond" truecount="2" falsecount="0"/>
        <line num="433" count="31" type="cond" truecount="2" falsecount="0"/>
        <line num="434" count="31" type="cond" truecount="2" falsecount="0"/>
        <line num="435" count="31" type="cond" truecount="2" falsecount="0"/>
        <line num="436" count="31" type="cond" truecount="2" falsecount="0"/>
        <line num="437" count="31" type="stmt"/>
        <line num="438" count="31" type="stmt"/>
        <line num="439" count="31" type="stmt"/>
        <line num="440" count="31" type="stmt"/>
        <line num="441" count="31" type="stmt"/>
        <line num="442" count="31" type="stmt"/>
        <line num="443" count="31" type="cond" truecount="2" falsecount="0"/>
        <line num="444" count="31" type="stmt"/>
        <line num="445" count="31" type="stmt"/>
        <line num="446" count="31" type="cond" truecount="3" falsecount="0"/>
        <line num="447" count="5" type="cond" truecount="0" falsecount="1"/>
        <line num="448" count="5" type="stmt"/>
        <line num="449" count="31" type="stmt"/>
        <line num="450" count="31" type="stmt"/>
        <line num="451" count="31" type="stmt"/>
        <line num="452" count="31" type="stmt"/>
        <line num="453" count="31" type="stmt"/>
        <line num="454" count="31" type="stmt"/>
        <line num="455" count="31" type="cond" truecount="3" falsecount="0"/>
        <line num="456" count="5" type="stmt"/>
        <line num="457" count="5" type="cond" truecount="0" falsecount="1"/>
        <line num="458" count="5" type="cond" truecount="0" falsecount="1"/>
        <line num="459" count="5" type="stmt"/>
        <line num="460" count="5" type="stmt"/>
        <line num="461" count="31" type="stmt"/>
        <line num="462" count="31" type="stmt"/>
        <line num="463" count="31" type="stmt"/>
        <line num="464" count="31" type="stmt"/>
        <line num="465" count="31" type="stmt"/>
        <line num="466" count="31" type="stmt"/>
        <line num="467" count="31" type="stmt"/>
        <line num="468" count="31" type="cond" truecount="2" falsecount="0"/>
        <line num="469" count="31" type="stmt"/>
        <line num="470" count="31" type="stmt"/>
        <line num="471" count="31" type="stmt"/>
        <line num="472" count="31" type="stmt"/>
        <line num="473" count="31" type="stmt"/>
        <line num="474" count="31" type="cond" truecount="4" falsecount="0"/>
        <line num="475" count="4" type="stmt"/>
        <line num="476" count="4" type="cond" truecount="0" falsecount="1"/>
        <line num="477" count="4" type="cond" truecount="0" falsecount="1"/>
        <line num="478" count="4" type="cond" truecount="0" falsecount="1"/>
        <line num="479" count="4" type="cond" truecount="0" falsecount="1"/>
        <line num="480" count="4" type="stmt"/>
        <line num="481" count="4" type="stmt"/>
        <line num="482" count="31" type="stmt"/>
        <line num="483" count="31" type="stmt"/>
        <line num="484" count="31" type="stmt"/>
        <line num="485" count="31" type="stmt"/>
        <line num="486" count="31" type="stmt"/>
        <line num="487" count="31" type="stmt"/>
        <line num="488" count="31" type="cond" truecount="3" falsecount="0"/>
        <line num="489" count="5" type="cond" truecount="0" falsecount="1"/>
        <line num="490" count="5" type="stmt"/>
        <line num="491" count="31" type="stmt"/>
        <line num="492" count="31" type="stmt"/>
        <line num="493" count="31" type="stmt"/>
        <line num="494" count="31" type="stmt"/>
        <line num="495" count="31" type="stmt"/>
        <line num="496" count="31" type="stmt"/>
        <line num="497" count="31" type="stmt"/>
        <line num="498" count="31" type="stmt"/>
        <line num="499" count="31" type="stmt"/>
        <line num="500" count="31" type="stmt"/>
        <line num="501" count="31" type="cond" truecount="3" falsecount="0"/>
        <line num="502" count="5" type="stmt"/>
        <line num="503" count="5" type="cond" truecount="0" falsecount="1"/>
        <line num="504" count="5" type="cond" truecount="0" falsecount="1"/>
        <line num="505" count="5" type="cond" truecount="0" falsecount="1"/>
        <line num="506" count="5" type="cond" truecount="0" falsecount="1"/>
        <line num="507" count="5" type="stmt"/>
        <line num="508" count="5" type="stmt"/>
        <line num="509" count="31" type="stmt"/>
        <line num="510" count="31" type="stmt"/>
        <line num="511" count="31" type="stmt"/>
        <line num="512" count="31" type="stmt"/>
        <line num="513" count="31" type="stmt"/>
        <line num="514" count="31" type="stmt"/>
        <line num="515" count="31" type="cond" truecount="3" falsecount="0"/>
        <line num="516" count="5" type="cond" truecount="0" falsecount="1"/>
        <line num="517" count="5" type="stmt"/>
        <line num="518" count="31" type="stmt"/>
        <line num="519" count="31" type="stmt"/>
        <line num="520" count="31" type="stmt"/>
        <line num="521" count="31" type="stmt"/>
        <line num="522" count="31" type="stmt"/>
        <line num="523" count="31" type="stmt"/>
        <line num="524" count="31" type="stmt"/>
        <line num="525" count="31" type="stmt"/>
        <line num="526" count="31" type="stmt"/>
        <line num="527" count="31" type="stmt"/>
        <line num="528" count="31" type="stmt"/>
        <line num="529" count="31" type="cond" truecount="2" falsecount="0"/>
        <line num="530" count="31" type="stmt"/>
        <line num="531" count="31" type="stmt"/>
        <line num="532" count="31" type="cond" truecount="3" falsecount="0"/>
        <line num="533" count="3" type="stmt"/>
        <line num="534" count="3" type="cond" truecount="0" falsecount="1"/>
        <line num="535" count="3" type="stmt"/>
        <line num="536" count="3" type="stmt"/>
        <line num="537" count="31" type="stmt"/>
        <line num="538" count="31" type="stmt"/>
        <line num="539" count="31" type="stmt"/>
        <line num="540" count="31" type="stmt"/>
        <line num="541" count="31" type="stmt"/>
        <line num="542" count="31" type="stmt"/>
        <line num="543" count="31" type="cond" truecount="3" falsecount="0"/>
        <line num="544" count="3" type="stmt"/>
        <line num="545" count="3" type="cond" truecount="0" falsecount="1"/>
        <line num="546" count="3" type="cond" truecount="0" falsecount="1"/>
        <line num="547" count="3" type="cond" truecount="0" falsecount="1"/>
        <line num="548" count="3" type="stmt"/>
        <line num="549" count="3" type="stmt"/>
        <line num="550" count="31" type="stmt"/>
        <line num="551" count="31" type="stmt"/>
        <line num="552" count="31" type="stmt"/>
        <line num="553" count="31" type="stmt"/>
        <line num="554" count="31" type="stmt"/>
        <line num="555" count="31" type="stmt"/>
        <line num="556" count="31" type="stmt"/>
        <line num="557" count="31" type="stmt"/>
        <line num="558" count="31" type="stmt"/>
        <line num="559" count="31" type="stmt"/>
        <line num="560" count="31" type="cond" truecount="3" falsecount="0"/>
        <line num="561" count="3" type="cond" truecount="0" falsecount="1"/>
        <line num="562" count="3" type="stmt"/>
        <line num="563" count="31" type="stmt"/>
        <line num="564" count="31" type="stmt"/>
        <line num="565" count="31" type="stmt"/>
        <line num="566" count="31" type="stmt"/>
        <line num="567" count="31" type="stmt"/>
        <line num="568" count="31" type="stmt"/>
        <line num="569" count="31" type="stmt"/>
        <line num="570" count="31" type="stmt"/>
        <line num="571" count="31" type="stmt"/>
        <line num="572" count="31" type="stmt"/>
        <line num="573" count="31" type="stmt"/>
        <line num="574" count="31" type="stmt"/>
        <line num="575" count="31" type="stmt"/>
        <line num="576" count="31" type="stmt"/>
        <line num="577" count="31" type="stmt"/>
        <line num="578" count="31" type="stmt"/>
        <line num="579" count="31" type="stmt"/>
        <line num="580" count="31" type="stmt"/>
        <line num="581" count="31" type="stmt"/>
      </file>
      <file name="EmptyPanel.tsx" path="/Users/darshanaswathappa/Desktop/goonedin/analytics/src/components/EmptyPanel.tsx">
        <metrics statements="32" coveredstatements="32" conditionals="1" coveredconditionals="1" methods="1" coveredmethods="1"/>
        <line num="1" count="1" type="stmt"/>
        <line num="2" count="1" type="stmt"/>
        <line num="3" count="1" type="stmt"/>
        <line num="4" count="1" type="stmt"/>
        <line num="5" count="1" type="stmt"/>
        <line num="6" count="1" type="stmt"/>
        <line num="7" count="1" type="stmt"/>
        <line num="8" count="1" type="stmt"/>
        <line num="9" count="1" type="cond" truecount="1" falsecount="0"/>
        <line num="10" count="57" type="stmt"/>
        <line num="11" count="57" type="stmt"/>
        <line num="12" count="57" type="stmt"/>
        <line num="13" count="57" type="stmt"/>
        <line num="14" count="57" type="stmt"/>
        <line num="15" count="57" type="stmt"/>
        <line num="16" count="57" type="stmt"/>
        <line num="17" count="57" type="stmt"/>
        <line num="18" count="57" type="stmt"/>
        <line num="19" count="57" type="stmt"/>
        <line num="20" count="57" type="stmt"/>
        <line num="21" count="57" type="stmt"/>
        <line num="22" count="57" type="stmt"/>
        <line num="23" count="57" type="stmt"/>
        <line num="24" count="57" type="stmt"/>
        <line num="25" count="57" type="stmt"/>
        <line num="26" count="57" type="stmt"/>
        <line num="27" count="57" type="stmt"/>
        <line num="28" count="57" type="stmt"/>
        <line num="29" count="57" type="stmt"/>
        <line num="30" count="57" type="stmt"/>
        <line num="31" count="57" type="stmt"/>
        <line num="32" count="57" type="stmt"/>
      </file>
      <file name="MetricCard.tsx" path="/Users/darshanaswathappa/Desktop/goonedin/analytics/src/components/MetricCard.tsx">
        <metrics statements="214" coveredstatements="211" conditionals="12" coveredconditionals="11" methods="1" coveredmethods="1"/>
        <line num="1" count="1" type="stmt"/>
        <line num="2" count="1" type="stmt"/>
        <line num="3" count="1" type="stmt"/>
        <line num="4" count="1" type="stmt"/>
        <line num="5" count="1" type="stmt"/>
        <line num="6" count="1" type="stmt"/>
        <line num="7" count="1" type="stmt"/>
        <line num="8" count="1" type="stmt"/>
        <line num="9" count="1" type="stmt"/>
        <line num="10" count="1" type="stmt"/>
        <line num="11" count="1" type="stmt"/>
        <line num="12" count="1" type="stmt"/>
        <line num="13" count="1" type="stmt"/>
        <line num="14" count="1" type="stmt"/>
        <line num="15" count="1" type="stmt"/>
        <line num="16" count="1" type="stmt"/>
        <line num="17" count="1" type="stmt"/>
        <line num="18" count="1" type="stmt"/>
        <line num="19" count="1" type="stmt"/>
        <line num="20" count="1" type="stmt"/>
        <line num="21" count="1" type="stmt"/>
        <line num="22" count="1" type="stmt"/>
        <line num="23" count="1" type="stmt"/>
        <line num="24" count="1" type="stmt"/>
        <line num="25" count="1" type="stmt"/>
        <line num="26" count="1" type="stmt"/>
        <line num="27" count="1" type="cond" truecount="1" falsecount="0"/>
        <line num="28" count="11" type="stmt"/>
        <line num="29" count="11" type="stmt"/>
        <line num="30" count="11" type="stmt"/>
        <line num="31" count="11" type="stmt"/>
        <line num="32" count="11" type="stmt"/>
        <line num="33" count="11" type="stmt"/>
        <line num="34" count="11" type="stmt"/>
        <line num="35" count="11" type="stmt"/>
        <line num="36" count="11" type="stmt"/>
        <line num="37" count="11" type="stmt"/>
        <line num="38" count="11" type="stmt"/>
        <line num="39" count="11" type="stmt"/>
        <line num="40" count="11" type="stmt"/>
        <line num="41" count="11" type="cond" truecount="1" falsecount="0"/>
        <line num="42" count="11" type="stmt"/>
        <line num="43" count="11" type="cond" truecount="0" falsecount="1"/>
        <line num="44" count="11" type="stmt"/>
        <line num="45" count="11" type="stmt"/>
        <line num="46" count="11" type="stmt"/>
        <line num="47" count="0" type="stmt"/>
        <line num="48" count="0" type="stmt"/>
        <line num="49" count="0" type="stmt"/>
        <line num="50" count="11" type="stmt"/>
        <line num="51" count="11" type="cond" truecount="1" falsecount="0"/>
        <line num="52" count="11" type="stmt"/>
        <line num="53" count="11" type="stmt"/>
        <line num="54" count="11" type="stmt"/>
        <line num="55" count="11" type="stmt"/>
        <line num="56" count="11" type="stmt"/>
        <line num="57" count="11" type="stmt"/>
        <line num="58" count="11" type="stmt"/>
        <line num="59" count="11" type="stmt"/>
        <line num="60" count="11" type="stmt"/>
        <line num="61" count="11" type="stmt"/>
        <line num="62" count="11" type="stmt"/>
        <line num="63" count="11" type="stmt"/>
        <line num="64" count="11" type="stmt"/>
        <line num="65" count="11" type="stmt"/>
        <line num="66" count="11" type="stmt"/>
        <line num="67" count="11" type="stmt"/>
        <line num="68" count="11" type="stmt"/>
        <line num="69" count="11" type="stmt"/>
        <line num="70" count="11" type="stmt"/>
        <line num="71" count="11" type="stmt"/>
        <line num="72" count="11" type="stmt"/>
        <line num="73" count="11" type="stmt"/>
        <line num="74" count="11" type="stmt"/>
        <line num="75" count="11" type="stmt"/>
        <line num="76" count="11" type="stmt"/>
        <line num="77" count="11" type="stmt"/>
        <line num="78" count="11" type="stmt"/>
        <line num="79" count="11" type="stmt"/>
        <line num="80" count="11" type="stmt"/>
        <line num="81" count="11" type="stmt"/>
        <line num="82" count="11" type="stmt"/>
        <line num="83" count="11" type="stmt"/>
        <line num="84" count="11" type="stmt"/>
        <line num="85" count="11" type="stmt"/>
        <line num="86" count="11" type="stmt"/>
        <line num="87" count="11" type="stmt"/>
        <line num="88" count="11" type="stmt"/>
        <line num="89" count="11" type="stmt"/>
        <line num="90" count="11" type="stmt"/>
        <line num="91" count="11" type="stmt"/>
        <line num="92" count="11" type="stmt"/>
        <line num="93" count="11" type="stmt"/>
        <line num="94" count="11" type="stmt"/>
        <line num="95" count="11" type="stmt"/>
        <line num="96" count="11" type="stmt"/>
        <line num="97" count="11" type="stmt"/>
        <line num="98" count="11" type="stmt"/>
        <line num="99" count="11" type="stmt"/>
        <line num="100" count="11" type="stmt"/>
        <line num="101" count="11" type="stmt"/>
        <line num="102" count="11" type="stmt"/>
        <line num="103" count="11" type="stmt"/>
        <line num="104" count="11" type="stmt"/>
        <line num="105" count="11" type="stmt"/>
        <line num="106" count="11" type="stmt"/>
        <line num="107" count="11" type="stmt"/>
        <line num="108" count="11" type="stmt"/>
        <line num="109" count="11" type="stmt"/>
        <line num="110" count="11" type="stmt"/>
        <line num="111" count="11" type="stmt"/>
        <line num="112" count="11" type="stmt"/>
        <line num="113" count="11" type="stmt"/>
        <line num="114" count="11" type="stmt"/>
        <line num="115" count="11" type="cond" truecount="2" falsecount="0"/>
        <line num="116" count="11" type="stmt"/>
        <line num="117" count="11" type="stmt"/>
        <line num="118" count="11" type="stmt"/>
        <line num="119" count="11" type="stmt"/>
        <line num="120" count="11" type="stmt"/>
        <line num="121" count="11" type="stmt"/>
        <line num="122" count="11" type="stmt"/>
        <line num="123" count="11" type="stmt"/>
        <line num="124" count="11" type="stmt"/>
        <line num="125" count="11" type="stmt"/>
        <line num="126" count="11" type="stmt"/>
        <line num="127" count="11" type="cond" truecount="1" falsecount="0"/>
        <line num="128" count="11" type="stmt"/>
        <line num="129" count="11" type="stmt"/>
        <line num="130" count="11" type="stmt"/>
        <line num="131" count="11" type="stmt"/>
        <line num="132" count="11" type="stmt"/>
        <line num="133" count="11" type="stmt"/>
        <line num="134" count="11" type="stmt"/>
        <line num="135" count="11" type="stmt"/>
        <line num="136" count="11" type="stmt"/>
        <line num="137" count="11" type="stmt"/>
        <line num="138" count="11" type="stmt"/>
        <line num="139" count="11" type="stmt"/>
        <line num="140" count="11" type="stmt"/>
        <line num="141" count="11" type="stmt"/>
        <line num="142" count="11" type="stmt"/>
        <line num="143" count="11" type="stmt"/>
        <line num="144" count="11" type="stmt"/>
        <line num="145" count="11" type="stmt"/>
        <line num="146" count="11" type="stmt"/>
        <line num="147" count="11" type="stmt"/>
        <line num="148" count="11" type="stmt"/>
        <line num="149" count="11" type="stmt"/>
        <line num="150" count="11" type="stmt"/>
        <line num="151" count="11" type="stmt"/>
        <line num="152" count="11" type="cond" truecount="2" falsecount="0"/>
        <line num="153" count="11" type="stmt"/>
        <line num="154" count="11" type="stmt"/>
        <line num="155" count="11" type="stmt"/>
        <line num="156" count="11" type="cond" truecount="2" falsecount="0"/>
        <line num="157" count="11" type="stmt"/>
        <line num="158" count="11" type="stmt"/>
        <line num="159" count="11" type="stmt"/>
        <line num="160" count="11" type="stmt"/>
        <line num="161" count="11" type="stmt"/>
        <line num="162" count="11" type="stmt"/>
        <line num="163" count="11" type="stmt"/>
        <line num="164" count="11" type="cond" truecount="1" falsecount="0"/>
        <line num="165" count="11" type="stmt"/>
        <line num="166" count="11" type="stmt"/>
        <line num="167" count="11" type="stmt"/>
        <line num="168" count="11" type="stmt"/>
        <line num="169" count="11" type="stmt"/>
        <line num="170" count="11" type="stmt"/>
        <line num="171" count="11" type="stmt"/>
        <line num="172" count="11" type="stmt"/>
        <line num="173" count="11" type="stmt"/>
        <line num="174" count="11" type="stmt"/>
        <line num="175" count="11" type="stmt"/>
        <line num="176" count="11" type="stmt"/>
        <line num="177" count="11" type="stmt"/>
        <line num="178" count="11" type="stmt"/>
        <line num="179" count="11" type="stmt"/>
        <line num="180" count="11" type="stmt"/>
        <line num="181" count="11" type="stmt"/>
        <line num="182" count="11" type="stmt"/>
        <line num="183" count="11" type="stmt"/>
        <line num="184" count="11" type="stmt"/>
        <line num="185" count="11" type="stmt"/>
        <line num="186" count="11" type="stmt"/>
        <line num="187" count="11" type="stmt"/>
        <line num="188" count="11" type="stmt"/>
        <line num="189" count="11" type="stmt"/>
        <line num="190" count="11" type="stmt"/>
        <line num="191" count="11" type="stmt"/>
        <line num="192" count="11" type="stmt"/>
        <line num="193" count="11" type="stmt"/>
        <line num="194" count="11" type="stmt"/>
        <line num="195" count="11" type="stmt"/>
        <line num="196" count="11" type="stmt"/>
        <line num="197" count="11" type="stmt"/>
        <line num="198" count="11" type="stmt"/>
        <line num="199" count="11" type="stmt"/>
        <line num="200" count="11" type="stmt"/>
        <line num="201" count="11" type="stmt"/>
        <line num="202" count="11" type="stmt"/>
        <line num="203" count="11" type="stmt"/>
        <line num="204" count="11" type="stmt"/>
        <line num="205" count="11" type="stmt"/>
        <line num="206" count="11" type="stmt"/>
        <line num="207" count="11" type="stmt"/>
        <line num="208" count="11" type="stmt"/>
        <line num="209" count="11" type="stmt"/>
        <line num="210" count="11" type="stmt"/>
        <line num="211" count="11" type="stmt"/>
        <line num="212" count="11" type="stmt"/>
        <line num="213" count="11" type="stmt"/>
        <line num="214" count="11" type="stmt"/>
      </file>
      <file name="SafePanel.tsx" path="/Users/darshanaswathappa/Desktop/goonedin/analytics/src/components/SafePanel.tsx">
        <metrics statements="17" coveredstatements="17" conditionals="1" coveredconditionals="1" methods="1" coveredmethods="1"/>
        <line num="1" count="1" type="stmt"/>
        <line num="2" count="1" type="stmt"/>
        <line num="3" count="1" type="stmt"/>
        <line num="4" count="1" type="stmt"/>
        <line num="5" count="1" type="stmt"/>
        <line num="6" count="1" type="stmt"/>
        <line num="7" count="1" type="stmt"/>
        <line num="8" count="1" type="stmt"/>
        <line num="9" count="1" type="stmt"/>
        <line num="10" count="1" type="stmt"/>
        <line num="11" count="1" type="cond" truecount="1" falsecount="0"/>
        <line num="12" count="8" type="stmt"/>
        <line num="13" count="8" type="stmt"/>
        <line num="14" count="8" type="stmt"/>
        <line num="15" count="8" type="stmt"/>
        <line num="16" count="8" type="stmt"/>
        <line num="17" count="8" type="stmt"/>
      </file>
      <file name="ScanlineOverlay.tsx" path="/Users/darshanaswathappa/Desktop/goonedin/analytics/src/components/ScanlineOverlay.tsx">
        <metrics statements="5" coveredstatements="5" conditionals="1" coveredconditionals="1" methods="1" coveredmethods="1"/>
        <line num="1" count="1" type="stmt"/>
        <line num="2" count="1" type="stmt"/>
        <line num="3" count="1" type="cond" truecount="1" falsecount="0"/>
        <line num="4" count="3" type="stmt"/>
        <line num="5" count="3" type="stmt"/>
      </file>
      <file name="TabNav.tsx" path="/Users/darshanaswathappa/Desktop/goonedin/analytics/src/components/TabNav.tsx">
        <metrics statements="120" coveredstatements="118" conditionals="28" coveredconditionals="25" methods="7" coveredmethods="7"/>
        <line num="1" count="1" type="stmt"/>
        <line num="2" count="1" type="stmt"/>
        <line num="3" count="1" type="stmt"/>
        <line num="4" count="1" type="stmt"/>
        <line num="5" count="1" type="stmt"/>
        <line num="6" count="1" type="stmt"/>
        <line num="7" count="1" type="stmt"/>
        <line num="8" count="1" type="stmt"/>
        <line num="9" count="1" type="stmt"/>
        <line num="10" count="1" type="stmt"/>
        <line num="11" count="1" type="stmt"/>
        <line num="12" count="1" type="stmt"/>
        <line num="13" count="1" type="stmt"/>
        <line num="14" count="1" type="stmt"/>
        <line num="15" count="1" type="stmt"/>
        <line num="16" count="1" type="stmt"/>
        <line num="17" count="1" type="stmt"/>
        <line num="18" count="1" type="cond" truecount="1" falsecount="0"/>
        <line num="19" count="47" type="stmt"/>
        <line num="20" count="47" type="stmt"/>
        <line num="21" count="47" type="cond" truecount="1" falsecount="0"/>
        <line num="22" count="5" type="cond" truecount="1" falsecount="0"/>
        <line num="23" count="5" type="cond" truecount="1" falsecount="0"/>
        <line num="24" count="2" type="stmt"/>
        <line num="25" count="2" type="stmt"/>
        <line num="26" count="5" type="cond" truecount="2" falsecount="0"/>
        <line num="27" count="2" type="stmt"/>
        <line num="28" count="2" type="stmt"/>
        <line num="29" count="2" type="stmt"/>
        <line num="30" count="5" type="stmt"/>
        <line num="31" count="47" type="stmt"/>
        <line num="32" count="47" type="stmt"/>
        <line num="33" count="47" type="cond" truecount="1" falsecount="0"/>
        <line num="34" count="26" type="cond" truecount="1" falsecount="0"/>
        <line num="35" count="5" type="stmt"/>
        <line num="36" count="5" type="stmt"/>
        <line num="37" count="5" type="cond" truecount="0" falsecount="1"/>
        <line num="38" count="5" type="stmt"/>
        <line num="39" count="5" type="cond" truecount="0" falsecount="2"/>
        <line num="40" count="0" type="stmt"/>
        <line num="41" count="0" type="stmt"/>
        <line num="42" count="5" type="stmt"/>
        <line num="43" count="26" type="stmt"/>
        <line num="44" count="26" type="cond" truecount="1" falsecount="0"/>
        <line num="45" count="47" type="stmt"/>
        <line num="46" count="47" type="stmt"/>
        <line num="47" count="47" type="stmt"/>
        <line num="48" count="47" type="stmt"/>
        <line num="49" count="47" type="stmt"/>
        <line num="50" count="47" type="stmt"/>
        <line num="51" count="47" type="stmt"/>
        <line num="52" count="47" type="stmt"/>
        <line num="53" count="47" type="cond" truecount="1" falsecount="0"/>
        <line num="54" count="47" type="stmt"/>
        <line num="55" count="47" type="stmt"/>
        <line num="56" count="47" type="stmt"/>
        <line num="57" count="47" type="stmt"/>
        <line num="58" count="47" type="stmt"/>
        <line num="59" count="47" type="stmt"/>
        <line num="60" count="47" type="stmt"/>
        <line num="61" count="47" type="stmt"/>
        <line num="62" count="47" type="stmt"/>
        <line num="63" count="47" type="stmt"/>
        <line num="64" count="47" type="stmt"/>
        <line num="65" count="47" type="stmt"/>
        <line num="66" count="47" type="stmt"/>
        <line num="67" count="47" type="stmt"/>
        <line num="68" count="47" type="stmt"/>
        <line num="69" count="47" type="stmt"/>
        <line num="70" count="47" type="stmt"/>
        <line num="71" count="47" type="stmt"/>
        <line num="72" count="47" type="stmt"/>
        <line num="73" count="47" type="stmt"/>
        <line num="74" count="47" type="stmt"/>
        <line num="75" count="47" type="stmt"/>
        <line num="76" count="47" type="cond" truecount="1" falsecount="0"/>
        <line num="77" count="235" type="stmt"/>
        <line num="78" count="235" type="stmt"/>
        <line num="79" count="235" type="stmt"/>
        <line num="80" count="235" type="stmt"/>
        <line num="81" count="235" type="stmt"/>
        <line num="82" count="235" type="stmt"/>
        <line num="83" count="235" type="stmt"/>
        <line num="84" count="235" type="stmt"/>
        <line num="85" count="235" type="cond" truecount="2" falsecount="0"/>
        <line num="86" count="235" type="cond" truecount="1" falsecount="0"/>
        <line num="87" count="235" type="cond" truecount="1" falsecount="0"/>
        <line num="88" count="235" type="cond" truecount="1" falsecount="0"/>
        <line num="89" count="235" type="cond" truecount="1" falsecount="0"/>
        <line num="90" count="235" type="stmt"/>
        <line num="91" count="235" type="stmt"/>
        <line num="92" count="235" type="stmt"/>
        <line num="93" count="235" type="stmt"/>
        <line num="94" count="235" type="stmt"/>
        <line num="95" count="235" type="stmt"/>
        <line num="96" count="235" type="cond" truecount="2" falsecount="0"/>
        <line num="97" count="235" type="stmt"/>
        <line num="98" count="235" type="stmt"/>
        <line num="99" count="235" type="stmt"/>
        <line num="100" count="235" type="stmt"/>
        <line num="101" count="235" type="cond" truecount="1" falsecount="0"/>
        <line num="102" count="47" type="cond" truecount="1" falsecount="0"/>
        <line num="103" count="188" type="cond" truecount="1" falsecount="0"/>
        <line num="104" count="2" type="cond" truecount="1" falsecount="0"/>
        <line num="105" count="186" type="stmt"/>
        <line num="106" count="235" type="cond" truecount="2" falsecount="0"/>
        <line num="107" count="235" type="stmt"/>
        <line num="108" count="235" type="stmt"/>
        <line num="109" count="235" type="stmt"/>
        <line num="110" count="235" type="stmt"/>
        <line num="111" count="235" type="stmt"/>
        <line num="112" count="235" type="stmt"/>
        <line num="113" count="235" type="stmt"/>
        <line num="114" count="235" type="stmt"/>
        <line num="115" count="235" type="stmt"/>
        <line num="116" count="235" type="stmt"/>
        <line num="117" count="47" type="stmt"/>
        <line num="118" count="47" type="stmt"/>
        <line num="119" count="47" type="stmt"/>
        <line num="120" count="47" type="stmt"/>
      </file>
    </package>
    <package name="lib">
      <metrics statements="680" coveredstatements="674" conditionals="217" coveredconditionals="203" methods="23" coveredmethods="23"/>
      <file name="analytics.ts" path="/Users/darshanaswathappa/Desktop/goonedin/analytics/src/lib/analytics.ts">
        <metrics statements="585" coveredstatements="579" conditionals="204" coveredconditionals="190" methods="20" coveredmethods="20"/>
[...]
        <line num="327" count="9" type="cond" truecount="1" falsecount="0"/>
        <line num="328" count="11" type="cond" truecount="1" falsecount="0"/>
        <line num="329" count="11" type="cond" truecount="1" falsecount="0"/>
        <line num="330" count="7" type="stmt"/>
        <line num="331" count="6" type="stmt"/>
        <line num="332" count="6" type="cond" truecount="1" falsecount="0"/>
        <line num="333" count="6" type="cond" truecount="1" falsecount="0"/>
        <line num="334" count="6" type="stmt"/>
        <line num="335" count="6" type="stmt"/>
        <line num="336" count="1" type="stmt"/>
        <line num="337" count="1" type="stmt"/>
        <line num="338" count="1" type="stmt"/>
        <line num="339" count="1" type="stmt"/>
        <line num="340" count="1" type="stmt"/>
        <line num="341" count="1" type="stmt"/>
        <line num="342" count="1" type="stmt"/>
        <line num="343" count="1" type="stmt"/>
        <line num="344" count="1" type="stmt"/>
        <line num="345" count="1" type="stmt"/>
        <line num="346" count="1" type="stmt"/>
        <line num="347" count="1" type="cond" truecount="1" falsecount="0"/>
        <line num="348" count="10" type="stmt"/>
        <line num="349" count="10" type="stmt"/>
        <line num="350" count="10" type="stmt"/>
        <line num="351" count="10" type="cond" truecount="1" falsecount="0"/>
        <line num="352" count="11" type="cond" truecount="2" falsecount="0"/>
        <line num="353" count="10" type="stmt"/>
        <line num="354" count="11" type="cond" truecount="3" falsecount="0"/>
        <line num="355" count="11" type="cond" truecount="2" falsecount="0"/>
        <line num="356" count="11" type="cond" truecount="3" falsecount="0"/>
        <line num="357" count="11" type="cond" truecount="4" falsecount="0"/>
        <line num="358" count="1" type="stmt"/>
        <line num="359" count="1" type="stmt"/>
        <line num="360" count="10" type="stmt"/>
        <line num="361" count="10" type="cond" truecount="1" falsecount="0"/>
        <line num="362" count="11" type="cond" truecount="2" falsecount="0"/>
        <line num="363" count="11" type="cond" truecount="1" falsecount="0"/>
        <line num="364" count="11" type="stmt"/>
        <line num="365" count="10" type="stmt"/>
        <line num="366" count="10" type="stmt"/>
        <line num="367" count="10" type="stmt"/>
        <line num="368" count="10" type="stmt"/>
        <line num="369" count="10" type="stmt"/>
        <line num="370" count="10" type="stmt"/>
        <line num="371" count="10" type="stmt"/>
        <line num="372" count="10" type="stmt"/>
        <line num="373" count="10" type="stmt"/>
        <line num="374" count="10" type="stmt"/>
        <line num="375" count="10" type="cond" truecount="1" falsecount="1"/>
        <line num="376" count="10" type="stmt"/>
        <line num="377" count="10" type="stmt"/>
        <line num="378" count="1" type="stmt"/>
        <line num="379" count="1" type="stmt"/>
        <line num="380" count="1" type="stmt"/>
        <line num="381" count="1" type="stmt"/>
        <line num="382" count="1" type="stmt"/>
        <line num="383" count="1" type="stmt"/>
        <line num="384" count="1" type="stmt"/>
        <line num="385" count="1" type="stmt"/>
        <line num="386" count="1" type="stmt"/>
        <line num="387" count="1" type="stmt"/>
        <line num="388" count="1" type="stmt"/>
        <line num="389" count="1" type="stmt"/>
        <line num="390" count="1" type="stmt"/>
        <line num="391" count="1" type="stmt"/>
        <line num="392" count="1" type="stmt"/>
        <line num="393" count="1" type="stmt"/>
        <line num="394" count="1" type="stmt"/>
        <line num="395" count="1" type="stmt"/>
        <line num="396" count="1" type="stmt"/>
        <line num="397" count="1" type="stmt"/>
        <line num="398" count="1" type="stmt"/>
        <line num="399" count="1" type="stmt"/>
        <line num="400" count="1" type="stmt"/>
        <line num="401" count="1" type="stmt"/>
        <line num="402" count="1" type="stmt"/>
        <line num="403" count="1" type="stmt"/>
        <line num="404" count="1" type="stmt"/>
        <line num="405" count="1" type="stmt"/>
        <line num="406" count="1" type="stmt"/>
        <line num="407" count="1" type="stmt"/>
        <line num="408" count="1" type="stmt"/>
        <line num="409" count="1" type="stmt"/>
        <line num="410" count="1" type="cond" truecount="1" falsecount="0"/>
        <line num="411" count="39" type="cond" truecount="2" falsecount="0"/>
        <line num="412" count="36" type="stmt"/>
        <line num="413" count="39" type="cond" truecount="3" falsecount="0"/>
        <line num="414" count="34" type="stmt"/>
        <line num="415" count="39" type="cond" truecount="1" falsecount="0"/>
        <line num="416" count="585" type="cond" truecount="1" falsecount="0"/>
        <line num="417" count="585" type="cond" truecount="1" falsecount="0"/>
        <line num="418" count="20" type="stmt"/>
        <line num="419" count="20" type="stmt"/>
        <line num="420" count="20" type="cond" truecount="1" falsecount="0"/>
        <line num="421" count="20" type="cond" truecount="0" falsecount="1"/>
        <line num="422" count="0" type="stmt"/>
        <line num="423" count="39" type="stmt"/>
        <line num="424" count="1" type="stmt"/>
        <line num="425" count="1" type="cond" truecount="1" falsecount="0"/>
        <line num="426" count="5" type="stmt"/>
        <line num="427" count="5" type="stmt"/>
        <line num="428" count="5" type="stmt"/>
        <line num="429" count="5" type="cond" truecount="1" falsecount="0"/>
        <line num="430" count="27" type="stmt"/>
        <line num="431" count="27" type="cond" truecount="3" falsecount="0"/>
        <line num="432" count="27" type="cond" truecount="1" falsecount="0"/>
        <line num="433" count="27" type="stmt"/>
        <line num="434" count="5" type="stmt"/>
        <line num="435" count="5" type="cond" truecount="1" falsecount="0"/>
        <line num="436" count="5" type="cond" truecount="1" falsecount="0"/>
        <line num="437" count="5" type="stmt"/>
        <line num="438" count="5" type="stmt"/>
        <line num="439" count="1" type="stmt"/>
        <line num="440" count="1" type="stmt"/>
        <line num="441" count="1" type="stmt"/>
        <line num="442" count="1" type="stmt"/>
        <line num="443" count="1" type="stmt"/>
        <line num="444" count="1" type="cond" truecount="1" falsecount="0"/>
        <line num="445" count="7" type="stmt"/>
        <line num="446" count="7" type="stmt"/>
        <line num="447" count="7" type="stmt"/>
        <line num="448" count="7" type="cond" truecount="1" falsecount="0"/>
        <line num="449" count="7" type="stmt"/>
        <line num="450" count="7" type="stmt"/>
        <line num="451" count="7" type="stmt"/>
        <line num="452" count="7" type="cond" truecount="1" falsecount="0"/>
        <line num="453" count="171" type="stmt"/>
        <line num="454" count="171" type="stmt"/>
        <line num="455" count="171" type="stmt"/>
        <line num="456" count="171" type="cond" truecount="1" falsecount="0"/>
        <line num="457" count="171" type="stmt"/>
        <line num="458" count="7" type="stmt"/>
        <line num="459" count="7" type="stmt"/>
        <line num="460" count="7" type="stmt"/>
        <line num="461" count="1" type="stmt"/>
        <line num="462" count="1" type="stmt"/>
        <line num="463" count="1" type="stmt"/>
        <line num="464" count="1" type="stmt"/>
        <line num="465" count="1" type="stmt"/>
        <line num="466" count="1" type="cond" truecount="1" falsecount="0"/>
        <line num="467" count="31" type="cond" truecount="2" falsecount="0"/>
        <line num="468" count="31" type="cond" truecount="1" falsecount="0"/>
        <line num="469" count="3" type="stmt"/>
        <line num="470" count="3" type="stmt"/>
        <line num="471" count="3" type="cond" truecount="1" falsecount="0"/>
        <line num="472" count="1" type="stmt"/>
        <line num="473" count="1" type="stmt"/>
        <line num="474" count="3" type="cond" truecount="1" falsecount="0"/>
        <line num="475" count="31" type="cond" truecount="2" falsecount="0"/>
        <line num="476" count="1" type="stmt"/>
        <line num="477" count="1" type="stmt"/>
        <line num="478" count="1" type="stmt"/>
        <line num="479" count="11" type="cond" truecount="1" falsecount="0"/>
        <line num="480" count="11" type="stmt"/>
        <line num="481" count="11" type="cond" truecount="0" falsecount="1"/>
        <line num="482" count="11" type="stmt"/>
        <line num="483" count="11" type="stmt"/>
        <line num="484" count="11" type="stmt"/>
        <line num="485" count="11" type="stmt"/>
        <line num="486" count="11" type="stmt"/>
        <line num="487" count="11" type="cond" truecount="2" falsecount="0"/>
        <line num="488" count="10" type="stmt"/>
        <line num="489" count="10" type="stmt"/>
        <line num="490" count="1" type="stmt"/>
        <line num="491" count="6" type="cond" truecount="1" falsecount="0"/>
        <line num="492" count="6" type="stmt"/>
        <line num="493" count="6" type="stmt"/>
        <line num="494" count="6" type="stmt"/>
        <line num="495" count="6" type="stmt"/>
        <line num="496" count="6" type="stmt"/>
        <line num="497" count="6" type="stmt"/>
        <line num="498" count="6" type="stmt"/>
        <line num="499" count="6" type="stmt"/>
        <line num="500" count="6" type="stmt"/>
        <line num="501" count="6" type="stmt"/>
        <line num="502" count="6" type="stmt"/>
        <line num="503" count="6" type="stmt"/>
        <line num="504" count="6" type="stmt"/>
        <line num="505" count="6" type="stmt"/>
        <line num="506" count="6" type="stmt"/>
        <line num="507" count="6" type="stmt"/>
        <line num="508" count="6" type="stmt"/>
        <line num="509" count="6" type="stmt"/>
        <line num="510" count="6" type="cond" truecount="1" falsecount="0"/>
        <line num="511" count="36" type="cond" truecount="1" falsecount="0"/>
        <line num="512" count="36" type="cond" truecount="1" falsecount="0"/>
        <line num="513" count="1" type="stmt"/>
        <line num="514" count="6" type="cond" truecount="0" falsecount="1"/>
        <line num="515" count="6" type="stmt"/>
        <line num="516" count="1" type="stmt"/>
        <line num="517" count="1" type="stmt"/>
        <line num="518" count="1" type="stmt"/>
        <line num="519" count="1" type="stmt"/>
        <line num="520" count="1" type="stmt"/>
        <line num="521" count="1" type="cond" truecount="1" falsecount="0"/>
        <line num="522" count="13" type="stmt"/>
        <line num="523" count="13" type="stmt"/>
        <line num="524" count="13" type="stmt"/>
        <line num="525" count="13" type="stmt"/>
        <line num="526" count="13" type="stmt"/>
        <line num="527" count="13" type="stmt"/>
        <line num="528" count="13" type="stmt"/>
        <line num="529" count="13" type="stmt"/>
        <line num="530" count="13" type="stmt"/>
        <line num="531" count="13" type="stmt"/>
        <line num="532" count="13" type="stmt"/>
        <line num="533" count="13" type="stmt"/>
        <line num="534" count="13" type="stmt"/>
        <line num="535" count="13" type="stmt"/>
        <line num="536" count="13" type="stmt"/>
        <line num="537" count="13" type="stmt"/>
        <line num="538" count="13" type="stmt"/>
        <line num="539" count="13" type="cond" truecount="1" falsecount="0"/>
        <line num="540" count="24" type="cond" truecount="2" falsecount="0"/>
        <line num="541" count="23" type="stmt"/>
        <line num="542" count="24" type="cond" truecount="1" falsecount="0"/>
        <line num="543" count="125" type="cond" truecount="1" falsecount="0"/>
        <line num="544" count="19" type="cond" truecount="1" falsecount="0"/>
        <line num="545" count="19" type="stmt"/>
        <line num="546" count="19" type="stmt"/>
        <line num="547" count="19" type="stmt"/>
        <line num="548" count="125" type="cond" truecount="1" falsecount="0"/>
        <line num="549" count="24" type="cond" truecount="1" falsecount="0"/>
        <line num="550" count="24" type="stmt"/>
        <line num="551" count="13" type="stmt"/>
        <line num="552" count="13" type="cond" truecount="1" falsecount="0"/>
        <line num="553" count="13" type="stmt"/>
        <line num="554" count="13" type="cond" truecount="1" falsecount="0"/>
        <line num="555" count="13" type="stmt"/>
        <line num="556" count="13" type="stmt"/>
        <line num="557" count="13" type="cond" truecount="1" falsecount="1"/>
        <line num="558" count="13" type="cond" truecount="1" falsecount="0"/>
        <line num="559" count="13" type="stmt"/>
        <line num="560" count="1" type="stmt"/>
        <line num="561" count="1" type="stmt"/>
        <line num="562" count="1" type="stmt"/>
        <line num="563" count="1" type="stmt"/>
        <line num="564" count="1" type="stmt"/>
        <line num="565" count="1" type="cond" truecount="1" falsecount="0"/>
        <line num="566" count="10" type="stmt"/>
        <line num="567" count="10" type="stmt"/>
        <line num="568" count="10" type="stmt"/>
        <line num="569" count="10" type="cond" truecount="1" falsecount="0"/>
        <line num="570" count="11" type="stmt"/>
        <line num="571" count="11" type="cond" truecount="2" falsecount="0"/>
        <line num="572" count="11" type="cond" truecount="1" falsecount="0"/>
        <line num="573" count="48" type="stmt"/>
        <line num="574" count="48" type="cond" truecount="2" falsecount="0"/>
        <line num="575" count="46" type="cond" truecount="3" falsecount="0"/>
        <line num="576" count="46" type="cond" truecount="1" falsecount="0"/>
        <line num="577" count="46" type="cond" truecount="1" falsecount="0"/>
        <line num="578" count="46" type="stmt"/>
        <line num="579" count="48" type="cond" truecount="1" falsecount="0"/>
        <line num="580" count="10" type="stmt"/>
        <line num="581" count="10" type="stmt"/>
        <line num="582" count="10" type="cond" truecount="1" falsecount="0"/>
        <line num="583" count="10" type="cond" truecount="1" falsecount="0"/>
        <line num="584" count="10" type="stmt"/>
        <line num="585" count="10" type="stmt"/>
      </file>
      <file name="blocked-companies.ts" path="/Users/darshanaswathappa/Desktop/goonedin/analytics/src/lib/blocked-companies.ts">
        <metrics statements="37" coveredstatements="37" conditionals="11" coveredconditionals="11" methods="2" coveredmethods="2"/>
        <line num="1" count="1" type="stmt"/>
        <line num="2" count="1" type="stmt"/>
        <line num="3" count="1" type="stmt"/>
        <line num="4" count="1" type="stmt"/>
        <line num="5" count="1" type="stmt"/>
        <line num="6" count="1" type="stmt"/>
        <line num="7" count="1" type="stmt"/>
        <line num="8" count="1" type="stmt"/>
        <line num="9" count="1" type="stmt"/>
        <line num="10" count="1" type="stmt"/>
        <line num="11" count="1" type="cond" truecount="1" falsecount="0"/>
        <line num="12" count="6" type="cond" truecount="3" falsecount="0"/>
        <line num="13" count="5" type="stmt"/>
        <line num="14" count="5" type="stmt"/>
        <line num="15" count="5" type="stmt"/>
        <line num="16" count="5" type="stmt"/>
        <line num="17" count="5" type="stmt"/>
        <line num="18" count="5" type="stmt"/>
        <line num="19" count="6" type="cond" truecount="1" falsecount="0"/>
        <line num="20" count="2" type="stmt"/>
        <line num="21" count="2" type="cond" truecount="1" falsecount="0"/>
        <line num="22" count="2" type="cond" truecount="1" falsecount="0"/>
        <line num="23" count="3" type="stmt"/>
        <line num="24" count="3" type="cond" truecount="1" falsecount="0"/>
        <line num="25" count="4" type="stmt"/>
        <line num="26" count="3" type="stmt"/>
        <line num="27" count="3" type="stmt"/>
        <line num="28" count="3" type="stmt"/>
        <line num="29" count="3" type="stmt"/>
        <line num="30" count="1" type="stmt"/>
        <line num="31" count="1" type="stmt"/>
        <line num="32" count="1" type="stmt"/>
        <line num="33" count="1" type="stmt"/>
        <line num="34" count="1" type="cond" truecount="1" falsecount="0"/>
        <line num="35" count="11" type="stmt"/>
        <line num="36" count="11" type="cond" truecount="2" falsecount="0"/>
        <line num="37" count="11" type="stmt"/>
      </file>
      <file name="tokens.ts" path="/Users/darshanaswathappa/Desktop/goonedin/analytics/src/lib/tokens.ts">
        <metrics statements="58" coveredstatements="58" conditionals="2" coveredconditionals="2" methods="1" coveredmethods="1"/>
        <line num="1" count="1" type="stmt"/>
        <line num="2" count="1" type="stmt"/>
        <line num="3" count="1" type="stmt"/>
        <line num="4" count="1" type="stmt"/>
        <line num="5" count="1" type="stmt"/>
        <line num="6" count="1" type="stmt"/>
        <line num="7" count="1" type="stmt"/>
        <line num="8" count="1" type="stmt"/>
        <line num="9" count="1" type="stmt"/>
        <line num="10" count="1" type="stmt"/>
        <line num="11" count="1" type="stmt"/>
        <line num="12" count="1" type="stmt"/>
        <line num="13" count="1" type="stmt"/>
        <line num="14" count="1" type="stmt"/>
        <line num="15" count="1" type="stmt"/>
        <line num="16" count="1" type="stmt"/>
        <line num="17" count="1" type="cond" truecount="1" falsecount="0"/>
        <line num="18" count="36" type="cond" truecount="1" falsecount="0"/>
        <line num="19" count="36" type="stmt"/>
        <line num="20" count="1" type="stmt"/>
        <line num="21" count="1" type="stmt"/>
        <line num="22" count="1" type="stmt"/>
        <line num="23" count="1" type="stmt"/>
        <line num="24" count="1" type="stmt"/>
        <line num="25" count="1" type="stmt"/>
        <line num="26" count="1" type="stmt"/>
        <line num="27" count="1" type="stmt"/>
        <line num="28" count="1" type="stmt"/>
        <line num="29" count="1" type="stmt"/>
        <line num="30" count="1" type="stmt"/>
        <line num="31" count="1" type="stmt"/>
        <line num="32" count="1" type="stmt"/>
        <line num="33" count="1" type="stmt"/>
        <line num="34" count="1" type="stmt"/>
        <line num="35" count="1" type="stmt"/>
        <line num="36" count="1" type="stmt"/>
        <line num="37" count="1" type="stmt"/>
        <line num="38" count="1" type="stmt"/>
        <line num="39" count="1" type="stmt"/>
        <line num="40" count="1" type="stmt"/>
        <line num="41" count="1" type="stmt"/>
        <line num="42" count="1" type="stmt"/>
        <line num="43" count="1" type="stmt"/>
        <line num="44" count="1" type="stmt"/>
        <line num="45" count="1" type="stmt"/>
        <line num="46" count="1" type="stmt"/>
        <line num="47" count="1" type="stmt"/>
        <line num="48" count="1" type="stmt"/>
        <line num="49" count="1" type="stmt"/>
        <line num="50" count="1" type="stmt"/>
        <line num="51" count="1" type="stmt"/>
        <line num="52" count="1" type="stmt"/>
        <line num="53" count="1" type="stmt"/>
        <line num="54" count="1" type="stmt"/>
        <line num="55" count="1" type="stmt"/>
        <line num="56" count="1" type="stmt"/>
        <line num="57" count="1" type="stmt"/>
        <line num="58" count="1" type="stmt"/>
      </file>
    </package>
  </project>
</coverage>
