TN:
SF:src/components/ChartErrorBoundary.tsx
FN:16,ChartErrorBoundary
FN:21,getDerivedStateFromError
FN:25,render
FNF:3
FNH:3
FNDA:18,ChartErrorBoundary
FNDA:14,getDerivedStateFromError
FNDA:30,render
DA:1,1
DA:2,1
DA:3,1
DA:4,1
DA:5,1
DA:6,1
DA:7,1
DA:8,1
DA:9,1
DA:10,1
DA:11,1
DA:12,1
DA:13,1
DA:14,1
DA:15,1
DA:16,1
DA:17,18
DA:18,18
DA:19,18
DA:20,1
DA:21,1
DA:22,14
DA:23,14
DA:24,1
DA:25,1
DA:26,30
DA:27,14
DA:28,14
DA:29,14
DA:30,14
DA:31,14
DA:32,14
DA:33,14
DA:34,14
DA:35,14
DA:36,14
DA:37,14
DA:38,14
DA:39,14
DA:40,14
DA:41,14
DA:42,14
DA:43,14
DA:44,14
DA:45,14
DA:46,14
DA:47,14
DA:48,14
DA:49,14
DA:50,14
DA:51,14
DA:52,14
DA:53,14
DA:54,14
DA:55,14
DA:56,14
DA:57,14
DA:58,14
DA:59,14
DA:60,14
DA:61,14
DA:62,14
DA:63,14
DA:64,14
DA:65,14
DA:66,16
DA:67,16
DA:68,16
DA:69,1
LF:69
LH:69
BRDA:16,0,0,18
BRDA:21,1,0,14
BRDA:25,2,0,30
BRDA:26,3,0,14
BRDA:60,4,0,0
BRDA:65,5,0,16
BRF:6
BRH:5
end_of_record
TN:
SF:src/components/CommandPalette.tsx
FN:12,openCommandPalette
FN:16,toggleAICompanion
FN:20,switchDashboardTab
FN:25,buildCommands
FN:43,action
FN:54,action
FN:64,action
FN:74,action
FN:84,action
FN:93,GroupLabel
FN:113,CommandRow
FN:127,onMouseDown
FN:187,CommandPalette
FN:242,handleOpen
FN:258,handleKeyDown
FN:293,onOpenAutoFocus
FN:337,onChange
FNF:17
FNH:13
FNDA:6,openCommandPalette
FNDA:0,toggleAICompanion
FNDA:6,switchDashboardTab
FNDA:24,buildCommands
FNDA:1,action
FNDA:2,action
FNDA:1,action
FNDA:1,action
FNDA:1,action
FNDA:12,GroupLabel
FNDA:36,CommandRow
FNDA:6,onMouseDown
FNDA:24,CommandPalette
FNDA:6,handleOpen
FNDA:0,handleKeyDown
FNDA:0,onOpenAutoFocus
FNDA:0,onChange
DA:1,1
DA:2,1
DA:3,1
DA:4,1
DA:5,1
DA:6,1
DA:7,1
DA:8,1
DA:9,1
DA:10,1
DA:11,1
DA:12,1
DA:13,6
DA:14,6
DA:15,1
DA:16,1
DA:17,0
DA:18,0
DA:19,1
DA:20,1
DA:21,6
DA:22,6
DA:23,1
DA:24,1
DA:25,24
DA:26,24
DA:27,24
DA:28,24
DA:29,24
DA:30,24
DA:31,24
DA:32,24
DA:33,24
DA:34,24
DA:35,24
DA:36,24
DA:37,24
DA:38,24
DA:39,24
DA:40,24
DA:41,24
DA:42,24
DA:43,24
DA:44,1
DA:45,1
DA:46,1
DA:47,1
DA:48,24
DA:49,24
DA:50,24
DA:51,24
DA:52,24
DA:53,24
DA:54,24
DA:55,2
DA:56,2
DA:57,2
DA:58,24
DA:59,24
DA:60,24
DA:61,24
DA:62,24
DA:63,24
DA:64,24
DA:65,1
DA:66,1
DA:67,1
DA:68,24
DA:69,24
DA:70,24
DA:71,24
DA:72,24
DA:73,24
DA:74,24
DA:75,1
DA:76,1
DA:77,1
DA:78,24
DA:79,24
DA:80,24
DA:81,24
DA:82,24
DA:83,24
DA:84,24
DA:85,1
DA:86,1
DA:87,1
DA:88,24
DA:89,24
DA:90,24
DA:91,1
DA:92,1
DA:93,12
DA:94,12
DA:95,12
DA:96,12
DA:97,12
DA:98,12
DA:99,12
DA:100,12
DA:101,12
DA:102,12
DA:103,12
DA:104,12
DA:105,12
DA:106,12
DA:107,12
DA:108,12
DA:109,12
DA:110,12
DA:111,1
DA:112,1
DA:113,36
DA:114,36
DA:115,36
DA:116,36
DA:117,36
DA:118,36
DA:119,36
DA:120,36
DA:121,36
DA:122,36
DA:123,36
DA:124,36
DA:125,36
DA:126,36
DA:127,36
DA:128,6
DA:129,6
DA:130,6
DA:131,36
DA:132,36
DA:133,36
DA:134,36
DA:135,36
DA:136,36
DA:137,36
DA:138,36
DA:139,36
DA:140,36
DA:141,36
DA:142,36
DA:143,36
DA:144,36
DA:145,36
DA:146,36
DA:147,36
DA:148,36
DA:149,36
DA:150,36
DA:151,36
DA:152,36
DA:153,36
DA:154,36
DA:155,36
DA:156,36
DA:157,36
DA:158,36
DA:159,36
DA:160,36
DA:161,36
DA:162,36
DA:163,36
DA:164,36
DA:165,36
DA:166,36
DA:167,36
DA:168,36
DA:169,36
DA:170,36
DA:171,36
DA:172,36
DA:173,36
DA:174,36
DA:175,36
DA:176,36
DA:177,36
DA:178,36
DA:179,36
DA:180,36
DA:181,36
DA:182,36
DA:183,36
DA:184,36
DA:185,1
DA:186,1
DA:187,1
DA:188,24
DA:189,24
DA:190,24
DA:191,24
DA:192,24
DA:193,24
DA:194,24
DA:195,6
DA:196,6
DA:197,24
DA:198,24
DA:199,24
DA:200,0
DA:201,0
DA:202,0
DA:203,24
DA:204,24
DA:205,24
DA:206,24
DA:207,24
DA:208,24
DA:209,0
DA:210,0
DA:211,0
DA:212,0
DA:213,24
DA:214,24
DA:215,24
DA:216,24
DA:217,24
DA:218,24
DA:219,24
DA:220,48
DA:221,48
DA:222,48
DA:223,24
DA:224,24
DA:225,24
DA:226,24
DA:227,24
DA:228,24
DA:229,6
DA:230,24
DA:231,24
DA:232,24
DA:233,24
DA:234,6
DA:235,6
DA:236,6
DA:237,6
DA:238,24
DA:239,24
DA:240,24
DA:241,24
DA:242,6
DA:243,6
DA:244,6
DA:245,24
DA:246,24
DA:247,24
DA:248,24
DA:249,18
DA:250,6
DA:251,6
DA:252,18
DA:253,12
DA:254,12
DA:255,12
DA:256,24
DA:257,24
DA:258,24
DA:259,0
DA:260,0
DA:261,0
DA:262,0
DA:263,0
DA:264,0
DA:265,0
DA:266,0
DA:267,0
DA:268,0
DA:269,0
DA:270,0
DA:271,0
DA:272,0
DA:273,0
DA:274,0
DA:275,24
DA:276,24
DA:277,24
DA:278,24
DA:279,24
DA:280,24
DA:281,24
DA:282,24
DA:283,24
DA:284,24
DA:285,24
DA:286,24
DA:287,24
DA:288,24
DA:289,24
DA:290,24
DA:291,24
DA:292,24
DA:293,24
DA:294,24
DA:295,24
DA:296,24
DA:297,24
DA:298,24
DA:299,24
DA:300,24
DA:301,24
DA:302,24
DA:303,24
DA:304,24
DA:305,24
DA:306,24
DA:307,24
DA:308,24
DA:309,24
DA:310,24
DA:311,24
DA:312,24
DA:313,24
DA:314,24
DA:315,24
DA:316,24
DA:317,24
DA:318,24
DA:319,24
DA:320,24
DA:321,24
DA:322,24
DA:323,24
DA:324,24
DA:325,24
DA:326,24
DA:327,24
DA:328,24
DA:329,24
DA:330,24
DA:331,24
DA:332,24
DA:333,24
DA:334,24
DA:335,24
DA:336,24
DA:337,24
DA:338,24
DA:339,24
DA:340,24
DA:341,24
DA:342,24
DA:343,24
DA:344,24
DA:345,24
DA:346,0
DA:347,24
DA:348,24
DA:349,24
DA:350,24
DA:351,24
DA:352,24
DA:353,24
DA:354,24
DA:355,24
DA:356,24
DA:357,24
DA:358,24
DA:359,24
DA:360,24
DA:361,24
DA:362,24
DA:363,24
DA:364,24
DA:365,24
DA:366,24
DA:367,24
DA:368,24
DA:369,24
DA:370,24
DA:371,24
DA:372,24
DA:373,24
DA:374,24
DA:375,24
DA:376,24
DA:377,24
DA:378,24
DA:379,24
DA:380,24
DA:381,24
DA:382,24
DA:383,24
DA:384,24
DA:385,24
DA:386,24
DA:387,24
DA:388,0
DA:389,0
DA:390,0
DA:391,0
DA:392,0
DA:393,0
DA:394,0
DA:395,0
DA:396,0
DA:397,0
DA:398,0
DA:399,0
DA:400,0
DA:401,0
DA:402,24
DA:403,48
DA:404,48
DA:405,48
DA:406,48
DA:407,48
DA:408,144
DA:409,144
DA:410,144
DA:411,144
DA:412,144
DA:413,144
DA:414,144
DA:415,144
DA:416,144
DA:417,144
DA:418,48
DA:419,48
DA:420,48
DA:421,24
DA:422,24
DA:423,24
DA:424,24
DA:425,24
DA:426,24
DA:427,24
DA:428,24
DA:429,24
DA:430,24
DA:431,24
DA:432,24
DA:433,24
DA:434,24
DA:435,24
DA:436,24
DA:437,24
DA:438,24
DA:439,24
DA:440,24
DA:441,24
DA:442,24
DA:443,24
DA:444,24
DA:445,24
DA:446,24
DA:447,24
DA:448,24
LF:448
LH:408
BRDA:12,0,0,6
BRDA:20,1,0,6
BRDA:25,2,0,24
BRDA:43,3,0,1
BRDA:54,4,0,2
BRDA:64,5,0,1
BRDA:74,6,0,1
BRDA:84,7,0,1
BRDA:93,8,0,12
BRDA:113,9,0,36
BRDA:137,10,0,6
BRDA:137,11,0,30
BRDA:138,12,0,6
BRDA:138,13,0,30
BRDA:147,14,0,6
BRDA:147,15,0,30
BRDA:148,16,0,6
BRDA:148,17,0,30
BRDA:127,18,0,6
BRDA:187,19,0,24
BRDA:208,20,0,0
BRDA:219,21,0,48
BRDA:346,22,0,0
BRDA:387,23,0,0
BRDA:194,24,0,6
BRDA:220,25,0,288
BRDA:225,26,0,48
BRDA:228,27,0,6
BRDA:233,28,0,6
BRDA:235,29,0,0
BRDA:237,30,0,0
BRDA:241,31,0,6
BRDA:242,32,0,6
BRDA:244,33,0,6
BRDA:248,34,0,18
BRDA:249,35,0,6
BRDA:252,36,0,12
BRDA:251,37,0,6
BRDA:402,38,0,48
BRDA:407,39,0,144
BRF:40
BRH:35
end_of_record
TN:
SF:src/components/DashboardTabs.tsx
FN:120,DashboardTabs
FN:154,handler
FNF:2
FNH:2
FNDA:31,DashboardTabs
FNDA:16,handler
DA:1,1
DA:2,1
DA:3,1
DA:4,1
DA:5,1
DA:6,1
DA:7,1
DA:8,1
DA:9,1
DA:10,1
DA:11,1
DA:12,1
DA:13,1
DA:14,1
DA:15,1
DA:16,1
DA:17,1
DA:18,1
DA:19,1
DA:20,1
DA:21,1
DA:22,1
DA:23,1
DA:24,1
DA:25,1
DA:26,1
DA:27,1
DA:28,1
DA:29,1
DA:30,1
DA:31,1
DA:32,1
DA:33,1
DA:34,1
DA:35,1
DA:36,1
DA:37,1
DA:38,1
DA:39,1
DA:40,1
DA:41,1
DA:42,1
DA:43,1
DA:44,1
DA:45,1
DA:46,1
DA:47,1
DA:48,1
DA:49,1
DA:50,1
DA:51,1
DA:52,1
DA:53,1
DA:54,1
DA:55,1
DA:56,1
DA:57,1
DA:58,1
DA:59,1
DA:60,1
DA:61,1
DA:62,1
DA:63,1
DA:64,1
DA:65,1
DA:66,1
DA:67,1
DA:68,1
DA:69,1
DA:70,1
DA:71,1
DA:72,1
DA:73,1
DA:74,1
DA:75,1
DA:76,1
DA:77,1
DA:78,1
DA:79,1
DA:80,1
DA:81,1
DA:82,1
DA:83,1
DA:84,1
DA:85,1
DA:86,1
DA:87,1
DA:88,1
DA:89,1
DA:90,1
DA:91,1
DA:92,1
DA:93,1
DA:94,1
DA:95,1
DA:96,1
DA:97,1
DA:98,1
DA:99,1
DA:100,1
DA:101,1
DA:102,1
DA:103,1
DA:104,1
DA:105,1
DA:106,1
DA:107,1
DA:108,1
DA:109,1
DA:110,1
DA:111,1
DA:112,1
DA:113,1
DA:114,1
DA:115,1
DA:116,1
DA:117,1
DA:118,1
DA:119,1
DA:120,1
DA:121,31
DA:122,31
DA:123,31
DA:124,31
DA:125,31
DA:126,31
DA:127,31
DA:128,31
DA:129,31
DA:130,31
DA:131,31
DA:132,31
DA:133,31
DA:134,31
DA:135,31
DA:136,31
DA:137,31
DA:138,31
DA:139,31
DA:140,31
DA:141,31
DA:142,31
DA:143,31
DA:144,16
DA:145,16
DA:146,16
DA:147,14
DA:148,14
DA:149,14
DA:150,14
DA:151,31
DA:152,31
DA:153,31
DA:154,16
DA:155,16
DA:156,16
DA:157,16
DA:158,16
DA:159,16
DA:160,31
DA:161,31
DA:162,31
DA:163,31
DA:164,31
DA:165,31
DA:166,31
DA:167,31
DA:168,31
DA:169,31
DA:170,31
DA:171,31
DA:172,31
DA:173,31
DA:174,31
DA:175,31
DA:176,31
DA:177,31
DA:178,31
DA:179,31
DA:180,31
DA:181,31
DA:182,31
DA:183,31
DA:184,31
DA:185,31
DA:186,31
DA:187,31
DA:188,31
DA:189,31
DA:190,31
DA:191,31
DA:192,31
DA:193,31
DA:194,31
DA:195,31
DA:196,31
DA:197,31
DA:198,31
DA:199,31
DA:200,31
DA:201,31
DA:202,31
DA:203,31
DA:204,31
DA:205,31
DA:206,31
DA:207,31
DA:208,31
DA:209,31
DA:210,31
DA:211,31
DA:212,31
DA:213,31
DA:214,31
DA:215,31
DA:216,31
DA:217,31
DA:218,31
DA:219,31
DA:220,31
DA:221,31
DA:222,31
DA:223,31
DA:224,31
DA:225,31
DA:226,31
DA:227,31
DA:228,31
DA:229,31
DA:230,31
DA:231,31
DA:232,31
DA:233,31
DA:234,31
DA:235,31
DA:236,17
DA:237,17
DA:238,17
DA:239,17
DA:240,31
DA:241,31
DA:242,31
DA:243,31
DA:244,31
DA:245,31
DA:246,31
DA:247,31
DA:248,31
DA:249,31
DA:250,31
DA:251,17
DA:252,17
DA:253,17
DA:254,17
DA:255,17
DA:256,31
DA:257,31
DA:258,31
DA:259,31
DA:260,31
DA:261,31
DA:262,31
DA:263,31
DA:264,31
DA:265,31
DA:266,31
DA:267,31
DA:268,31
DA:269,31
DA:270,31
DA:271,31
DA:272,31
DA:273,31
DA:274,31
DA:275,31
DA:276,6
DA:277,6
DA:278,31
DA:279,31
DA:280,31
DA:281,31
DA:282,31
DA:283,31
DA:284,31
DA:285,6
DA:286,6
DA:287,31
DA:288,31
DA:289,31
DA:290,31
DA:291,31
DA:292,31
DA:293,31
DA:294,31
DA:295,31
DA:296,31
DA:297,31
DA:298,31
DA:299,31
DA:300,31
DA:301,6
DA:302,6
DA:303,31
DA:304,31
DA:305,31
DA:306,31
DA:307,31
DA:308,31
DA:309,31
DA:310,6
DA:311,6
DA:312,31
DA:313,31
DA:314,31
DA:315,31
DA:316,31
DA:317,31
DA:318,31
DA:319,31
DA:320,31
DA:321,31
DA:322,31
DA:323,6
DA:324,6
DA:325,6
DA:326,6
DA:327,6
DA:328,6
DA:329,31
DA:330,31
DA:331,31
DA:332,31
DA:333,31
DA:334,31
DA:335,31
DA:336,31
DA:337,31
DA:338,31
DA:339,31
DA:340,31
DA:341,31
DA:342,31
DA:343,31
DA:344,5
DA:345,5
DA:346,31
DA:347,31
DA:348,31
DA:349,31
DA:350,31
DA:351,31
DA:352,31
DA:353,31
DA:354,31
DA:355,31
DA:356,31
DA:357,31
DA:358,31
DA:359,31
DA:360,31
DA:361,31
DA:362,31
DA:363,31
DA:364,31
DA:365,31
DA:366,31
DA:367,31
DA:368,31
DA:369,31
DA:370,31
DA:371,31
DA:372,31
DA:373,31
DA:374,31
DA:375,31
DA:376,31
DA:377,31
DA:378,31
DA:379,31
DA:380,31
DA:381,31
DA:382,31
DA:383,31
DA:384,31
DA:385,31
DA:386,31
DA:387,31
DA:388,5
DA:389,5
DA:390,31
DA:391,31
DA:392,31
DA:393,31
DA:394,31
DA:395,31
DA:396,31
DA:397,5
DA:398,5
DA:399,5
DA:400,5
DA:401,5
DA:402,31
DA:403,31
DA:404,31
DA:405,31
DA:406,31
DA:407,31
DA:408,31
DA:409,31
DA:410,31
DA:411,31
DA:412,31
DA:413,31
DA:414,31
DA:415,31
DA:416,4
DA:417,4
DA:418,4
DA:419,4
DA:420,4
DA:421,4
DA:422,4
DA:423,31
DA:424,31
DA:425,31
DA:426,31
DA:427,31
DA:428,31
DA:429,31
DA:430,5
DA:431,5
DA:432,31
DA:433,31
DA:434,31
DA:435,31
DA:436,31
DA:437,31
DA:438,31
DA:439,31
DA:440,31
DA:441,31
DA:442,31
DA:443,5
DA:444,5
DA:445,5
DA:446,5
DA:447,5
DA:448,5
DA:449,5
DA:450,31
DA:451,31
DA:452,31
DA:453,31
DA:454,31
DA:455,31
DA:456,31
DA:457,5
DA:458,5
DA:459,31
DA:460,31
DA:461,31
DA:462,31
DA:463,31
DA:464,31
DA:465,31
DA:466,31
DA:467,31
DA:468,31
DA:469,31
DA:470,31
DA:471,31
DA:472,31
DA:473,31
DA:474,3
DA:475,3
DA:476,3
DA:477,3
DA:478,31
DA:479,31
DA:480,31
DA:481,31
DA:482,31
DA:483,31
DA:484,31
DA:485,3
DA:486,3
DA:487,3
DA:488,3
DA:489,3
DA:490,3
DA:491,31
DA:492,31
DA:493,31
DA:494,31
DA:495,31
DA:496,31
DA:497,31
DA:498,31
DA:499,31
DA:500,31
DA:501,31
DA:502,3
DA:503,3
DA:504,31
DA:505,31
DA:506,31
DA:507,31
DA:508,31
DA:509,31
DA:510,31
DA:511,31
DA:512,31
DA:513,31
DA:514,31
DA:515,31
DA:516,31
LF:516
LH:516
BRDA:120,0,0,31
BRDA:162,1,0,17
BRDA:162,2,0,14
BRDA:177,3,0,17
BRDA:177,4,0,14
BRDA:185,5,0,17
BRDA:185,6,0,14
BRDA:186,7,0,17
BRDA:186,8,0,14
BRDA:192,9,0,17
BRDA:192,10,0,14
BRDA:199,11,0,17
BRDA:199,12,0,14
BRDA:206,13,0,17
BRDA:206,14,0,14
BRDA:232,15,0,17
BRDA:232,16,0,14
BRDA:235,17,0,17
BRDA:235,18,0,14
BRDA:235,19,0,17
BRDA:237,20,0,0
BRDA:250,21,0,17
BRDA:250,22,0,14
BRDA:250,23,0,17
BRDA:252,24,0,0
BRDA:253,25,0,0
BRDA:263,26,0,17
BRDA:263,27,0,14
BRDA:266,28,0,17
BRDA:266,29,0,14
BRDA:272,30,0,4
BRDA:272,31,0,4
BRDA:275,32,0,6
BRDA:275,33,0,2
BRDA:275,34,0,6
BRDA:276,35,0,0
BRDA:284,36,0,6
BRDA:284,37,0,2
BRDA:284,38,0,6
BRDA:285,39,0,0
BRDA:294,40,0,6
BRDA:294,41,0,2
BRDA:300,42,0,6
BRDA:300,43,0,2
BRDA:300,44,0,6
BRDA:301,45,0,0
BRDA:309,46,0,6
BRDA:309,47,0,2
BRDA:309,48,0,6
BRDA:310,49,0,0
BRDA:322,50,0,6
BRDA:322,51,0,2
BRDA:322,52,0,6
BRDA:324,53,0,0
BRDA:325,54,0,0
BRDA:326,55,0,0
BRDA:340,56,0,3
BRDA:340,57,0,3
BRDA:343,58,0,5
BRDA:343,59,0,1
BRDA:343,60,0,5
BRDA:344,61,0,0
BRDA:353,62,0,5
BRDA:353,63,0,1
BRDA:354,64,0,5
BRDA:354,65,0,1
BRDA:361,66,0,5
BRDA:362,67,0,5
BRDA:363,68,0,5
BRDA:364,69,0,5
BRDA:365,70,0,5
BRDA:366,71,0,5
BRDA:367,72,0,5
BRDA:370,73,0,5
BRDA:370,74,0,1
BRDA:371,75,0,5
BRDA:371,76,0,1
BRDA:372,77,0,5
BRDA:372,78,0,1
BRDA:373,79,0,5
BRDA:373,80,0,1
BRDA:374,81,0,5
BRDA:374,82,0,1
BRDA:375,83,0,5
BRDA:375,84,0,1
BRDA:376,85,0,5
BRDA:376,86,0,1
BRDA:377,87,0,5
BRDA:377,88,0,1
BRDA:384,89,0,4
BRDA:384,90,0,2
BRDA:387,91,0,5
BRDA:387,92,0,1
BRDA:387,93,0,5
BRDA:388,94,0,0
BRDA:396,95,0,5
BRDA:396,96,0,1
BRDA:396,97,0,5
BRDA:398,98,0,0
BRDA:399,99,0,0
BRDA:409,100,0,5
BRDA:409,101,0,1
BRDA:415,102,0,5
BRDA:415,103,0,1
BRDA:415,104,0,4
BRDA:417,105,0,0
BRDA:418,106,0,0
BRDA:419,107,0,0
BRDA:420,108,0,0
BRDA:429,109,0,5
BRDA:429,110,0,1
BRDA:429,111,0,5
BRDA:430,112,0,0
BRDA:442,113,0,5
BRDA:442,114,0,1
BRDA:442,115,0,5
BRDA:444,116,0,0
BRDA:445,117,0,0
BRDA:446,118,0,0
BRDA:447,119,0,0
BRDA:456,120,0,5
BRDA:456,121,0,1
BRDA:456,122,0,5
BRDA:457,123,0,0
BRDA:470,124,0,3
BRDA:470,125,0,1
BRDA:473,126,0,3
BRDA:473,127,0,1
BRDA:473,128,0,3
BRDA:475,129,0,0
BRDA:484,130,0,3
BRDA:484,131,0,1
BRDA:484,132,0,3
BRDA:486,133,0,0
BRDA:487,134,0,0
BRDA:488,135,0,0
BRDA:501,136,0,3
BRDA:501,137,0,1
BRDA:501,138,0,3
BRDA:502,139,0,0
BRDA:140,140,0,16
BRDA:143,141,0,16
BRDA:145,142,0,16
BRDA:146,143,0,2
BRDA:146,144,0,14
BRDA:153,145,0,16
BRDA:154,146,0,16
BRDA:156,147,0,15
BRDA:159,148,0,16
BRDA:162,149,0,17
BRDA:415,150,0,5
BRF:151
BRH:122
end_of_record
TN:
SF:src/components/EmptyPanel.tsx
FN:9,EmptyPanel
FNF:1
FNH:1
FNDA:57,EmptyPanel
DA:1,1
DA:2,1
DA:3,1
DA:4,1
DA:5,1
DA:6,1
DA:7,1
DA:8,1
DA:9,1
DA:10,57
DA:11,57
DA:12,57
DA:13,57
DA:14,57
DA:15,57
DA:16,57
DA:17,57
DA:18,57
DA:19,57
DA:20,57
DA:21,57
DA:22,57
DA:23,57
DA:24,57
DA:25,57
DA:26,57
DA:27,57
DA:28,57
DA:29,57
DA:30,57
DA:31,57
DA:32,57
LF:32
LH:32
BRDA:9,0,0,57
BRF:1
BRH:1
end_of_record
TN:
SF:src/components/MetricCard.tsx
FN:25,MetricCard
FNF:1
FNH:1
FNDA:11,MetricCard
DA:1,1
DA:2,1
DA:3,1
DA:4,1
DA:5,1
DA:6,1
DA:7,1
DA:8,1
DA:9,1
DA:10,1
DA:11,1
DA:12,1
DA:13,1
DA:14,1
DA:15,1
DA:16,1
DA:17,1
DA:18,1
DA:19,1
DA:20,1
DA:21,1
DA:22,1
DA:23,1
DA:24,1
DA:25,1
DA:26,11
DA:27,11
DA:28,11
DA:29,11
DA:30,11
DA:31,11
DA:32,11
DA:33,11
DA:34,11
DA:35,11
DA:36,11
DA:37,11
DA:38,11
DA:39,11
DA:40,11
DA:41,11
DA:42,11
DA:43,0
DA:44,0
DA:45,0
DA:46,11
DA:47,11
DA:48,11
DA:49,11
DA:50,11
DA:51,11
DA:52,11
DA:53,11
DA:54,11
DA:55,11
DA:56,11
DA:57,11
DA:58,11
DA:59,11
DA:60,11
DA:61,11
DA:62,11
DA:63,11
DA:64,11
DA:65,11
DA:66,11
DA:67,11
DA:68,11
DA:69,11
DA:70,11
DA:71,11
DA:72,11
DA:73,11
DA:74,11
DA:75,11
DA:76,11
DA:77,11
DA:78,11
DA:79,11
DA:80,11
DA:81,11
DA:82,11
DA:83,11
DA:84,11
DA:85,11
DA:86,11
DA:87,11
DA:88,11
DA:89,11
DA:90,11
DA:91,11
DA:92,11
DA:93,11
DA:94,11
DA:95,11
DA:96,11
DA:97,11
DA:98,11
DA:99,11
DA:100,11
DA:101,11
DA:102,11
DA:103,11
DA:104,11
DA:105,11
DA:106,11
DA:107,11
DA:108,11
DA:109,11
DA:110,11
DA:111,11
DA:112,11
DA:113,11
DA:114,11
DA:115,11
DA:116,11
DA:117,11
DA:118,11
DA:119,11
DA:120,11
DA:121,11
DA:122,11
DA:123,11
DA:124,11
DA:125,11
DA:126,11
DA:127,11
DA:128,11
DA:129,11
DA:130,11
DA:131,11
DA:132,11
DA:133,11
DA:134,11
DA:135,11
DA:136,11
DA:137,11
DA:138,11
DA:139,11
DA:140,11
DA:141,11
DA:142,11
DA:143,11
DA:144,11
DA:145,11
DA:146,11
DA:147,11
DA:148,11
DA:149,11
DA:150,11
DA:151,11
DA:152,11
DA:153,11
DA:154,11
DA:155,11
DA:156,11
DA:157,11
DA:158,11
DA:159,11
DA:160,11
DA:161,11
DA:162,11
DA:163,11
LF:163
LH:160
BRDA:25,0,0,11
BRDA:91,1,0,10
BRDA:91,2,0,1
BRDA:93,3,0,10
BRDA:119,4,0,1
BRDA:119,5,0,1
BRDA:123,6,0,1
BRDA:123,7,0,1
BRDA:131,8,0,3
BRDA:37,9,0,11
BRDA:39,10,0,0
BRDA:47,11,0,11
BRF:12
BRH:11
end_of_record
TN:
SF:src/components/SafePanel.tsx
FN:11,SafePanel
FNF:1
FNH:1
FNDA:8,SafePanel
DA:1,1
DA:2,1
DA:3,1
DA:4,1
DA:5,1
DA:6,1
DA:7,1
DA:8,1
DA:9,1
DA:10,1
DA:11,1
DA:12,8
DA:13,8
DA:14,8
DA:15,8
DA:16,8
DA:17,8
LF:17
LH:17
BRDA:11,0,0,8
BRF:1
BRH:1
end_of_record
TN:
SF:src/components/ScanlineOverlay.tsx
FN:3,ScanlineOverlay
FNF:1
FNH:1
FNDA:3,ScanlineOverlay
DA:1,1
DA:2,1
DA:3,1
DA:4,3
DA:5,3
LF:5
LH:5
BRDA:3,0,0,3
BRF:1
BRH:1
end_of_record
TN:
SF:src/components/TabNav.tsx
FN:18,TabNav
FN:21,handleKeyDown
FN:54,onClick
FN:55,onMouseEnter
FN:56,onMouseLeave
FN:57,onKeyDown
FNF:6
FNH:6
FNDA:47,TabNav
FNDA:5,handleKeyDown
FNDA:5,onClick
FNDA:3,onMouseEnter
FNDA:3,onMouseLeave
FNDA:5,onKeyDown
DA:1,1
DA:2,1
DA:3,1
DA:4,1
DA:5,1
DA:6,1
DA:7,1
DA:8,1
DA:9,1
DA:10,1
DA:11,1
DA:12,1
DA:13,1
DA:14,1
DA:15,1
DA:16,1
DA:17,1
DA:18,1
DA:19,47
DA:20,47
DA:21,47
DA:22,5
DA:23,5
DA:24,2
DA:25,2
DA:26,5
DA:27,2
DA:28,2
DA:29,2
DA:30,5
DA:31,47
DA:32,47
DA:33,47
DA:34,47
DA:35,47
DA:36,47
DA:37,47
DA:38,47
DA:39,47
DA:40,47
DA:41,47
DA:42,47
DA:43,47
DA:44,47
DA:45,235
DA:46,235
DA:47,235
DA:48,235
DA:49,235
DA:50,235
DA:51,235
DA:52,235
DA:53,235
DA:54,235
DA:55,235
DA:56,235
DA:57,235
DA:58,235
DA:59,235
DA:60,235
DA:61,235
DA:62,235
DA:63,235
DA:64,235
DA:65,235
DA:66,235
DA:67,235
DA:68,235
DA:69,47
DA:70,188
DA:71,2
DA:72,186
DA:73,235
DA:74,235
DA:75,235
DA:76,235
DA:77,235
DA:78,235
DA:79,235
DA:80,47
DA:81,47
DA:82,47
LF:82
LH:82
BRDA:18,0,0,47
BRDA:21,1,0,5
BRDA:23,2,0,2
BRDA:26,3,0,3
BRDA:26,4,0,2
BRDA:22,5,0,10
BRDA:44,6,0,235
BRDA:53,7,0,47
BRDA:53,8,0,188
BRDA:67,9,0,47
BRDA:67,10,0,188
BRDA:68,11,0,47
BRDA:69,12,0,188
BRDA:70,13,0,2
BRDA:71,14,0,186
BRDA:73,15,0,47
BRDA:73,16,0,188
BRDA:54,17,0,5
BRDA:55,18,0,3
BRDA:56,19,0,3
BRDA:57,20,0,5
BRF:21
BRH:21
end_of_record
TN:
SF:src/lib/analytics.ts
FN:19,deduplicateJobs
FN:40,resolveJobDate
FN:62,aggregateSkills
FN:88,aggregateSoftSkills
FN:143,parseSalaryToAnnual
FN:186,aggregateSalary
FN:253,extractSeniority
FN:268,aggregateSeniority
FN:292,aggregateWeekday
FN:316,aggregateTitleKeywords
FN:347,aggregateVisa
FN:351,normalize
FN:410,normalizeLocation
FN:425,aggregateLocations
FN:444,fillDateRange
FN:466,parseAnalysis
FN:479,normalizeKeyword
FN:491,extractSoftSkill
FN:521,aggregateJobFunctions
FN:565,aggregateGoodToHave
FNF:20
FNH:20
FNDA:5,deduplicateJobs
FNDA:6,resolveJobDate
FNDA:6,aggregateSkills
FNDA:8,aggregateSoftSkills
FNDA:13,parseSalaryToAnnual
FNDA:15,aggregateSalary
FNDA:31,extractSeniority
FNDA:5,aggregateSeniority
FNDA:4,aggregateWeekday
FNDA:6,aggregateTitleKeywords
FNDA:10,aggregateVisa
FNDA:11,normalize
FNDA:39,normalizeLocation
FNDA:5,aggregateLocations
FNDA:7,fillDateRange
FNDA:31,parseAnalysis
FNDA:11,normalizeKeyword
FNDA:6,extractSoftSkill
FNDA:13,aggregateJobFunctions
FNDA:10,aggregateGoodToHave
DA:1,1
DA:2,1
DA:3,1
DA:4,1
DA:5,1
DA:6,1
DA:7,1
DA:8,1
DA:9,1
DA:10,1
DA:11,1
DA:12,1
DA:13,1
DA:14,1
DA:15,1
DA:16,1
DA:17,1
DA:18,1
DA:19,1
DA:20,5
DA:21,5
DA:22,5
DA:23,5
DA:24,3
DA:25,3
DA:26,3
DA:27,3
DA:28,5
DA:29,5
DA:30,7
DA:31,7
DA:32,5
DA:33,5
DA:34,1
DA:35,1
DA:36,1
DA:37,1
DA:38,1
DA:39,1
DA:40,1
DA:41,6
DA:42,6
DA:43,6
DA:44,6
DA:45,6
DA:46,6
DA:47,6
DA:48,6
DA:49,6
DA:50,3
DA:51,2
DA:52,6
DA:53,1
DA:54,1
DA:55,6
DA:56,6
DA:57,1
DA:58,1
DA:59,1
DA:60,1
DA:61,1
DA:62,1
DA:63,6
DA:64,6
DA:65,6
DA:66,6
DA:67,6
DA:68,7
DA:69,7
DA:70,6
DA:71,6
DA:72,7
DA:73,7
DA:74,7
DA:75,7
DA:76,7
DA:77,11
DA:78,11
DA:79,11
DA:80,6
DA:81,6
DA:82,6
DA:83,6
DA:84,6
DA:85,6
DA:86,6
DA:87,1
DA:88,1
DA:89,8
DA:90,8
DA:91,8
DA:92,8
DA:93,8
DA:94,7
DA:95,7
DA:96,6
DA:97,6
DA:98,6
DA:99,6
DA:100,6
DA:101,6
DA:102,8
DA:103,8
DA:104,8
DA:105,8
DA:106,8
DA:107,8
DA:108,1
DA:109,1
DA:110,1
DA:111,1
DA:112,1
DA:113,1
DA:114,1
DA:115,1
DA:116,1
DA:117,1
DA:118,1
DA:119,1
DA:120,1
DA:121,1
DA:122,1
DA:123,1
DA:124,1
DA:125,1
DA:126,1
DA:127,1
DA:128,1
DA:129,1
DA:130,1
DA:131,1
DA:132,1
DA:133,1
DA:134,1
DA:135,1
DA:136,1
DA:137,1
DA:138,1
DA:139,1
DA:140,1
DA:141,1
DA:142,1
DA:143,13
DA:144,13
DA:145,13
DA:146,13
DA:147,13
DA:148,13
DA:149,13
DA:150,13
DA:151,13
DA:152,0
DA:153,0
DA:154,13
DA:155,13
DA:156,13
DA:157,13
DA:158,13
DA:159,13
DA:160,13
DA:161,13
DA:162,13
DA:163,17
DA:164,17
DA:165,17
DA:166,17
DA:167,13
DA:168,13
DA:169,13
DA:170,13
DA:171,13
DA:172,13
DA:173,13
DA:174,11
DA:175,13
DA:176,13
DA:177,13
DA:178,13
DA:179,13
DA:180,13
DA:181,13
DA:182,13
DA:183,10
DA:184,10
DA:185,1
DA:186,1
DA:187,15
DA:188,15
DA:189,15
DA:190,15
DA:191,15
DA:192,15
DA:193,15
DA:194,15
DA:195,15
DA:196,19
DA:197,19
DA:198,6
DA:199,6
DA:200,6
DA:201,13
DA:202,13
DA:203,19
DA:204,0
DA:205,0
DA:206,0
DA:207,13
DA:208,13
DA:209,13
DA:210,19
DA:211,42
DA:212,13
DA:213,13
DA:214,13
DA:215,42
DA:216,13
DA:217,15
DA:218,15
DA:219,90
DA:220,90
DA:221,15
DA:222,15
DA:223,15
DA:224,15
DA:225,10
DA:226,10
DA:227,10
DA:228,10
DA:229,1
DA:230,9
DA:231,10
DA:232,15
DA:233,15
DA:234,15
DA:235,15
DA:236,15
DA:237,15
DA:238,1
DA:239,1
DA:240,1
DA:241,1
DA:242,1
DA:243,1
DA:244,1
DA:245,1
DA:246,1
DA:247,1
DA:248,1
DA:249,1
DA:250,1
DA:251,1
DA:252,1
DA:253,1
DA:254,31
DA:255,31
DA:256,28
DA:257,31
DA:258,21
DA:259,31
DA:260,18
DA:261,31
DA:262,14
DA:263,31
DA:264,31
DA:265,2
DA:266,2
DA:267,1
DA:268,1
DA:269,5
DA:270,5
DA:271,5
DA:272,5
DA:273,10
DA:274,8
DA:275,10
DA:276,10
DA:277,5
DA:278,5
DA:279,5
DA:280,5
DA:281,5
DA:282,5
DA:283,5
DA:284,5
DA:285,1
DA:286,1
DA:287,1
DA:288,1
DA:289,1
DA:290,1
DA:291,1
DA:292,1
DA:293,4
DA:294,4
DA:295,4
DA:296,4
DA:297,5
DA:298,5
DA:299,4
DA:300,5
DA:301,5
DA:302,4
DA:303,4
DA:304,1
DA:305,1
DA:306,1
DA:307,1
DA:308,1
DA:309,1
DA:310,1
DA:311,1
DA:312,1
DA:313,1
DA:314,1
DA:315,1
DA:316,1
DA:317,6
DA:318,6
DA:319,6
DA:320,6
DA:321,9
DA:322,7
DA:323,7
DA:324,7
DA:325,7
DA:326,7
DA:327,9
DA:328,11
DA:329,11
DA:330,7
DA:331,6
DA:332,6
DA:333,6
DA:334,6
DA:335,6
DA:336,1
DA:337,1
DA:338,1
DA:339,1
DA:340,1
DA:341,1
DA:342,1
DA:343,1
DA:344,1
DA:345,1
DA:346,1
DA:347,1
DA:348,10
DA:349,10
DA:350,10
DA:351,10
DA:352,11
DA:353,10
DA:354,11
DA:355,11
DA:356,11
DA:357,11
DA:358,1
DA:359,1
DA:360,10
DA:361,10
DA:362,11
DA:363,11
DA:364,11
DA:365,10
DA:366,10
DA:367,10
DA:368,10
DA:369,10
DA:370,10
DA:371,10
DA:372,10
DA:373,10
DA:374,10
DA:375,10
DA:376,10
DA:377,10
DA:378,1
DA:379,1
DA:380,1
DA:381,1
DA:382,1
DA:383,1
DA:384,1
DA:385,1
DA:386,1
DA:387,1
DA:388,1
DA:389,1
DA:390,1
DA:391,1
DA:392,1
DA:393,1
DA:394,1
DA:395,1
DA:396,1
DA:397,1
DA:398,1
DA:399,1
DA:400,1
DA:401,1
DA:402,1
DA:403,1
DA:404,1
DA:405,1
DA:406,1
DA:407,1
DA:408,1
DA:409,1
DA:410,1
DA:411,39
DA:412,36
DA:413,39
DA:414,34
DA:415,39
DA:416,585
DA:417,585
DA:418,20
DA:419,20
DA:420,20
DA:421,20
DA:422,0
DA:423,39
DA:424,1
DA:425,1
DA:426,5
DA:427,5
DA:428,5
DA:429,5
DA:430,27
DA:431,27
DA:432,27
DA:433,27
DA:434,5
DA:435,5
DA:436,5
DA:437,5
DA:438,5
DA:439,1
DA:440,1
DA:441,1
DA:442,1
DA:443,1
DA:444,1
DA:445,7
DA:446,7
DA:447,7
DA:448,7
DA:449,7
DA:450,7
DA:451,7
DA:452,7
DA:453,171
DA:454,171
DA:455,171
DA:456,171
DA:457,171
DA:458,7
DA:459,7
DA:460,7
DA:461,1
DA:462,1
DA:463,1
DA:464,1
DA:465,1
DA:466,1
DA:467,31
DA:468,31
DA:469,3
DA:470,3
DA:471,3
DA:472,1
DA:473,1
DA:474,3
DA:475,31
DA:476,1
DA:477,1
DA:478,1
DA:479,11
DA:480,11
DA:481,11
DA:482,11
DA:483,11
DA:484,11
DA:485,11
DA:486,11
DA:487,11
DA:488,10
DA:489,10
DA:490,1
DA:491,6
DA:492,6
DA:493,6
DA:494,6
DA:495,6
DA:496,6
DA:497,6
DA:498,6
DA:499,6
DA:500,6
DA:501,6
DA:502,6
DA:503,6
DA:504,6
DA:505,6
DA:506,6
DA:507,6
DA:508,6
DA:509,6
DA:510,6
DA:511,36
DA:512,36
DA:513,1
DA:514,6
DA:515,6
DA:516,1
DA:517,1
DA:518,1
DA:519,1
DA:520,1
DA:521,1
DA:522,13
DA:523,13
DA:524,13
DA:525,13
DA:526,13
DA:527,13
DA:528,13
DA:529,13
DA:530,13
DA:531,13
DA:532,13
DA:533,13
DA:534,13
DA:535,13
DA:536,13
DA:537,13
DA:538,13
DA:539,13
DA:540,24
DA:541,23
DA:542,24
DA:543,125
DA:544,19
DA:545,19
DA:546,19
DA:547,19
DA:548,125
DA:549,24
DA:550,24
DA:551,13
DA:552,13
DA:553,13
DA:554,13
DA:555,13
DA:556,13
DA:557,13
DA:558,13
DA:559,13
DA:560,1
DA:561,1
DA:562,1
DA:563,1
DA:564,1
DA:565,1
DA:566,10
DA:567,10
DA:568,10
DA:569,10
DA:570,11
DA:571,11
DA:572,11
DA:573,48
DA:574,48
DA:575,46
DA:576,46
DA:577,46
DA:578,46
DA:579,48
DA:580,10
DA:581,10
DA:582,10
DA:583,10
DA:584,10
DA:585,10
LF:585
LH:579
BRDA:19,0,0,5
BRDA:29,1,0,7
BRDA:30,2,0,5
BRDA:23,3,0,3
BRDA:24,4,0,0
BRDA:25,5,0,1
BRDA:26,6,0,2
BRDA:26,7,0,1
BRDA:26,8,0,0
BRDA:40,9,0,6
BRDA:49,10,0,3
BRDA:50,11,0,2
BRDA:52,12,0,1
BRDA:54,13,0,5
BRDA:55,14,0,3
BRDA:55,15,0,2
BRDA:62,16,0,6
BRDA:67,17,0,7
BRDA:69,18,0,1
BRDA:69,19,0,6
BRDA:72,20,0,0
BRDA:73,21,0,0
BRDA:76,22,0,11
BRDA:78,23,0,7
BRDA:79,24,0,6
BRDA:83,25,0,7
BRDA:84,26,0,5
BRDA:88,27,0,8
BRDA:93,28,0,7
BRDA:95,29,0,1
BRDA:95,30,0,6
BRDA:104,31,0,6
BRDA:143,32,0,13
BRDA:151,33,0,2
BRDA:151,34,0,0
BRDA:156,35,0,2
BRDA:162,36,0,17
BRDA:165,37,0,2
BRDA:165,38,0,15
BRDA:168,39,0,0
BRDA:171,40,0,2
BRDA:173,41,0,11
BRDA:173,42,0,1
BRDA:175,43,0,10
BRDA:177,44,0,0
BRDA:181,45,0,2
BRDA:181,46,0,11
BRDA:182,47,0,1
BRDA:182,48,0,10
BRDA:172,49,0,3
BRDA:174,50,0,2
BRDA:175,51,0,12
BRDA:179,52,0,17
BRDA:186,53,0,15
BRDA:195,54,0,19
BRDA:196,55,0,18
BRDA:196,56,0,1
BRDA:197,57,0,17
BRDA:197,58,0,6
BRDA:200,59,0,13
BRDA:203,60,0,0
BRDA:206,61,0,13
BRDA:210,62,0,42
BRDA:211,63,0,13
BRDA:215,64,0,13
BRDA:224,65,0,10
BRDA:228,66,0,1
BRDA:229,67,0,9
BRDA:233,68,0,14
BRDA:234,69,0,14
BRDA:234,70,0,1
BRDA:218,71,0,90
BRDA:221,72,0,90
BRDA:225,73,0,3
BRDA:253,74,0,31
BRDA:255,75,0,3
BRDA:255,76,0,28
BRDA:257,77,0,7
BRDA:257,78,0,21
BRDA:259,79,0,3
BRDA:259,80,0,18
BRDA:261,81,0,4
BRDA:261,82,0,14
BRDA:263,83,0,3
BRDA:263,84,0,11
BRDA:264,85,0,9
BRDA:264,86,0,2
BRDA:268,87,0,5
BRDA:272,88,0,10
BRDA:273,89,0,2
BRDA:273,90,0,8
BRDA:275,91,0,5
BRDA:278,92,0,5
BRDA:281,93,0,0
BRDA:283,94,0,2
BRDA:292,95,0,4
BRDA:296,96,0,5
BRDA:297,97,0,2
BRDA:298,98,0,1
BRDA:298,99,0,4
BRDA:300,100,0,4
BRDA:302,101,0,28
BRDA:316,102,0,6
BRDA:320,103,0,9
BRDA:321,104,0,2
BRDA:321,105,0,7
BRDA:327,106,0,11
BRDA:328,107,0,8
BRDA:329,108,0,7
BRDA:326,109,0,20
BRDA:326,110,0,18
BRDA:332,111,0,8
BRDA:333,112,0,10
BRDA:347,113,0,10
BRDA:361,114,0,11
BRDA:362,115,0,2
BRDA:362,116,0,1
BRDA:363,117,0,9
BRDA:351,118,0,11
BRDA:352,119,0,1
BRDA:352,120,0,10
BRDA:354,121,0,4
BRDA:354,122,0,1
BRDA:354,123,0,9
BRDA:355,124,0,3
BRDA:355,125,0,6
BRDA:356,126,0,4
BRDA:356,127,0,2
BRDA:356,128,0,4
BRDA:357,129,0,3
BRDA:357,130,0,2
BRDA:357,131,0,3
BRDA:357,132,0,1
BRDA:375,133,0,9
BRDA:375,134,0,0
BRDA:410,135,0,39
BRDA:411,136,0,3
BRDA:411,137,0,36
BRDA:413,138,0,3
BRDA:413,139,0,2
BRDA:413,140,0,34
BRDA:415,141,0,585
BRDA:416,142,0,14
BRDA:417,143,0,20
BRDA:421,144,0,0
BRDA:420,145,0,40
BRDA:425,146,0,5
BRDA:429,147,0,27
BRDA:431,148,0,26
BRDA:431,149,0,1
BRDA:431,150,0,26
BRDA:432,151,0,24
BRDA:435,152,0,24
BRDA:436,153,0,21
BRDA:444,154,0,7
BRDA:452,155,0,171
BRDA:456,156,0,170
BRDA:448,157,0,1
BRDA:466,158,0,31
BRDA:467,159,0,3
BRDA:467,160,0,28
BRDA:468,161,0,3
BRDA:471,162,0,1
BRDA:474,163,0,25
BRDA:475,164,0,24
BRDA:475,165,0,1
BRDA:479,166,0,11
BRDA:481,167,0,0
BRDA:487,168,0,1
BRDA:487,169,0,10
BRDA:491,170,0,6
BRDA:510,171,0,36
BRDA:511,172,0,5
BRDA:512,173,0,1
BRDA:514,174,0,0
BRDA:521,175,0,13
BRDA:539,176,0,24
BRDA:540,177,0,1
BRDA:540,178,0,23
BRDA:542,179,0,125
BRDA:543,180,0,19
BRDA:544,181,0,10
BRDA:548,182,0,23
BRDA:549,183,0,4
BRDA:552,184,0,2
BRDA:554,185,0,117
BRDA:557,186,0,12
BRDA:557,187,0,0
BRDA:558,188,0,1
BRDA:565,189,0,10
BRDA:569,190,0,11
BRDA:571,191,0,1
BRDA:571,192,0,10
BRDA:572,193,0,48
BRDA:574,194,0,47
BRDA:574,195,0,46
BRDA:575,196,0,45
BRDA:575,197,0,44
BRDA:575,198,0,4
BRDA:576,199,0,42
BRDA:577,200,0,44
BRDA:579,201,0,10
BRDA:582,202,0,44
BRDA:583,203,0,36
BRF:204
BRH:190
end_of_record
TN:
SF:src/lib/blocked-companies.ts
FN:11,getBlockedCompanies
FN:34,isBlocked
FNF:2
FNH:2
FNDA:6,getBlockedCompanies
FNDA:11,isBlocked
DA:1,1
DA:2,1
DA:3,1
DA:4,1
DA:5,1
DA:6,1
DA:7,1
DA:8,1
DA:9,1
DA:10,1
DA:11,1
DA:12,6
DA:13,5
DA:14,5
DA:15,5
DA:16,5
DA:17,5
DA:18,5
DA:19,6
DA:20,2
DA:21,2
DA:22,2
DA:23,3
DA:24,3
DA:25,4
DA:26,3
DA:27,3
DA:28,3
DA:29,3
DA:30,1
DA:31,1
DA:32,1
DA:33,1
DA:34,1
DA:35,11
DA:36,11
DA:37,11
LF:37
LH:37
BRDA:11,0,0,6
BRDA:12,1,0,2
BRDA:12,2,0,5
BRDA:12,3,0,1
BRDA:19,4,0,2
BRDA:21,5,0,1
BRDA:22,6,0,3
BRDA:24,7,0,4
BRDA:34,8,0,11
BRDA:36,9,0,16
BRDA:36,10,0,10
BRF:11
BRH:11
end_of_record
TN:
SF:src/lib/tokens.ts
FN:17,tierColor
FNF:1
FNH:1
FNDA:36,tierColor
DA:1,1
DA:2,1
DA:3,1
DA:4,1
DA:5,1
DA:6,1
DA:7,1
DA:8,1
DA:9,1
DA:10,1
DA:11,1
DA:12,1
DA:13,1
DA:14,1
DA:15,1
DA:16,1
DA:17,1
DA:18,36
DA:19,36
DA:20,1
DA:21,1
DA:22,1
DA:23,1
DA:24,1
DA:25,1
DA:26,1
DA:27,1
DA:28,1
DA:29,1
DA:30,1
DA:31,1
DA:32,1
DA:33,1
DA:34,1
DA:35,1
DA:36,1
DA:37,1
DA:38,1
DA:39,1
DA:40,1
DA:41,1
DA:42,1
DA:43,1
DA:44,1
DA:45,1
DA:46,1
DA:47,1
DA:48,1
DA:49,1
DA:50,1
DA:51,1
DA:52,1
DA:53,1
DA:54,1
DA:55,1
DA:56,1
DA:57,1
DA:58,1
LF:58
LH:58
BRDA:17,0,0,36
BRDA:18,1,0,2
BRF:2
BRH:2
end_of_record
