TN:
SF:src/components/ChartErrorBoundary.tsx
FN:16,ChartErrorBoundary
FN:21,getDerivedStateFromError
FN:25,render
FNF:3
FNH:3
FNDA:18,ChartErrorBoundary
FNDA:14,getDerivedStateFromError
FNDA:30,render
DA:1,1
DA:2,1
DA:3,1
DA:4,1
DA:5,1
DA:6,1
DA:7,1
DA:8,1
DA:9,1
DA:10,1
DA:11,1
DA:12,1
DA:13,1
DA:14,1
DA:15,1
DA:16,1
DA:17,18
DA:18,18
DA:19,18
DA:20,1
DA:21,1
DA:22,14
DA:23,14
DA:24,1
DA:25,1
DA:26,30
DA:27,14
DA:28,14
DA:29,14
DA:30,14
DA:31,14
DA:32,14
DA:33,14
DA:34,14
DA:35,14
DA:36,14
DA:37,14
DA:38,14
DA:39,14
DA:40,14
DA:41,14
DA:42,14
DA:43,14
DA:44,14
DA:45,14
DA:46,14
DA:47,14
DA:48,14
DA:49,14
DA:50,14
DA:51,14
DA:52,14
DA:53,14
DA:54,14
DA:55,14
DA:56,14
DA:57,14
DA:58,14
DA:59,14
DA:60,14
DA:61,14
DA:62,14
DA:63,14
DA:64,14
DA:65,14
DA:66,16
DA:67,16
DA:68,16
DA:69,1
LF:69
LH:69
BRDA:16,0,0,18
BRDA:21,1,0,14
BRDA:25,2,0,30
BRDA:26,3,0,14
BRDA:60,4,0,0
BRDA:65,5,0,16
BRF:6
BRH:5
end_of_record
TN:
SF:src/components/CommandPalette.tsx
FN:12,openCommandPalette
FN:16,toggleAICompanion
FN:20,switchDashboardTab
FN:25,buildCommands
FN:43,action
FN:54,action
FN:64,action
FN:74,action
FN:84,action
FN:93,GroupLabel
FN:113,CommandRow
FN:127,onMouseDown
FN:187,CommandPalette
FN:242,handleOpen
FN:258,handleKeyDown
FN:292,onOpenAutoFocus
FN:336,onChange
FNF:17
FNH:13
FNDA:6,openCommandPalette
FNDA:0,toggleAICompanion
FNDA:6,switchDashboardTab
FNDA:6,buildCommands
FNDA:1,action
FNDA:2,action
FNDA:1,action
FNDA:1,action
FNDA:1,action
FNDA:12,GroupLabel
FNDA:36,CommandRow
FNDA:6,onMouseDown
FNDA:24,CommandPalette
FNDA:6,handleOpen
FNDA:0,handleKeyDown
FNDA:0,onOpenAutoFocus
FNDA:0,onChange
DA:1,1
DA:2,1
DA:3,1
DA:4,1
DA:5,1
DA:6,1
DA:7,1
DA:8,1
DA:9,1
DA:10,1
DA:11,1
DA:12,1
DA:13,6
DA:14,6
DA:15,1
DA:16,1
DA:17,0
DA:18,0
DA:19,1
DA:20,1
DA:21,6
DA:22,6
DA:23,1
DA:24,1
DA:25,6
DA:26,6
DA:27,6
DA:28,6
DA:29,6
DA:30,6
DA:31,6
DA:32,6
DA:33,6
DA:34,6
DA:35,6
DA:36,6
DA:37,6
DA:38,6
DA:39,6
DA:40,6
DA:41,6
DA:42,6
DA:43,6
DA:44,1
DA:45,1
DA:46,1
DA:47,1
DA:48,6
DA:49,6
DA:50,6
DA:51,6
DA:52,6
DA:53,6
DA:54,6
DA:55,2
DA:56,2
DA:57,2
DA:58,6
DA:59,6
DA:60,6
DA:61,6
DA:62,6
DA:63,6
DA:64,6
DA:65,1
DA:66,1
DA:67,1
DA:68,6
DA:69,6
DA:70,6
DA:71,6
DA:72,6
DA:73,6
DA:74,6
DA:75,1
DA:76,1
DA:77,1
DA:78,6
DA:79,6
DA:80,6
DA:81,6
DA:82,6
DA:83,6
DA:84,6
DA:85,1
DA:86,1
DA:87,1
DA:88,6
DA:89,6
DA:90,6
DA:91,1
DA:92,1
DA:93,12
DA:94,12
DA:95,12
DA:96,12
DA:97,12
DA:98,12
DA:99,12
DA:100,12
DA:101,12
DA:102,12
DA:103,12
DA:104,12
DA:105,12
DA:106,12
DA:107,12
DA:108,12
DA:109,12
DA:110,12
DA:111,1
DA:112,1
DA:113,36
DA:114,36
DA:115,36
DA:116,36
DA:117,36
DA:118,36
DA:119,36
DA:120,36
DA:121,36
DA:122,36
DA:123,36
DA:124,36
DA:125,36
DA:126,36
DA:127,36
DA:128,6
DA:129,6
DA:130,6
DA:131,36
DA:132,36
DA:133,36
DA:134,36
DA:135,36
DA:136,36
DA:137,36
DA:138,36
DA:139,36
DA:140,36
DA:141,36
DA:142,36
DA:143,36
DA:144,36
DA:145,36
DA:146,36
DA:147,36
DA:148,36
DA:149,36
DA:150,36
DA:151,36
DA:152,36
DA:153,36
DA:154,36
DA:155,36
DA:156,36
DA:157,36
DA:158,36
DA:159,36
DA:160,36
DA:161,36
DA:162,36
DA:163,36
DA:164,36
DA:165,36
DA:166,36
DA:167,36
DA:168,36
DA:169,36
DA:170,36
DA:171,36
DA:172,36
DA:173,36
DA:174,36
DA:175,36
DA:176,36
DA:177,36
DA:178,36
DA:179,36
DA:180,36
DA:181,36
DA:182,36
DA:183,36
DA:184,36
DA:185,1
DA:186,1
DA:187,1
DA:188,24
DA:189,24
DA:190,24
DA:191,24
DA:192,24
DA:193,24
DA:194,24
DA:195,6
DA:196,6
DA:197,24
DA:198,24
DA:199,24
DA:200,0
DA:201,0
DA:202,0
DA:203,24
DA:204,24
DA:205,24
DA:206,24
DA:207,24
DA:208,24
DA:209,0
DA:210,0
DA:211,0
DA:212,0
DA:213,24
DA:214,24
DA:215,24
DA:216,24
DA:217,24
DA:218,24
DA:219,24
DA:220,48
DA:221,48
DA:222,48
DA:223,24
DA:224,24
DA:225,24
DA:226,24
DA:227,24
DA:228,24
DA:229,6
DA:230,24
DA:231,24
DA:232,24
DA:233,24
DA:234,6
DA:235,6
DA:236,6
DA:237,6
DA:238,24
DA:239,24
DA:240,24
DA:241,24
DA:242,6
DA:243,6
DA:244,6
DA:245,24
DA:246,24
DA:247,24
DA:248,24
DA:249,18
DA:250,6
DA:251,6
DA:252,18
DA:253,12
DA:254,12
DA:255,12
DA:256,24
DA:257,24
DA:258,24
DA:259,0
DA:260,0
DA:261,0
DA:262,0
DA:263,0
DA:264,0
DA:265,0
DA:266,0
DA:267,0
DA:268,0
DA:269,0
DA:270,0
DA:271,0
DA:272,0
DA:273,0
DA:274,0
DA:275,24
DA:276,24
DA:277,24
DA:278,24
DA:279,24
DA:280,24
DA:281,24
DA:282,24
DA:283,24
DA:284,24
DA:285,24
DA:286,24
DA:287,24
DA:288,24
DA:289,24
DA:290,24
DA:291,24
DA:292,24
DA:293,24
DA:294,24
DA:295,24
DA:296,24
DA:297,24
DA:298,24
DA:299,24
DA:300,24
DA:301,24
DA:302,24
DA:303,24
DA:304,24
DA:305,24
DA:306,24
DA:307,24
DA:308,24
DA:309,24
DA:310,24
DA:311,24
DA:312,24
DA:313,24
DA:314,24
DA:315,24
DA:316,24
DA:317,24
DA:318,24
DA:319,24
DA:320,24
DA:321,24
DA:322,24
DA:323,24
DA:324,24
DA:325,24
DA:326,24
DA:327,24
DA:328,24
DA:329,24
DA:330,24
DA:331,24
DA:332,24
DA:333,24
DA:334,24
DA:335,24
DA:336,24
DA:337,24
DA:338,24
DA:339,24
DA:340,24
DA:341,24
DA:342,24
DA:343,24
DA:344,24
DA:345,24
DA:346,0
DA:347,24
DA:348,24
DA:349,24
DA:350,24
DA:351,24
DA:352,24
DA:353,24
DA:354,24
DA:355,24
DA:356,24
DA:357,24
DA:358,24
DA:359,24
DA:360,24
DA:361,24
DA:362,24
DA:363,24
DA:364,24
DA:365,24
DA:366,24
DA:367,24
DA:368,24
DA:369,24
DA:370,24
DA:371,24
DA:372,24
DA:373,24
DA:374,24
DA:375,24
DA:376,24
DA:377,24
DA:378,24
DA:379,24
DA:380,24
DA:381,24
DA:382,24
DA:383,24
DA:384,24
DA:385,24
DA:386,24
DA:387,24
DA:388,0
DA:389,0
DA:390,0
DA:391,0
DA:392,0
DA:393,0
DA:394,0
DA:395,0
DA:396,0
DA:397,0
DA:398,0
DA:399,0
DA:400,0
DA:401,0
DA:402,24
DA:403,48
DA:404,48
DA:405,48
DA:406,48
DA:407,48
DA:408,144
DA:409,144
DA:410,144
DA:411,144
DA:412,144
DA:413,144
DA:414,144
DA:415,144
DA:416,144
DA:417,144
DA:418,48
DA:419,48
DA:420,48
DA:421,24
DA:422,24
DA:423,24
DA:424,24
DA:425,24
DA:426,24
DA:427,24
DA:428,24
DA:429,24
DA:430,24
DA:431,24
DA:432,24
DA:433,24
DA:434,24
DA:435,24
DA:436,24
DA:437,24
DA:438,24
DA:439,24
DA:440,24
DA:441,24
DA:442,24
DA:443,24
DA:444,24
DA:445,24
DA:446,24
DA:447,24
DA:448,24
LF:448
LH:408
BRDA:12,0,0,6
BRDA:20,1,0,6
BRDA:25,2,0,6
BRDA:43,3,0,1
BRDA:54,4,0,2
BRDA:64,5,0,1
BRDA:74,6,0,1
BRDA:84,7,0,1
BRDA:93,8,0,12
BRDA:113,9,0,36
BRDA:137,10,0,6
BRDA:137,11,0,30
BRDA:138,12,0,6
BRDA:138,13,0,30
BRDA:147,14,0,6
BRDA:147,15,0,30
BRDA:148,16,0,6
BRDA:148,17,0,30
BRDA:127,18,0,6
BRDA:187,19,0,24
BRDA:208,20,0,0
BRDA:219,21,0,48
BRDA:346,22,0,0
BRDA:387,23,0,0
BRDA:194,24,0,6
BRDA:205,25,0,6
BRDA:220,26,0,288
BRDA:225,27,0,48
BRDA:228,28,0,6
BRDA:233,29,0,6
BRDA:235,30,0,0
BRDA:237,31,0,0
BRDA:241,32,0,6
BRDA:242,33,0,6
BRDA:244,34,0,6
BRDA:248,35,0,18
BRDA:249,36,0,6
BRDA:252,37,0,12
BRDA:250,38,0,1
BRDA:251,39,0,6
BRDA:402,40,0,48
BRDA:407,41,0,144
BRF:42
BRH:37
end_of_record
TN:
SF:src/components/DashboardTabs.tsx
FN:140,StatusBar
FN:144,tick
FN:199,DashboardTabs
FN:235,handler
FNF:4
FNH:4
FNDA:47,StatusBar
FNDA:16,tick
FNDA:31,DashboardTabs
FNDA:16,handler
DA:1,1
DA:2,1
DA:3,1
DA:4,1
DA:5,1
DA:6,1
DA:7,1
DA:8,1
DA:9,1
DA:10,1
DA:11,1
DA:12,1
DA:13,1
DA:14,1
DA:15,1
DA:16,1
DA:17,1
DA:18,1
DA:19,1
DA:20,1
DA:21,1
DA:22,1
DA:23,1
DA:24,1
DA:25,1
DA:26,1
DA:27,1
DA:28,1
DA:29,1
DA:30,1
DA:31,1
DA:32,1
DA:33,1
DA:34,1
DA:35,1
DA:36,1
DA:37,1
DA:38,1
DA:39,1
DA:40,1
DA:41,1
DA:42,1
DA:43,1
DA:44,1
DA:45,1
DA:46,1
DA:47,1
DA:48,1
DA:49,1
DA:50,1
DA:51,1
DA:52,1
DA:53,1
DA:54,1
DA:55,1
DA:56,1
DA:57,1
DA:58,1
DA:59,1
DA:60,1
DA:61,1
DA:62,1
DA:63,1
DA:64,1
DA:65,1
DA:66,1
DA:67,1
DA:68,1
DA:69,1
DA:70,1
DA:71,1
DA:72,1
DA:73,1
DA:74,1
DA:75,1
DA:76,1
DA:77,1
DA:78,1
DA:79,1
DA:80,1
DA:81,1
DA:82,1
DA:83,1
DA:84,1
DA:85,1
DA:86,1
DA:87,1
DA:88,1
DA:89,1
DA:90,1
DA:91,1
DA:92,1
DA:93,1
DA:94,1
DA:95,1
DA:96,1
DA:97,1
DA:98,1
DA:99,1
DA:100,1
DA:101,1
DA:102,1
DA:103,1
DA:104,1
DA:105,1
DA:106,1
DA:107,1
DA:108,1
DA:109,1
DA:110,1
DA:111,1
DA:112,1
DA:113,1
DA:114,1
DA:115,1
DA:116,1
DA:117,1
DA:118,1
DA:119,1
DA:120,1
DA:121,1
DA:122,1
DA:123,1
DA:124,1
DA:125,1
DA:126,1
DA:127,1
DA:128,1
DA:129,1
DA:130,1
DA:131,1
DA:132,1
DA:133,1
DA:134,1
DA:135,1
DA:136,1
DA:137,1
DA:138,1
DA:139,1
DA:140,47
DA:141,47
DA:142,47
DA:143,47
DA:144,16
DA:145,16
DA:146,16
DA:147,16
DA:148,16
DA:149,16
DA:150,16
DA:151,16
DA:152,16
DA:153,16
DA:154,16
DA:155,16
DA:156,16
DA:157,16
DA:158,47
DA:159,47
DA:160,47
DA:161,47
DA:162,47
DA:163,47
DA:164,47
DA:165,47
DA:166,47
DA:167,47
DA:168,47
DA:169,47
DA:170,47
DA:171,47
DA:172,47
DA:173,47
DA:174,47
DA:175,47
DA:176,47
DA:177,47
DA:178,47
DA:179,47
DA:180,47
DA:181,47
DA:182,47
DA:183,47
DA:184,47
DA:185,47
DA:186,47
DA:187,47
DA:188,47
DA:189,47
DA:190,47
DA:191,47
DA:192,47
DA:193,47
DA:194,47
DA:195,47
DA:196,47
DA:197,47
DA:198,1
DA:199,1
DA:200,31
DA:201,31
DA:202,31
DA:203,31
DA:204,31
DA:205,31
DA:206,31
DA:207,31
DA:208,31
DA:209,31
DA:210,31
DA:211,31
DA:212,31
DA:213,31
DA:214,31
DA:215,31
DA:216,31
DA:217,31
DA:218,31
DA:219,31
DA:220,31
DA:221,31
DA:222,31
DA:223,31
DA:224,31
DA:225,16
DA:226,16
DA:227,16
DA:228,14
DA:229,14
DA:230,14
DA:231,14
DA:232,31
DA:233,31
DA:234,31
DA:235,16
DA:236,16
DA:237,16
DA:238,16
DA:239,16
DA:240,16
DA:241,31
DA:242,31
DA:243,31
DA:244,31
DA:245,31
DA:246,31
DA:247,31
DA:248,31
DA:249,31
DA:250,31
DA:251,31
DA:252,31
DA:253,31
DA:254,31
DA:255,31
DA:256,31
DA:257,31
DA:258,31
DA:259,31
DA:260,31
DA:261,31
DA:262,31
DA:263,31
DA:264,31
DA:265,31
DA:266,31
DA:267,31
DA:268,31
DA:269,31
DA:270,31
DA:271,31
DA:272,31
DA:273,31
DA:274,31
DA:275,31
DA:276,31
DA:277,31
DA:278,31
DA:279,31
DA:280,31
DA:281,31
DA:282,31
DA:283,31
DA:284,31
DA:285,31
DA:286,31
DA:287,31
DA:288,31
DA:289,31
DA:290,31
DA:291,31
DA:292,31
DA:293,31
DA:294,31
DA:295,31
DA:296,31
DA:297,31
DA:298,31
DA:299,31
DA:300,31
DA:301,31
DA:302,31
DA:303,31
DA:304,31
DA:305,31
DA:306,31
DA:307,31
DA:308,31
DA:309,31
DA:310,31
DA:311,31
DA:312,31
DA:313,31
DA:314,31
DA:315,31
DA:316,31
DA:317,17
DA:318,17
DA:319,17
DA:320,17
DA:321,31
DA:322,31
DA:323,31
DA:324,31
DA:325,31
DA:326,31
DA:327,31
DA:328,31
DA:329,31
DA:330,31
DA:331,31
DA:332,17
DA:333,17
DA:334,17
DA:335,17
DA:336,17
DA:337,31
DA:338,31
DA:339,31
DA:340,31
DA:341,31
DA:342,31
DA:343,31
DA:344,31
DA:345,31
DA:346,31
DA:347,31
DA:348,31
DA:349,31
DA:350,31
DA:351,31
DA:352,31
DA:353,31
DA:354,31
DA:355,31
DA:356,31
DA:357,6
DA:358,6
DA:359,31
DA:360,31
DA:361,31
DA:362,31
DA:363,31
DA:364,31
DA:365,31
DA:366,6
DA:367,6
DA:368,31
DA:369,31
DA:370,31
DA:371,31
DA:372,31
DA:373,31
DA:374,31
DA:375,31
DA:376,31
DA:377,31
DA:378,31
DA:379,31
DA:380,31
DA:381,31
DA:382,6
DA:383,6
DA:384,31
DA:385,31
DA:386,31
DA:387,31
DA:388,31
DA:389,31
DA:390,31
DA:391,6
DA:392,6
DA:393,31
DA:394,31
DA:395,31
DA:396,31
DA:397,31
DA:398,31
DA:399,31
DA:400,31
DA:401,31
DA:402,31
DA:403,31
DA:404,6
DA:405,6
DA:406,6
DA:407,6
DA:408,6
DA:409,6
DA:410,31
DA:411,31
DA:412,31
DA:413,31
DA:414,31
DA:415,31
DA:416,31
DA:417,31
DA:418,31
DA:419,31
DA:420,31
DA:421,6
DA:422,6
DA:423,31
DA:424,31
DA:425,31
DA:426,31
DA:427,31
DA:428,31
DA:429,31
DA:430,0
DA:431,0
DA:432,0
DA:433,0
DA:434,0
DA:435,31
DA:436,31
DA:437,31
DA:438,31
DA:439,31
DA:440,31
DA:441,31
DA:442,31
DA:443,31
DA:444,31
DA:445,31
DA:446,31
DA:447,31
DA:448,31
DA:449,31
DA:450,5
DA:451,5
DA:452,31
DA:453,31
DA:454,31
DA:455,31
DA:456,31
DA:457,31
DA:458,31
DA:459,31
DA:460,31
DA:461,31
DA:462,31
DA:463,31
DA:464,31
DA:465,31
DA:466,31
DA:467,31
DA:468,31
DA:469,31
DA:470,31
DA:471,31
DA:472,31
DA:473,31
DA:474,31
DA:475,31
DA:476,31
DA:477,31
DA:478,31
DA:479,31
DA:480,31
DA:481,31
DA:482,31
DA:483,31
DA:484,31
DA:485,31
DA:486,31
DA:487,31
DA:488,31
DA:489,31
DA:490,31
DA:491,31
DA:492,31
DA:493,31
DA:494,5
DA:495,5
DA:496,31
DA:497,31
DA:498,31
DA:499,31
DA:500,31
DA:501,31
DA:502,31
DA:503,5
DA:504,5
DA:505,5
DA:506,5
DA:507,5
DA:508,31
DA:509,31
DA:510,31
DA:511,31
DA:512,31
DA:513,31
DA:514,31
DA:515,31
DA:516,31
DA:517,31
DA:518,31
DA:519,31
DA:520,31
DA:521,31
DA:522,4
DA:523,4
DA:524,4
DA:525,4
DA:526,4
DA:527,4
DA:528,4
DA:529,31
DA:530,31
DA:531,31
DA:532,31
DA:533,31
DA:534,31
DA:535,31
DA:536,5
DA:537,5
DA:538,31
DA:539,31
DA:540,31
DA:541,31
DA:542,31
DA:543,31
DA:544,31
DA:545,5
DA:546,5
DA:547,31
DA:548,31
DA:549,31
DA:550,31
DA:551,31
DA:552,31
DA:553,31
DA:554,31
DA:555,31
DA:556,31
DA:557,31
DA:558,5
DA:559,5
DA:560,5
DA:561,5
DA:562,5
DA:563,5
DA:564,5
DA:565,31
DA:566,31
DA:567,31
DA:568,31
DA:569,31
DA:570,31
DA:571,31
DA:572,5
DA:573,5
DA:574,31
DA:575,31
DA:576,31
DA:577,31
DA:578,31
DA:579,31
DA:580,31
DA:581,31
DA:582,31
DA:583,31
DA:584,31
DA:585,31
DA:586,31
DA:587,31
DA:588,31
DA:589,3
DA:590,3
DA:591,3
DA:592,3
DA:593,31
DA:594,31
DA:595,31
DA:596,31
DA:597,31
DA:598,31
DA:599,31
DA:600,3
DA:601,3
DA:602,3
DA:603,3
DA:604,3
DA:605,3
DA:606,31
DA:607,31
DA:608,31
DA:609,31
DA:610,31
DA:611,31
DA:612,31
DA:613,31
DA:614,31
DA:615,31
DA:616,31
DA:617,3
DA:618,3
DA:619,31
DA:620,31
DA:621,31
DA:622,31
DA:623,31
DA:624,31
DA:625,31
DA:626,31
DA:627,31
DA:628,31
DA:629,31
DA:630,31
DA:631,31
DA:632,31
DA:633,31
DA:634,31
DA:635,31
DA:636,31
DA:637,31
LF:637
LH:632
BRDA:140,0,0,47
BRDA:143,1,0,16
BRDA:144,2,0,16
BRDA:157,3,0,16
BRDA:199,4,0,31
BRDA:243,5,0,17
BRDA:243,6,0,14
BRDA:258,7,0,17
BRDA:258,8,0,14
BRDA:266,9,0,17
BRDA:266,10,0,14
BRDA:267,11,0,17
BRDA:267,12,0,14
BRDA:273,13,0,17
BRDA:273,14,0,14
BRDA:280,15,0,17
BRDA:280,16,0,14
BRDA:287,17,0,17
BRDA:287,18,0,14
BRDA:313,19,0,17
BRDA:313,20,0,14
BRDA:316,21,0,17
BRDA:316,22,0,14
BRDA:316,23,0,17
BRDA:318,24,0,0
BRDA:331,25,0,17
BRDA:331,26,0,14
BRDA:331,27,0,17
BRDA:333,28,0,0
BRDA:334,29,0,0
BRDA:344,30,0,17
BRDA:344,31,0,14
BRDA:347,32,0,17
BRDA:347,33,0,14
BRDA:353,34,0,4
BRDA:353,35,0,4
BRDA:356,36,0,6
BRDA:356,37,0,2
BRDA:356,38,0,6
BRDA:357,39,0,0
BRDA:365,40,0,6
BRDA:365,41,0,2
BRDA:365,42,0,6
BRDA:366,43,0,0
BRDA:375,44,0,6
BRDA:375,45,0,2
BRDA:381,46,0,6
BRDA:381,47,0,2
BRDA:381,48,0,6
BRDA:382,49,0,0
BRDA:390,50,0,6
BRDA:390,51,0,2
BRDA:390,52,0,6
BRDA:391,53,0,0
BRDA:403,54,0,6
BRDA:403,55,0,2
BRDA:403,56,0,6
BRDA:405,57,0,0
BRDA:406,58,0,0
BRDA:407,59,0,0
BRDA:420,60,0,6
BRDA:420,61,0,2
BRDA:420,62,0,6
BRDA:421,63,0,0
BRDA:429,64,0,6
BRDA:429,65,0,2
BRDA:429,66,0,0
BRDA:446,67,0,3
BRDA:446,68,0,3
BRDA:449,69,0,5
BRDA:449,70,0,1
BRDA:449,71,0,5
BRDA:450,72,0,0
BRDA:459,73,0,5
BRDA:459,74,0,1
BRDA:460,75,0,5
BRDA:460,76,0,1
BRDA:467,77,0,5
BRDA:468,78,0,5
BRDA:469,79,0,5
BRDA:470,80,0,5
BRDA:471,81,0,5
BRDA:472,82,0,5
BRDA:473,83,0,5
BRDA:476,84,0,5
BRDA:476,85,0,1
BRDA:477,86,0,5
BRDA:477,87,0,1
BRDA:478,88,0,5
BRDA:478,89,0,1
BRDA:479,90,0,5
BRDA:479,91,0,1
BRDA:480,92,0,5
BRDA:480,93,0,1
BRDA:481,94,0,5
BRDA:481,95,0,1
BRDA:482,96,0,5
BRDA:482,97,0,1
BRDA:483,98,0,5
BRDA:483,99,0,1
BRDA:490,100,0,4
BRDA:490,101,0,2
BRDA:493,102,0,5
BRDA:493,103,0,1
BRDA:493,104,0,5
BRDA:494,105,0,0
BRDA:502,106,0,5
BRDA:502,107,0,1
BRDA:502,108,0,5
BRDA:504,109,0,0
BRDA:505,110,0,0
BRDA:515,111,0,5
BRDA:515,112,0,1
BRDA:521,113,0,5
BRDA:521,114,0,1
BRDA:521,115,0,4
BRDA:523,116,0,0
BRDA:524,117,0,0
BRDA:525,118,0,0
BRDA:526,119,0,0
BRDA:535,120,0,5
BRDA:535,121,0,1
BRDA:535,122,0,5
BRDA:536,123,0,0
BRDA:544,124,0,5
BRDA:544,125,0,1
BRDA:544,126,0,5
BRDA:545,127,0,0
BRDA:557,128,0,5
BRDA:557,129,0,1
BRDA:557,130,0,5
BRDA:559,131,0,0
BRDA:560,132,0,0
BRDA:561,133,0,0
BRDA:562,134,0,0
BRDA:571,135,0,5
BRDA:571,136,0,1
BRDA:571,137,0,5
BRDA:572,138,0,0
BRDA:585,139,0,3
BRDA:585,140,0,1
BRDA:588,141,0,3
BRDA:588,142,0,1
BRDA:588,143,0,3
BRDA:590,144,0,0
BRDA:599,145,0,3
BRDA:599,146,0,1
BRDA:599,147,0,3
BRDA:601,148,0,0
BRDA:602,149,0,0
BRDA:603,150,0,0
BRDA:616,151,0,3
BRDA:616,152,0,1
BRDA:616,153,0,3
BRDA:617,154,0,0
BRDA:221,155,0,16
BRDA:224,156,0,16
BRDA:226,157,0,16
BRDA:227,158,0,2
BRDA:227,159,0,14
BRDA:234,160,0,16
BRDA:235,161,0,16
BRDA:237,162,0,15
BRDA:240,163,0,16
BRDA:243,164,0,17
BRDA:521,165,0,5
BRF:166
BRH:134
end_of_record
TN:
SF:src/components/EmptyPanel.tsx
FN:9,EmptyPanel
FNF:1
FNH:1
FNDA:68,EmptyPanel
DA:1,1
DA:2,1
DA:3,1
DA:4,1
DA:5,1
DA:6,1
DA:7,1
DA:8,1
DA:9,1
DA:10,68
DA:11,68
DA:12,68
DA:13,68
DA:14,68
DA:15,68
DA:16,68
DA:17,68
DA:18,68
DA:19,68
DA:20,68
DA:21,68
DA:22,68
DA:23,68
DA:24,68
DA:25,68
DA:26,68
DA:27,68
DA:28,68
DA:29,68
DA:30,68
DA:31,68
DA:32,68
LF:32
LH:32
BRDA:9,0,0,68
BRF:1
BRH:1
end_of_record
TN:
SF:src/components/MetricCard.tsx
FN:27,MetricCard
FNF:1
FNH:1
FNDA:11,MetricCard
DA:1,1
DA:2,1
DA:3,1
DA:4,1
DA:5,1
DA:6,1
DA:7,1
DA:8,1
DA:9,1
DA:10,1
DA:11,1
DA:12,1
DA:13,1
DA:14,1
DA:15,1
DA:16,1
DA:17,1
DA:18,1
DA:19,1
DA:20,1
DA:21,1
DA:22,1
DA:23,1
DA:24,1
DA:25,1
DA:26,1
DA:27,1
DA:28,11
DA:29,11
DA:30,11
DA:31,11
DA:32,11
DA:33,11
DA:34,11
DA:35,11
DA:36,11
DA:37,11
DA:38,11
DA:39,11
DA:40,11
DA:41,11
DA:42,11
DA:43,11
DA:44,11
DA:45,11
DA:46,11
DA:47,0
DA:48,0
DA:49,0
DA:50,11
DA:51,11
DA:52,11
DA:53,11
DA:54,11
DA:55,11
DA:56,11
DA:57,11
DA:58,11
DA:59,11
DA:60,11
DA:61,11
DA:62,11
DA:63,11
DA:64,11
DA:65,11
DA:66,11
DA:67,11
DA:68,11
DA:69,11
DA:70,11
DA:71,11
DA:72,11
DA:73,11
DA:74,11
DA:75,11
DA:76,11
DA:77,11
DA:78,11
DA:79,11
DA:80,11
DA:81,11
DA:82,11
DA:83,11
DA:84,11
DA:85,11
DA:86,11
DA:87,11
DA:88,11
DA:89,11
DA:90,11
DA:91,11
DA:92,11
DA:93,11
DA:94,11
DA:95,11
DA:96,11
DA:97,11
DA:98,11
DA:99,11
DA:100,11
DA:101,11
DA:102,11
DA:103,11
DA:104,11
DA:105,11
DA:106,11
DA:107,11
DA:108,11
DA:109,11
DA:110,11
DA:111,11
DA:112,11
DA:113,11
DA:114,11
DA:115,11
DA:116,11
DA:117,11
DA:118,11
DA:119,11
DA:120,11
DA:121,11
DA:122,11
DA:123,11
DA:124,11
DA:125,11
DA:126,11
DA:127,11
DA:128,11
DA:129,11
DA:130,11
DA:131,11
DA:132,11
DA:133,11
DA:134,11
DA:135,11
DA:136,11
DA:137,11
DA:138,11
DA:139,11
DA:140,11
DA:141,11
DA:142,11
DA:143,11
DA:144,11
DA:145,11
DA:146,11
DA:147,11
DA:148,11
DA:149,11
DA:150,11
DA:151,11
DA:152,11
DA:153,11
DA:154,11
DA:155,11
DA:156,11
DA:157,11
DA:158,11
DA:159,11
DA:160,11
DA:161,11
DA:162,11
DA:163,11
DA:164,11
DA:165,11
DA:166,11
DA:167,11
DA:168,11
DA:169,11
DA:170,11
DA:171,11
DA:172,11
DA:173,11
DA:174,11
DA:175,11
DA:176,11
DA:177,11
DA:178,11
DA:179,11
DA:180,11
DA:181,11
DA:182,11
DA:183,11
DA:184,11
DA:185,11
DA:186,11
DA:187,11
DA:188,11
DA:189,11
DA:190,11
DA:191,11
DA:192,11
DA:193,11
DA:194,11
DA:195,11
DA:196,11
DA:197,11
DA:198,11
DA:199,11
DA:200,11
DA:201,11
DA:202,11
DA:203,11
DA:204,11
DA:205,11
DA:206,11
DA:207,11
DA:208,11
DA:209,11
DA:210,11
DA:211,11
DA:212,11
DA:213,11
DA:214,11
DA:215,11
DA:216,11
DA:217,11
DA:218,11
DA:219,11
DA:220,11
DA:221,11
DA:222,11
DA:223,11
LF:223
LH:220
BRDA:27,0,0,11
BRDA:124,1,0,10
BRDA:124,2,0,1
BRDA:136,3,0,10
BRDA:161,4,0,1
BRDA:161,5,0,1
BRDA:165,6,0,1
BRDA:165,7,0,1
BRDA:173,8,0,3
BRDA:41,9,0,11
BRDA:43,10,0,0
BRDA:51,11,0,11
BRF:12
BRH:11
end_of_record
TN:
SF:src/components/SafePanel.tsx
FN:11,SafePanel
FNF:1
FNH:1
FNDA:8,SafePanel
DA:1,1
DA:2,1
DA:3,1
DA:4,1
DA:5,1
DA:6,1
DA:7,1
DA:8,1
DA:9,1
DA:10,1
DA:11,1
DA:12,8
DA:13,8
DA:14,8
DA:15,8
DA:16,8
DA:17,8
LF:17
LH:17
BRDA:11,0,0,8
BRF:1
BRH:1
end_of_record
TN:
SF:src/components/ScanlineOverlay.tsx
FN:3,ScanlineOverlay
FNF:1
FNH:1
FNDA:3,ScanlineOverlay
DA:1,1
DA:2,1
DA:3,1
DA:4,3
DA:5,3
LF:5
LH:5
BRDA:3,0,0,3
BRF:1
BRH:1
end_of_record
TN:
SF:src/components/TabNav.tsx
FN:18,TabNav
FN:21,handleKeyDown
FN:34,handler
FN:86,onClick
FN:87,onMouseEnter
FN:88,onMouseLeave
FN:89,onKeyDown
FNF:7
FNH:7
FNDA:47,TabNav
FNDA:5,handleKeyDown
FNDA:5,handler
FNDA:5,onClick
FNDA:3,onMouseEnter
FNDA:3,onMouseLeave
FNDA:5,onKeyDown
DA:1,1
DA:2,1
DA:3,1
DA:4,1
DA:5,1
DA:6,1
DA:7,1
DA:8,1
DA:9,1
DA:10,1
DA:11,1
DA:12,1
DA:13,1
DA:14,1
DA:15,1
DA:16,1
DA:17,1
DA:18,1
DA:19,47
DA:20,47
DA:21,47
DA:22,5
DA:23,5
DA:24,2
DA:25,2
DA:26,5
DA:27,2
DA:28,2
DA:29,2
DA:30,5
DA:31,47
DA:32,47
DA:33,47
DA:34,26
DA:35,5
DA:36,5
DA:37,5
DA:38,5
DA:39,5
DA:40,0
DA:41,0
DA:42,5
DA:43,26
DA:44,26
DA:45,47
DA:46,47
DA:47,47
DA:48,47
DA:49,47
DA:50,47
DA:51,47
DA:52,47
DA:53,47
DA:54,47
DA:55,47
DA:56,47
DA:57,47
DA:58,47
DA:59,47
DA:60,47
DA:61,47
DA:62,47
DA:63,47
DA:64,47
DA:65,47
DA:66,47
DA:67,47
DA:68,47
DA:69,47
DA:70,47
DA:71,47
DA:72,47
DA:73,47
DA:74,47
DA:75,47
DA:76,47
DA:77,235
DA:78,235
DA:79,235
DA:80,235
DA:81,235
DA:82,235
DA:83,235
DA:84,235
DA:85,235
DA:86,235
DA:87,235
DA:88,235
DA:89,235
DA:90,235
DA:91,235
DA:92,235
DA:93,235
DA:94,235
DA:95,235
DA:96,235
DA:97,235
DA:98,235
DA:99,235
DA:100,235
DA:101,235
DA:102,47
DA:103,188
DA:104,2
DA:105,186
DA:106,235
DA:107,235
DA:108,235
DA:109,235
DA:110,235
DA:111,235
DA:112,235
DA:113,235
DA:114,235
DA:115,235
DA:116,235
DA:117,47
DA:118,47
DA:119,47
DA:120,47
LF:120
LH:118
BRDA:18,0,0,47
BRDA:21,1,0,5
BRDA:23,2,0,2
BRDA:26,3,0,3
BRDA:26,4,0,2
BRDA:22,5,0,10
BRDA:33,6,0,26
BRDA:34,7,0,5
BRDA:37,8,0,0
BRDA:39,9,0,0
BRDA:39,10,0,0
BRDA:44,11,0,26
BRDA:53,12,0,235
BRDA:76,13,0,235
BRDA:85,14,0,47
BRDA:85,15,0,188
BRDA:96,16,0,47
BRDA:96,17,0,188
BRDA:101,18,0,47
BRDA:102,19,0,188
BRDA:103,20,0,2
BRDA:104,21,0,186
BRDA:106,22,0,47
BRDA:106,23,0,188
BRDA:86,24,0,5
BRDA:87,25,0,3
BRDA:88,26,0,3
BRDA:89,27,0,5
BRF:28
BRH:25
end_of_record
TN:
SF:src/lib/analytics.ts
FN:19,deduplicateJobs
FN:40,resolveJobDate
FN:62,aggregateSkills
FN:88,aggregateSoftSkills
FN:143,parseSalaryToAnnual
FN:186,aggregateSalary
FN:253,extractSeniority
FN:268,aggregateSeniority
FN:292,aggregateWeekday
FN:316,aggregateTitleKeywords
FN:347,aggregateVisa
FN:351,normalize
FN:410,normalizeLocation
FN:425,aggregateLocations
FN:444,fillDateRange
FN:466,parseAnalysis
FN:479,normalizeKeyword
FN:491,extractSoftSkill
FN:521,aggregateJobFunctions
FN:568,classifyJobFunction
FN:575,aggregateSalaryByFunction
FN:611,aggregateGoodToHave
FNF:22
FNH:22
FNDA:5,deduplicateJobs
FNDA:6,resolveJobDate
FNDA:6,aggregateSkills
FNDA:8,aggregateSoftSkills
FNDA:32,parseSalaryToAnnual
FNDA:15,aggregateSalary
FNDA:31,extractSeniority
FNDA:5,aggregateSeniority
FNDA:4,aggregateWeekday
FNDA:6,aggregateTitleKeywords
FNDA:10,aggregateVisa
FNDA:11,normalize
FNDA:39,normalizeLocation
FNDA:5,aggregateLocations
FNDA:7,fillDateRange
FNDA:31,parseAnalysis
FNDA:11,normalizeKeyword
FNDA:6,extractSoftSkill
FNDA:13,aggregateJobFunctions
FNDA:18,classifyJobFunction
FNDA:13,aggregateSalaryByFunction
FNDA:10,aggregateGoodToHave
DA:1,1
DA:2,1
DA:3,1
DA:4,1
DA:5,1
DA:6,1
DA:7,1
DA:8,1
DA:9,1
DA:10,1
DA:11,1
DA:12,1
DA:13,1
DA:14,1
DA:15,1
DA:16,1
DA:17,1
DA:18,1
DA:19,1
DA:20,5
DA:21,5
DA:22,5
DA:23,5
DA:24,3
DA:25,3
DA:26,3
DA:27,3
DA:28,5
DA:29,5
DA:30,7
DA:31,7
DA:32,5
DA:33,5
DA:34,1
DA:35,1
DA:36,1
DA:37,1
DA:38,1
DA:39,1
DA:40,1
DA:41,6
DA:42,6
DA:43,6
DA:44,6
DA:45,6
DA:46,6
DA:47,6
DA:48,6
DA:49,6
DA:50,3
DA:51,2
DA:52,6
DA:53,1
DA:54,1
DA:55,6
DA:56,6
DA:57,1
DA:58,1
DA:59,1
DA:60,1
DA:61,1
DA:62,1
DA:63,6
DA:64,6
DA:65,6
DA:66,6
DA:67,6
DA:68,7
DA:69,7
DA:70,6
DA:71,6
DA:72,7
DA:73,7
DA:74,7
DA:75,7
DA:76,7
DA:77,11
DA:78,11
DA:79,11
DA:80,6
DA:81,6
DA:82,6
DA:83,6
DA:84,6
DA:85,6
DA:86,6
DA:87,1
DA:88,1
DA:89,8
DA:90,8
DA:91,8
DA:92,8
DA:93,8
DA:94,7
DA:95,7
DA:96,6
DA:97,6
DA:98,6
DA:99,6
DA:100,6
DA:101,6
DA:102,8
DA:103,8
DA:104,8
DA:105,8
DA:106,8
DA:107,8
DA:108,1
DA:109,1
DA:110,1
DA:111,1
DA:112,1
DA:113,1
DA:114,1
DA:115,1
DA:116,1
DA:117,1
DA:118,1
DA:119,1
DA:120,1
DA:121,1
DA:122,1
DA:123,1
DA:124,1
DA:125,1
DA:126,1
DA:127,1
DA:128,1
DA:129,1
DA:130,1
DA:131,1
DA:132,1
DA:133,1
DA:134,1
DA:135,1
DA:136,1
DA:137,1
DA:138,1
DA:139,1
DA:140,1
DA:141,1
DA:142,1
DA:143,32
DA:144,32
DA:145,32
DA:146,32
DA:147,32
DA:148,32
DA:149,32
DA:150,32
DA:151,32
DA:152,0
DA:153,0
DA:154,32
DA:155,32
DA:156,32
DA:157,32
DA:158,32
DA:159,32
DA:160,32
DA:161,32
DA:162,32
DA:163,36
DA:164,36
DA:165,36
DA:166,36
DA:167,32
DA:168,32
DA:169,31
DA:170,31
DA:171,31
DA:172,32
DA:173,32
DA:174,29
DA:175,32
DA:176,32
DA:177,32
DA:178,31
DA:179,31
DA:180,31
DA:181,32
DA:182,32
DA:183,28
DA:184,28
DA:185,1
DA:186,1
DA:187,15
DA:188,15
DA:189,15
DA:190,15
DA:191,15
DA:192,15
DA:193,15
DA:194,15
DA:195,15
DA:196,19
DA:197,19
DA:198,6
DA:199,6
DA:200,6
DA:201,13
DA:202,13
DA:203,19
DA:204,0
DA:205,0
DA:206,0
DA:207,13
DA:208,13
DA:209,13
DA:210,19
DA:211,42
DA:212,13
DA:213,13
DA:214,13
DA:215,42
DA:216,13
DA:217,15
DA:218,15
DA:219,90
DA:220,90
DA:221,15
DA:222,15
DA:223,15
DA:224,15
DA:225,10
DA:226,10
DA:227,10
DA:228,10
DA:229,1
DA:230,9
DA:231,10
DA:232,15
DA:233,15
DA:234,15
DA:235,15
DA:236,15
DA:237,15
DA:238,1
DA:239,1
DA:240,1
DA:241,1
DA:242,1
DA:243,1
DA:244,1
DA:245,1
DA:246,1
DA:247,1
DA:248,1
DA:249,1
DA:250,1
DA:251,1
DA:252,1
DA:253,1
DA:254,31
DA:255,31
DA:256,28
DA:257,31
DA:258,21
DA:259,31
DA:260,18
DA:261,31
DA:262,14
DA:263,31
DA:264,31
DA:265,2
DA:266,2
DA:267,1
DA:268,1
DA:269,5
DA:270,5
DA:271,5
DA:272,5
DA:273,10
DA:274,8
DA:275,10
DA:276,10
DA:277,5
DA:278,5
DA:279,5
DA:280,5
DA:281,5
DA:282,5
DA:283,5
DA:284,5
DA:285,1
DA:286,1
DA:287,1
DA:288,1
DA:289,1
DA:290,1
DA:291,1
DA:292,1
DA:293,4
DA:294,4
DA:295,4
DA:296,4
DA:297,5
DA:298,5
DA:299,4
DA:300,5
DA:301,5
DA:302,4
DA:303,4
DA:304,1
DA:305,1
DA:306,1
DA:307,1
DA:308,1
DA:309,1
DA:310,1
DA:311,1
DA:312,1
DA:313,1
DA:314,1
DA:315,1
DA:316,1
DA:317,6
DA:318,6
DA:319,6
DA:320,6
DA:321,9
DA:322,7
DA:323,7
DA:324,7
DA:325,7
DA:326,7
DA:327,9
DA:328,11
DA:329,11
DA:330,7
DA:331,6
DA:332,6
DA:333,6
DA:334,6
DA:335,6
DA:336,1
DA:337,1
DA:338,1
DA:339,1
DA:340,1
DA:341,1
DA:342,1
DA:343,1
DA:344,1
DA:345,1
DA:346,1
DA:347,1
DA:348,10
DA:349,10
DA:350,10
DA:351,10
DA:352,11
DA:353,10
DA:354,11
DA:355,11
DA:356,11
DA:357,11
DA:358,1
DA:359,1
DA:360,10
DA:361,10
DA:362,11
DA:363,11
DA:364,11
DA:365,10
DA:366,10
DA:367,10
DA:368,10
DA:369,10
DA:370,10
DA:371,10
DA:372,10
DA:373,10
DA:374,10
DA:375,10
DA:376,10
DA:377,10
DA:378,1
DA:379,1
DA:380,1
DA:381,1
DA:382,1
DA:383,1
DA:384,1
DA:385,1
DA:386,1
DA:387,1
DA:388,1
DA:389,1
DA:390,1
DA:391,1
DA:392,1
DA:393,1
DA:394,1
DA:395,1
DA:396,1
DA:397,1
DA:398,1
DA:399,1
DA:400,1
DA:401,1
DA:402,1
DA:403,1
DA:404,1
DA:405,1
DA:406,1
DA:407,1
DA:408,1
DA:409,1
DA:410,1
DA:411,39
DA:412,36
DA:413,39
DA:414,34
DA:415,39
DA:416,585
DA:417,585
DA:418,20
DA:419,20
DA:420,20
DA:421,20
DA:422,0
DA:423,39
DA:424,1
DA:425,1
DA:426,5
DA:427,5
DA:428,5
DA:429,5
DA:430,27
DA:431,27
DA:432,27
DA:433,27
DA:434,5
DA:435,5
DA:436,5
DA:437,5
DA:438,5
DA:439,1
DA:440,1
DA:441,1
DA:442,1
DA:443,1
DA:444,1
DA:445,7
DA:446,7
DA:447,7
DA:448,7
DA:449,7
DA:450,7
DA:451,7
DA:452,7
DA:453,171
DA:454,171
DA:455,171
DA:456,171
DA:457,171
DA:458,7
DA:459,7
DA:460,7
DA:461,1
DA:462,1
DA:463,1
DA:464,1
DA:465,1
DA:466,1
DA:467,31
DA:468,31
DA:469,3
DA:470,3
DA:471,3
DA:472,1
DA:473,1
DA:474,3
DA:475,31
DA:476,1
DA:477,1
DA:478,1
DA:479,11
DA:480,11
DA:481,11
DA:482,11
DA:483,11
DA:484,11
DA:485,11
DA:486,11
DA:487,11
DA:488,10
DA:489,10
DA:490,1
DA:491,6
DA:492,6
DA:493,6
DA:494,6
DA:495,6
DA:496,6
DA:497,6
DA:498,6
DA:499,6
DA:500,6
DA:501,6
DA:502,6
DA:503,6
DA:504,6
DA:505,6
DA:506,6
DA:507,6
DA:508,6
DA:509,6
DA:510,6
DA:511,36
DA:512,36
DA:513,1
DA:514,6
DA:515,6
DA:516,1
DA:517,1
DA:518,1
DA:519,1
DA:520,1
DA:521,1
DA:522,13
DA:523,13
DA:524,13
DA:525,13
DA:526,13
DA:527,13
DA:528,24
DA:529,23
DA:530,24
DA:531,125
DA:532,19
DA:533,19
DA:534,19
DA:535,19
DA:536,125
DA:537,24
DA:538,24
DA:539,13
DA:540,13
DA:541,13
DA:542,13
DA:543,13
DA:544,13
DA:545,13
DA:546,1
DA:547,1
DA:548,1
DA:549,1
DA:550,1
DA:551,1
DA:552,1
DA:553,1
DA:554,1
DA:555,1
DA:556,1
DA:557,1
DA:558,1
DA:559,1
DA:560,1
DA:561,1
DA:562,1
DA:563,1
DA:564,1
DA:565,1
DA:566,1
DA:567,1
DA:568,18
DA:569,18
DA:570,68
DA:571,68
DA:572,2
DA:573,2
DA:574,1
DA:575,1
DA:576,13
DA:577,13
DA:578,13
DA:579,13
DA:580,13
DA:581,21
DA:582,19
DA:583,21
DA:584,18
DA:585,21
DA:586,18
DA:587,18
DA:588,13
DA:589,13
DA:590,14
DA:591,14
DA:592,14
DA:593,14
DA:594,2
DA:595,12
DA:596,14
DA:597,14
DA:598,14
DA:599,14
DA:600,14
DA:601,14
DA:602,14
DA:603,13
DA:604,13
DA:605,13
DA:606,1
DA:607,1
DA:608,1
DA:609,1
DA:610,1
DA:611,1
DA:612,10
DA:613,10
DA:614,10
DA:615,10
DA:616,11
DA:617,11
DA:618,11
DA:619,48
DA:620,48
DA:621,46
DA:622,46
DA:623,46
DA:624,46
DA:625,48
DA:626,10
DA:627,10
DA:628,10
DA:629,10
DA:630,10
DA:631,10
LF:631
LH:625
BRDA:19,0,0,5
BRDA:29,1,0,7
BRDA:30,2,0,5
BRDA:23,3,0,3
BRDA:24,4,0,0
BRDA:25,5,0,1
BRDA:26,6,0,2
BRDA:26,7,0,1
BRDA:26,8,0,0
BRDA:40,9,0,6
BRDA:49,10,0,3
BRDA:50,11,0,2
BRDA:52,12,0,1
BRDA:54,13,0,5
BRDA:55,14,0,3
BRDA:55,15,0,2
BRDA:62,16,0,6
BRDA:67,17,0,7
BRDA:69,18,0,1
BRDA:69,19,0,6
BRDA:72,20,0,0
BRDA:73,21,0,0
BRDA:76,22,0,11
BRDA:78,23,0,7
BRDA:79,24,0,6
BRDA:83,25,0,7
BRDA:84,26,0,5
BRDA:88,27,0,8
BRDA:93,28,0,7
BRDA:95,29,0,1
BRDA:95,30,0,6
BRDA:104,31,0,6
BRDA:143,32,0,32
BRDA:151,33,0,2
BRDA:151,34,0,0
BRDA:156,35,0,2
BRDA:162,36,0,36
BRDA:165,37,0,4
BRDA:165,38,0,32
BRDA:168,39,0,1
BRDA:168,40,0,31
BRDA:171,41,0,2
BRDA:173,42,0,29
BRDA:173,43,0,1
BRDA:175,44,0,28
BRDA:177,45,0,0
BRDA:177,46,0,31
BRDA:181,47,0,2
BRDA:181,48,0,29
BRDA:182,49,0,1
BRDA:182,50,0,28
BRDA:172,51,0,3
BRDA:174,52,0,2
BRDA:175,53,0,31
BRDA:179,54,0,36
BRDA:186,55,0,15
BRDA:195,56,0,19
BRDA:196,57,0,18
BRDA:196,58,0,1
BRDA:197,59,0,17
BRDA:197,60,0,6
BRDA:200,61,0,13
BRDA:203,62,0,0
BRDA:206,63,0,13
BRDA:210,64,0,42
BRDA:211,65,0,13
BRDA:215,66,0,13
BRDA:224,67,0,10
BRDA:228,68,0,1
BRDA:229,69,0,9
BRDA:233,70,0,14
BRDA:234,71,0,14
BRDA:234,72,0,1
BRDA:218,73,0,90
BRDA:221,74,0,90
BRDA:225,75,0,3
BRDA:253,76,0,31
BRDA:255,77,0,3
BRDA:255,78,0,28
BRDA:257,79,0,7
BRDA:257,80,0,21
BRDA:259,81,0,3
BRDA:259,82,0,18
BRDA:261,83,0,4
BRDA:261,84,0,14
BRDA:263,85,0,3
BRDA:263,86,0,11
BRDA:264,87,0,9
BRDA:264,88,0,2
BRDA:268,89,0,5
BRDA:272,90,0,10
BRDA:273,91,0,2
BRDA:273,92,0,8
BRDA:275,93,0,5
BRDA:278,94,0,5
BRDA:281,95,0,0
BRDA:283,96,0,2
BRDA:292,97,0,4
BRDA:296,98,0,5
BRDA:297,99,0,2
BRDA:298,100,0,1
BRDA:298,101,0,4
BRDA:300,102,0,4
BRDA:302,103,0,28
BRDA:316,104,0,6
BRDA:320,105,0,9
BRDA:321,106,0,2
BRDA:321,107,0,7
BRDA:327,108,0,11
BRDA:328,109,0,8
BRDA:329,110,0,7
BRDA:326,111,0,20
BRDA:326,112,0,18
BRDA:332,113,0,8
BRDA:333,114,0,10
BRDA:347,115,0,10
BRDA:361,116,0,11
BRDA:362,117,0,2
BRDA:362,118,0,1
BRDA:363,119,0,9
BRDA:351,120,0,11
BRDA:352,121,0,1
BRDA:352,122,0,10
BRDA:354,123,0,4
BRDA:354,124,0,1
BRDA:354,125,0,9
BRDA:355,126,0,3
BRDA:355,127,0,6
BRDA:356,128,0,4
BRDA:356,129,0,2
BRDA:356,130,0,4
BRDA:357,131,0,3
BRDA:357,132,0,2
BRDA:357,133,0,3
BRDA:357,134,0,1
BRDA:375,135,0,9
BRDA:375,136,0,0
BRDA:410,137,0,39
BRDA:411,138,0,3
BRDA:411,139,0,36
BRDA:413,140,0,3
BRDA:413,141,0,2
BRDA:413,142,0,34
BRDA:415,143,0,585
BRDA:416,144,0,14
BRDA:417,145,0,20
BRDA:421,146,0,0
BRDA:420,147,0,40
BRDA:425,148,0,5
BRDA:429,149,0,27
BRDA:431,150,0,26
BRDA:431,151,0,1
BRDA:431,152,0,26
BRDA:432,153,0,24
BRDA:435,154,0,24
BRDA:436,155,0,21
BRDA:444,156,0,7
BRDA:452,157,0,171
BRDA:456,158,0,170
BRDA:448,159,0,1
BRDA:466,160,0,31
BRDA:467,161,0,3
BRDA:467,162,0,28
BRDA:468,163,0,3
BRDA:471,164,0,1
BRDA:474,165,0,25
BRDA:475,166,0,24
BRDA:475,167,0,1
BRDA:479,168,0,11
BRDA:481,169,0,0
BRDA:487,170,0,1
BRDA:487,171,0,10
BRDA:491,172,0,6
BRDA:510,173,0,36
BRDA:511,174,0,5
BRDA:512,175,0,1
BRDA:514,176,0,0
BRDA:521,177,0,13
BRDA:527,178,0,24
BRDA:528,179,0,1
BRDA:528,180,0,23
BRDA:530,181,0,125
BRDA:531,182,0,19
BRDA:532,183,0,10
BRDA:536,184,0,23
BRDA:537,185,0,4
BRDA:540,186,0,2
BRDA:543,187,0,12
BRDA:543,188,0,0
BRDA:544,189,0,1
BRDA:564,190,0,18
BRDA:568,191,0,18
BRDA:569,192,0,68
BRDA:570,193,0,16
BRDA:571,194,0,2
BRDA:575,195,0,13
BRDA:580,196,0,21
BRDA:581,197,0,20
BRDA:581,198,0,2
BRDA:581,199,0,19
BRDA:583,200,0,1
BRDA:583,201,0,18
BRDA:585,202,0,14
BRDA:585,203,0,18
BRDA:589,204,0,14
BRDA:593,205,0,2
BRDA:594,206,0,12
BRDA:600,207,0,0
BRDA:590,208,0,4
BRDA:604,209,0,8
BRDA:611,210,0,10
BRDA:615,211,0,11
BRDA:617,212,0,1
BRDA:617,213,0,10
BRDA:618,214,0,48
BRDA:620,215,0,47
BRDA:620,216,0,46
BRDA:621,217,0,45
BRDA:621,218,0,44
BRDA:621,219,0,4
BRDA:622,220,0,42
BRDA:623,221,0,44
BRDA:625,222,0,10
BRDA:628,223,0,44
BRDA:629,224,0,36
BRF:225
BRH:211
end_of_record
TN:
SF:src/lib/blocked-companies.ts
FN:11,getBlockedCompanies
FN:34,isBlocked
FNF:2
FNH:2
FNDA:6,getBlockedCompanies
FNDA:11,isBlocked
DA:1,1
DA:2,1
DA:3,1
DA:4,1
DA:5,1
DA:6,1
DA:7,1
DA:8,1
DA:9,1
DA:10,1
DA:11,1
DA:12,6
DA:13,5
DA:14,5
DA:15,5
DA:16,5
DA:17,5
DA:18,5
DA:19,6
DA:20,2
DA:21,2
DA:22,2
DA:23,3
DA:24,3
DA:25,4
DA:26,3
DA:27,3
DA:28,3
DA:29,3
DA:30,1
DA:31,1
DA:32,1
DA:33,1
DA:34,1
DA:35,11
DA:36,11
DA:37,11
LF:37
LH:37
BRDA:11,0,0,6
BRDA:12,1,0,2
BRDA:12,2,0,5
BRDA:12,3,0,1
BRDA:19,4,0,2
BRDA:21,5,0,1
BRDA:22,6,0,3
BRDA:24,7,0,4
BRDA:34,8,0,11
BRDA:36,9,0,16
BRDA:36,10,0,10
BRF:11
BRH:11
end_of_record
TN:
SF:src/lib/tokens.ts
FN:17,tierColor
FNF:1
FNH:1
FNDA:36,tierColor
DA:1,1
DA:2,1
DA:3,1
DA:4,1
DA:5,1
DA:6,1
DA:7,1
DA:8,1
DA:9,1
DA:10,1
DA:11,1
DA:12,1
DA:13,1
DA:14,1
DA:15,1
DA:16,1
DA:17,1
DA:18,36
DA:19,36
DA:20,1
DA:21,1
DA:22,1
DA:23,1
DA:24,1
DA:25,1
DA:26,1
DA:27,1
DA:28,1
DA:29,1
DA:30,1
DA:31,1
DA:32,1
DA:33,1
DA:34,1
DA:35,1
DA:36,1
DA:37,1
DA:38,1
DA:39,1
DA:40,1
DA:41,1
DA:42,1
DA:43,1
DA:44,1
DA:45,1
DA:46,1
DA:47,1
DA:48,1
DA:49,1
DA:50,1
DA:51,1
DA:52,1
DA:53,1
DA:54,1
DA:55,1
DA:56,1
DA:57,1
DA:58,1
LF:58
LH:58
BRDA:17,0,0,36
BRDA:18,1,0,2
BRF:2
BRH:2
end_of_record
